WalletConnect/walletconnect-example-dapp
trustwallet/trust-wallet-ios
ethereum/meteor-dapp-wallet
xilibi2003/Upchain-wallet
rainbow-me/rainbowkit
coinbase/coinbase-wallet-sdk
WalletConnect/web-examples
aragon/use-wallet
ethers-io/EthersWallet-ios
GokiProtocol/walletkit
trustwallet/tokens
dynamicstrategies/cardano-wallet-connector
starknet-io/get-starknet
tahowallet/extension
youwallet/wallet
balance-io/balance-wallet
viaprotocol/web3-wallets
terra-money/wallet-provider
Giveth/giveth-dapp
lhalcyon/dapp-wallet-demo
southex/SimpleWallet
family/connectkit
SoulWallet/smart-contract-wallet-4337
near/wallet-selector
AlphaWallet/alpha-wallet-ios
radek1st/time-locked-wallets
ChainSafe/filsnap
RootSoft/walletconnect-dart-sdk
blocknative/web3-onboard
Web3Auth/web3auth-docs
tomw1808/truffle_eth_class1
valora-inc/dapp-list
MetaMask/Add-Token
TokelPlatform/tokel_dapp
RabbyHub/Rabby
GoodDollar/GoodDAPP
airgap-it/beacon-sdk
coinbase/wallet-mobile-sdk
felipecsl/churras
torusresearch/OpenLoginSdk
svelte-on-solana/wallet-adapter
nanexcool/defi18n
TenKeyLabs/dappwright
vechain/thor-sync.electron
enkryptcom/enKrypt
dapperlabs/dapper-contracts
TxnLab/use-wallet
torusresearch/torus-website
jspruance/faucet-dapp-starter-code-connect-wallet
akropolisio/web3-wallets-kit
HydroProtocol/hydro-sdk-wallets
Shaivpidadi/NFT-Dapp-Boilerplate
lky1001/tron-android-wallet
DappPocket/Ethereum-Wallet-SDK
matter-labs-archive/FranklinPay-iOS
radek1st/uport-time-locked-wallets
chyiiiiiiiiiiii/dapp_to_wallet
randlabs/myalgo-connect
cobowallet/CoboSDK-Android
Wallet3/Wallet3-Desktop
ETHAdminCORP/Wallet
cobowallet/CoboSDK-iOS
dapplets/tipping-dapplet
z3us-dapps/z3us
abdulmalik97/walletconnect-react-native-moralis
madfish-solutions/templewallet-dapp
pink-room/walletconnectkit-android
Morpher-io/MorpherWallet
a-mitani/simple-ether-wallet
block-wallet/extension
burner-wallet/sample-wallet
alicedapp/alice-react-native
leadwallet/LEAD-Stake-DApp-Backend
kentimsit/cronos-dapp-basic-3
nsjames/Scatter
gochain/flutter_web3_provider
ZHUIMEN/vue-cli-plugin-web3modal
kong-org/halo-verify-web
tahowallet/taho.xyz
bitlogik/pyWalletConnect
unchained-capital/bitcoin-multisig-older
petejkim/cipher-ethereum
jiazechen/mds-ethjs
web3-wallet/web3-wallet
rentfuse-labs/neo-wallet-adapter
urmybestfriend/blockchain-walletConnect
coorful-cloud/DappFramework
nightowlcasino/dApp-connector-react-package
Bitlits/Crypto-Wallet
HTMLCOIN/althash-web-platform
EOSMore/morewallet.js
NonceGeek/Tai-Shang-NFT-Wallet
TP-Lab/scatter-demo
dappforce/dappforce-substrate-multisig
Auguron/sol_dapp_flutter_example
Emurgo/dapp-connector-web
Kerala-Blockchain-Academy/SmartKYC
celo-org/celo-monorepo
AmbireTech/wallet-dapp-catalog
TP-Lab/Mobile-SDK
alcuadradotech/walletconnect-cdn-example
Daudxu/eth-wallet-modal
Cocos-BCX/wallet_Invoker
airgap-it/beacon-ios-sdk
particl/particl-desktop
shahjadsunny/wallet-connect-dapp
paritytech/polkadot-onboard
mytonwalletorg/mytonwallet
eccentricexit/simple-wallet
ecency/ecency-vision
Agoric/dapp-fungible-faucet
Kryptic-Inc/ArchX-Wallet-Dapps
kentimsit/cronos-wallet-connections
talentlessguy/awesome-defi
cennznet/singlesource-extension
coin-worx/ether-wallet
GuiBibeau/wen-tools
JianBinWu/Wallet-iOS
novasamatech/nova-wallet-dapp-js
destrys/ethereum-multisig
glow-xyz/glow-js
parity-js/dapp-wallet
fjij/kangaroo
sudaoxyz/web3-puppeteer
dcSpark/cardano-caniuse
paritytech/dapp-wallet
DePayFi/widgets
ethereumproject/meteor-dapp-wallet
GetAurox/Aurox-Wallet
dydxprotocol/walletdirect
mashharuki/WalletProject
phantasma-io/Poltergeist
algorand-devrel/demo-counter-walletconnect-react
airgap-it/beacon-android-sdk
ashleshsortee/time-lock-eth-wallet
5daytech/udex-app-android
InfiniteAengus/simple-wallet
smbsp/importantdapps
mercuzzi/Pureon-Android-App
claudebarde/taquito-beacon-tutorial
tahowallet/taho-dapp-integration-samples
GitLeandroHub/flutter_ethereum_web3_dapp
gconnect/AlgorandReachReactWallet
pedrouid/walletconnect
pirl/Oystr
kaymomin/Starterkit-Crowdfunding-dApp
Envoy-VC/boilr3
ray-network/raywallet-app
SenderWallet/sender-wallet-dapp-example
cypherpunk99/dapp-browser
ismagin/waves-wallet-dapp-demo
brave-experiments/meteor-dapp-wallet-prebuilt
make-software/casper-wallet
nymlab/vectis
cscoderr/crypto_wallet_app
dominant-strategies/quai-snap
porter-finance/frontend
gregsantos/flow-walletconnect-v2-react-dapp
liusong1111/keypering
AsaoluElijah/next-ethers
mcgraneder/Etherem-MultiSigWallet-Dapp
Chia-Network/chia-wallet-connect-dapp-test
jellydn/wallet-connect-app
radixdlt/wallet-sdk
airgap-it/beacon-example-dapp
baking-bad/beacon-dotnet-sdk
Tevin-Isaac/Dacade-Celo-Bookshop-Dapp
pirl/Oystr-Wallet-dApp
rilwan99/Solana-Wallet-Dapp
SmartAgentProtocol/SmartAgents
akinncar/frogchain
getwax/bls-wallet-billboard
moinulmoin/ether-wallet
Muhindo-Galien/Yob-Ticketing-dapp
facebook-developer-circle-delhi/Smart-Wallet
chainx-org/chainx-wallet-dapps
broxus/ever-wallet-browser-extension
2gatherproject/open-super-dapp-android
Suvraneel/NFT-Emporium
bitstashco/BitStash-Android-Wallet
blockservice/blog
chainx-org/chainx-dapp-wallet-v2
SVOIcom/browser-extension
multiversx/mx-sdk-js-wallet-connect-provider
multiversx/mx-sdk-js-hw-provider
monomadic/solana-tokenlist
ca333/atomicDEX
ethereumproject/dapp-styles
persistenceOne/persistenceJS
signupcash/signup-core
kmyw/React-Native-Dapp
likecoin/likecoin-wallet-connector
solarwallet/solar-wallet-stable
JalelTounsi/DappBoilerplate
dapphub/dapple-wevm
DogethereumProject/meteor-dapp-wallet
dappley/dappley-java
unicape/use-wagmi
hedera-dev/multi-wallet-hedera-transfer-dapp-js
provenance-io/walletconnect-js
mcgraneder/Youtube-MultiSigWallet-VideoCode
makkii-dev/makkii
spacesuit-extension/SpaceSuit
virtualeconomy/v-browser-ext-wallet
WaltonChain/waltonchain-wallet-android
Observbsc/Observ-Token-and-Wallet-Tracker
delphi-labs/shuttle
Daudxu/dapp-wallet-modal
g45t345rt/dero-rpc-bridge
filecoin-project/filsnap
abridged/web-wallet-frame-sdk
elachating/elachat
Monarch717/Solana-Gaming-Dapp
BitPortal/bitportal-client
aptos-labs/petra-wallet-types
BraisCabo/Decentralized-Crypto-Casino
SilentCicero/meteor-pocketbook
citahub/cyton-dapps
bsisic/nfight
safudex/neologin
MiCurran/Nextjs-Cardano-DappWallet-Boilerplate
tesseract-one/Tesseract.rs
nicholaspai/upgradeable-erc20-dapp
cryptobuks/zkWallet-contracts
naji0329/Deposit-Withdraw-ETH
airgap-it/beacon-debug-wallet
iotexproject/iotex-dapp-sample-old
madfish-solutions/counter-dapp
kambria-platform/kambria-wallet
CasperDash/useWallet
needly/lynx-chain-example-dapp
ethercore/meteor-dapp-wallet
pirl/meteor-dapp-wallet
knnlrts/simple-multisig-wallet
NEAR-Hispano/4myFuture
dappsinc/dappsuite-wallet
ontio-cyano/cyano-bridge
starc007/web3-wallet-connect
extraton/dapp-vouch
JCCDex/jcc-moac-multisig-wallet
Noah180/wallet-Dapp
clxyder/walletconnet-react-native-cli
konio-io/konio-dapplist
nanofuxion/arjs-react
MAYLOL/maylol-wallet-ios
AlphaWallet/WalletConnectDeploy
consenlabs/imkey-manager
RayOshow/eosDappWallet
CryptoDappRun/Bitcoin-Signer-Wallet
PlatONnetwork/WalletConnect-Example
WilfredTA/token_mint
planethouki/nem2-test-dapps-wallet
w3vm/w3vm
parami-foundation/apps
dt6120/Marketplace-Dapp
Vitomir2/dApp-web3-wallets
hedera-dev/multi-wallet-hedera-transfer-dapp
TanglePay/TanglePay-SDK
freitasgouvea/deed-angular
amitkarpe/donate
multiversx/mx-sdk-js-web-wallet-provider
sambitsargam/my-wallet-Dapp
natclark/safari-wallet-test-dapp
FundRequest/vesting-wallets
Bundler-Wallet/bundler-wallet-extension
dappcenter/FluxWalletMe
xboston/metahash-dapp-with-javascript-connect-example
WTFAcademy/0xAA-Wallet
poplocker-dev/wallet-dapp
perawallet/pera-demo-dapp
ExzoNetwork/Exzo_Wallet_dApp_Icons
ronanyeah/solana-connect
SachinCoder1/FullStack-Decentralized-Lottery-Application
PravicaInc/walletify-js
kyawsanoo/WalletConnectApp
rust-master/solana-dapp-anchor
damla/connEth
desmos-labs/walletconnect-examples
ronnycoding/dreamstack-react
erdDEVcode/erdbox
manifoldfinance/walletbus
LIT-Protocol/pkp-walletconnect
sendnodes-io/sendwallet
nakov/client-side-ethereum-wallet
jacob-tucker/flow-dapp-emulator
imthatcarlos/multisig-wallet-dapp
Chris39704/EthWallet
multiversx/mx-sdk-js-extension-provider
cradleengine/sdk
batcoder1/flashWallet
kambria-platform/capsule-wallet
SmartChainX/SMX-Wallet
doyensec/wallet-info
carlosamcruz/BCAPP
StringTheory69/McDapp
bagaking/eosplayer
ysongh/Nft-Showcases
rhizome-labs/icon-cli
Ahbari-M/wallet-dapp
decent-dao/wallet-provider
decent-dao/wallet-provider
cxinping/PointWallet
alessandrokonrad/ethereum-funding
jajanjawa/wvex
AxLabs/neo-tutorial-wallet-ans
WaltonChain/waltonchain-wallet-ios
AleRapchan/stop-loss-bot
youchainhq/youwallet-app
ziad-saab/snappy-recovery
RiteshPuvvada/Rust-Calculator-in-Solana
MIMIMoney/MiMiMoney-dApp
vigvamapp/vigvam
tesseract-one/dev-wallet
daniel-farina/vuejs-dapp-boilerplate
fhrryDeveloper/walletkit_dapp_solana
davidsoft318/meteor-dapp-wallet
ExzoNetwork/Exzo-Wallet-dApps
evilgon/solana-dapp-wallet-connection
dapperlabs/dapper-wallet-support
renzo4web/multipass-wallet-dapp
motionnPath/TriWallet_hackodisha_DApp
rishavchatterje/My_Dapp-Bitcoin-Wallet
Trent122/Dapp-Wallet-Master
asqisys/newrl
hexwalletapp/dapp
capt-nemo429/eip12-types
anshmishra010/Mutual-Wallet
better-dart/pkg
namptit/dApp
vineetaparodkar/wallet_connect_sample
0xRobinR/core-dapp-sdk
Ricechainorg/Wallet
sagarjethi/distribute-token-to-multiple-address
metalentco/solana-bullherd
infinitumwrld/web3-Dapp-Project
ShainDholakiya/HyperverseStarterDapp-ConnectWallet
LedgerHQ/AppConnect
kwonnaseong/kwonnaseong.github.io
PatrickNiyogitare28/flutter-cryto-wallet-ui
Emurgo/dapp-example
tomteman/attendr
DLC-link/dlc-stack
tonkeeper/tonkeeper-web
anspar/wallet
fabianbormann/cardano-peer-connect
kykungz/crypto-wallet-changer
BlockwideTeam/gamechanger-dapp-cli
dataverse-os/dataverse-connector
certhis/CERTHIS-WALLET
mohindar99/Wallet_Integration
RootSoft/web3_walletconnect
topcook/cronos-dapp-basic
kaymomin/multichain-defi-board-dapp
tuduweb/DApp-wallet-project
DiademNetwork/fluneumora
Linxyfinance/Wallet-ID
Sarah-HM-96/Wallet
papyrusglobal/wallet
indranil316/wallet1
solana-philippines/solana-paper-wallet
GhosTHaise/Krypt-wallet-2023-Dapp-by-ghost
tingyusu1786/dapp
thirdweb-example/gnosis-safe
brendansiraky/cardano-dapp-connector-backend
brendansiraky/cardano-dapp-connector_DEPRECATED
thelonehegelian/6_ether-wallet
Dnyaneshwar-dev/DappWallet
devmodaction/DappWallet
JasonZhouPW/dappWallet
Dappwallet123/DappWallet
adykor/dappWallet
loobj126/DappWallet
samigabor/flipper-dapp
reecejohnson/rainbowkit-wallet-connect
mastershashank/walletDapp
jyu520/walletDapp
anuxander/WalletDApp
NewEconoLab/WalletKeeper
TalaoDAO/beacon
SnowyField1906/Dimension-Wallet
Seth-McKilla/nfty-wallet
masaun/walletConnect-ticketing-dapp
priyaindrani1/DApp_wallet
LouinGreen/Dapp-near
TheLootBox-xyz/TheLootBoxWallet
youzi20/dapp-wallet
juchain/dapp-wallet
himang305/Universal-Wallet---ICO--Eth-Transfer
williangrios/Dapp6-EtherWallet
lucadonnoh/dappTokenWallet
Saksham010/DYOR
Gimmi7/walletconnect-dapp
williangrios/Dapp13-MultisignWallet
MultiVault/dapps
olfrank/MultiSig_Wallet
dhruvinparikh/enzyme
SumanChakraborty1998/MultiSignerWallet
playzero/loot-macos
Tefaia/Mongoose-Wallet
fabianbormann/cip-0045-demo-implementation
AndreyVol/ether-simplewallet
desdmax/naswallet
YouStock/meteor-dapp-wallet
bnenu/sigure
alekscp/multisigwallet
kangchihlun/etherspot-wellet-example
Udassi-Pawan/wallet-dapp-frontend
RanaRabees/connect-wallet-dapp
earthwallet/bitcoin-dapp-template
DAB-Foundation/DAB-Foundation.github.io
fchainio/firefly-examples
SaboteurR/FamilyWallet
Udassi-Pawan/wallet-dapp-backend
simonfuture2/futureWallet
randylien/walletconnect2-dapp
ManueleNolli/ExpoDapp-WalletConnect
Hakeem00001/WalletConnect-
adityataday/WalletConnectivity
jackwrapus2016/WalletConnect-
toluwanicareer/cc_wallet
pshilyaev/FamilyWallet
Hakeem00001/WalletConnect
Sparsh09/Wallet_Dapp
sb-saksham/ether-wallet-dapp
WISEPLAT/meteor-dapp-wallet
Agupane/wallet-selector
alegaio7/multisig-wallet
UsamaRashid/WalletConnect-Dapp-mobile
electrons500/WalletApi.With.Dapper
tolak/use-polkadot-wallet
balag3/Angular-Ethereum-Wallet-Connector
Musashi13/HELP
raghav-rama/starknet-wallet-connect
vitbutapps/mEOS-iOS
xus84/wallet_connection
leeduckgo/punk-wallet
CatWallet/cat-wallet-ios-2nd-edition
Jusharra/dapp_wallet
nixjs/coin-dapp-wallet-list
Morphe3us/dApp-eth-wallet
blueghost56/meteor-dapp-wallet
kranthicodes/multisig-wallet-eth
fateme1071/dapp
Hakeem00001/WalletConnect1
eduadiez/DAppNodePackage-cosmos
novasamatech/nova-wallet-astar-dapp
dexopensig/opensig-dapp
benjaminharringtonrose/dapper-wallet
NaughtyOwl/dapp-projects
IKIL-Workspace/BLC-Dapp
dharmaprotocol/dapp-wallet
itx-shoaib/DappWalletNode-web3
PeerPiper/iframe-wallet
Daniel-Ozori/Dappy
gfdgdfgterter/walletConnectV2DApp
vladkashka56/Dapp_MoonCrash_WalletConnect
danielbolee/DappID
zskyfall/MultiSigWallet
vol4tim/dapp-wallet
Kds-JS/Wallet-Dapp
DonJ92/walletconnect-example-dapp
kevinyours/Smart-Wallet-UI
ironBankNetwork-Developers/iron-Alpha-Wallet
EnebeliEmmanuel/consense-wallet-ui
nordicenergy/Wallet-DApp
dezzzus/walletconnect-dapp
Slipromise/wallet-dapp
shivaganesh96/Wallet-DApp
js-dist-paritytech/dapp-wallet
tetcoin/dapp-wallet
DappCensus/Dapp-Wallet
TheDanielsdev/Dapp-Wallet
akshatgupta-1/Wallet-DApp
outsource-dao/wallet-dapp
JO-OLADEJI/dapp-wallets
ek3nk4r/dapp_wallet
tetcoin-staging/dapp-wallet
MhAhmadAli/dapp_wallet
aximas/dapp_walletconnect
danibachsl/dapp_wallet
won-js/walletconnect-dapp
Usman-CrYpToo/wallet-dapp
benywan/dapp-wallet
AbdulRafaySiddiqui/dapp-wallet
3ating/wallet-dapp
aximas/dapp_walletconnect
danibachsl/dapp_wallet
furyaoff/wallet-dapp
hmfaisals/walletconnect-dapp
dushkoklandev/walletconnect-dapp
DebRohan/Dapp-wallet
Mberic/wallet-dapp
Teamwork-of-3001/Wallet-Dapp
TR-1000/wallet-dapp
Gabrinto/wallet-dapp
vladlenskiy/wallet-dapp
ASKIOUBRAHIM/wallet_Dapp
tgoky/Wallet-Dapps
sanjay8bisht/wallet-dapp
adityaviki/Ethereum-Wallet
regis-fontaine/wallet-dapp
BenBktech/DAPP-WALLET
crytoplus/dapp-wallet
BIGITA/Dapp-Wallet
NishuSinghal/Wallet_Dapp
UnsignedInt8/BrowserWallet
sambacha/expo-walletconnect
kallol-alite/wallet-poc
CMU-Blockchain-Club/dappStarter
hedera-dev/cra-hedera-dapp-template
zeus-fyi/defi
hastangbugoya/MyDappApplication
cryptobuks/multisig-wallet-dapp
vincentOpenSource/Multi-blockchainDappDemo
shhrikatta/flutter_dapp_wallet
JoseRamirezAyala/wallet
gear-foundation/dapps-multisig-wallet
redesblock/Wallet
proto-chain/wallet
ahmetson/mobile-dapp
batcoder1/walletview
ItsAshrafSyed/audify_dapp
uthercoin/meteor-dapp-wallet
projectNEWM/cardano-dapp-wallet-connector
robmoorman/ledger-react-dapp
kaleidochain/dapp-time-locked-wallet
Prasenjit43/walletconnect
KaydeeJR/10-Academy-web3-dApp
pooriagg/Ledger-App
vitmin/cardano-test
fluent-wallet/avatar
inviti8/hvym-wagmi
Anunnakill/Wallet-ethers-next
ballzcoin/ballzwallet-dapp-wallet
lin-crypto/dapp-boilerplate-reactjs
jonpurdy/enzyme-website
andriidev0z/xVerse-BtcWallet-Connect
zihuatanejp/eth-wallet-js
kimsol1126/myEtherWallet_Web
NderKev/SmartWallet-Dapp
inedjosh/dapp-app
sumukus/gcitCert
Derauche/Test-DApp
SugamKuber/SOL_DAPP
Spes-Protocol/dapp-starter
CoongCrafts/playground-dapp
VeronicaT2021/dapp30-day6-ether-wallet
VeronicaT2021/dapp30-day13-multisig-wallet
elementrem/meteor-dapp-wallet
darekaze/dapp-connect-demo
Coding4Toon/toon-dapp-wallet
ManueleNolli/ExpoDapp-WalletConnect-Ethers-Hardhat
Nitro888/dApp-Alliance
kevinyours/Smart-Wallet
claudebarde/wallet-utils
seokheejang/walletconnect-sample
GabsZero/ethereum-wallet
petermartens98/Web3-Lottery-dApp
alub-ts/tesing-dapp
mankenavenkatesh/MultisigWalletDapp
akorunska/eth_wallet_dapp
tetcoin/meteor-dapp-wallet
chadracelis/Elastos.Trinity.DApps.Wallet
rzumbado/eth-wallet-dapp
AmirDiafi/ethereum_wallet-DAPP-
securewalletrevalidate/walletconnect-examples-dapp
xus84/dapp-token-wallet
Devrax/personal-wallet-dapp
hassantauqeer/ST-wallet-dApp
anshbahl4/Dapp_Decentralized-Wallet
snsakib/walletconnect-next-dapp
IanZimprich/Dapp-Fionix-Wallet
happydev101/wallet_kit_dapp_solana
ChungNguyen97/dapp-example
soneryildirimx/simple-dapp
SolarRepublic/wallet-apps-registry
Zxu49/DemoDapp
Ether1Project/meteor-dapp-wallet
abhilash-pinapaka/Dapp-MultiSIgWallet
combchain/meteor-dapp-wallet
Ethersocial/meteor-dapp-wallet
SpaceGoat97/MicroDApp-Wallet
circlesland/o-dapp-wallet
EdgarBarrantes/walletconnect-example-dapp
vaibhavaggarwal4/ethWalletDapp
defiforyou/dAppWalletUtils
hboisgibault/shared-wallet-dapp
burdianov/multisig-wallet-dapp
faizanahmadgit/Muti-Wallet-Minting-Dapp-
waleed677/Stoic-Wallet-React-Dapp
DDWorld-dev/front-dApp-wallet
swayamduhan/connecting-wallet-to-dapp
ajayfaul/wallet-integration-dapp
radumojic/walletconnect-dapp-template
joytrinh/metamask-dapp
SGX21/Dapp_Lottery
ethgamble/gamble-wallet-dapp
AICHAIN-CORE/meteor-dapp-wallet
christabelazura/walletconnect-example-dapp
satoshistackalotto/Ethereum_wallet_Dapp
soft-proactive/meteor-dapp-wallet
Umer27/MultiSigWallet-Dapp
MavericksFive/Second-Dapp_EthereumWallet
anhquoc92/Wallet-Connection---Dapp
DhruvalGolakiya/dapper-wallet-storefront
franfernandez20/hedera-walletconnect-dapp
Professors-Guild-DAO/Dapp-Wallet-Connector
Smithyalan/dapp-wallet-connect
IanZimprich/Dapp-Yootribe-walletconnect-project
Purusuchit/Decentralised-wallet-dapp
xiw022/myFirstDappWallet
struena/meteor-dapp-wallet
sandeepmanvar/Tron-Shared-Wallet-DApp
nimra-tariq/connect-wallet-dapp
petermazzocco/buddy-wallet-dapp
DeCanDid/mainnet-wallet-dApp
ThanhDatwd/dapp-connect-wallet
francosion042/React-DAPP-Wallet-Connection
Jaimeloeuf/Gasless-Magic
alexvandesande/meteor-dapp-wallet-static
EarthDollar/ed-meteor-dapp-wallet
uuyu-g/test-dapps-wallet-sample
VictorONN/smart-contract-wallet-dapp
rasmusWU/Dappy-crypto-wallet
thoan34/Simple.dApp.Wallet
ineedpizzaeveryday/dApp_wallet_token
Clearshine64/walletconnect-example-dapp
BlockchainFreak/DAPP-MultiSignature-Wallet
Harshiv07/mock-dai-wallet-dapp
bitlands/dapp-wallet-bridge
hgraph-io/hedera-walletconnect-dapp
Majumder99/multi-signature-wallet-dapp
VictoriumProject/meteor-dapp-wallet
Sacronux/walletconnect-example-dapp
hiddenroadss/dapp-sharedWallet
WazowM/SSS-dApps-Wallet
Success0452/crypto_wallet_dapp
AtlasHoldsDevelop/viteconnect-dapp-wallet
gemstackio/initial-wallet-dapp
Lucent0x/LUCID-WALLET-DAPP
BillyZen/multi-sig-wallet-dapp
adiig7/CoffeeByWalletDapp
DASUCCESS/crypto-wallet-dapp
shawnowi/walletconnect-example-dapp
tetcoin-staging/meteor-dapp-wallet
taranchik/dapp-choose-wallet
mikedotexe/sender-wallet-dapp-example
heysourin/Multisignature-Wallet-Dapp
pankajraow/multisignaute-wallet-dapp
Ghostsmaw/Walletless_Dapp_flow
rilindn/nodejs-walletconnect-dapp
Smithyalan/dapps-wallet-authentication
chemudupatiks/MultiSigWalletDapp
nuclearprotocol/walletconnect-example-dapp
faizanahmadgit/Multi-Wallet-Minting-Dapp
Chibueze-Adeyemi-Ajayi/FlutterWalletDApp
gitHub-4-adis/Ethereum-Wallet-Manager-DApp
mujahiddmalikarain/Wallet-connect-to-dapp
tukgas/crypto-wallet-dapp-resources
dapperlabs/dapper-wallet-collections
KyongHoonLee/walletconnect-example-dapp
letthemusicpay/dapper-wallet-integration
stoneymike/dapps-wallet-authentication
marjorie-n/dAppWalletEth
Smithyalan/dapps-encrypted-wallet
Chia-Network/walletconnect-rpcs-dapp
HiteshMittal07/basicWalletDapp
oldhand7/walletconnect-sample-dapp
DAB-Foundation/dab-dapp-wallet
Jahsus/dApp-wallet
mynamezxc/walletconnect-example-dapp
vladikopl01/Connect-Wallet-Dapp
kharioki/walletconnect-rn-dapp
Shabair/MultiSigWallet_Dapp
theoDELAS/dapp-wallet-ethereum
chenyu1120/walletconnect-dapp-on-algorand
blake-regalia/wallet-dapps-registry
KonstantinZhukovskij/wallet-connect-dapp
bonkrat/dapp-wallet-login
evilmao/Ethereum-dapp-wallet
Taburu/ballzwallet-dapp-wallet
Babyqoo/meteor-dapp-wallet-20180313
AmazingBeerBelly/walletconnect-example-dapp
vapory-legacy/meteor-dapp-wallet
chainx-org/chainx-dapp-wallet-bug
nghminh163/Wallet-Connect-DApps-Android
daeshawnballard/solana_wallet_airdrop_dapp
ianbrdeguzman/solana-wallet-dapp
57blocks/dapp-wallet-connect
spade69/wallet-dapp-demo
antonyayoub/MultisigWallet-DApp
Smithyalan/dapps-wallet-auth
IanZimprich/Dapp-Next-Crypto-Wallet
SwetaKryptoblocks/meteor-dapp-wallet
chengfenlu/Meteor-dapp-wallet
zrincin/MultiSigWallet-dapp
Shubhamkr13/Decentralize-Wallet-Dapp
mashharuki/SolanaWalletDApp
bitherhq/meteor-dapp-wallet
viraj124/MultiSig-Wallet-Dapp
ZigaPotrebujes/dapp-MultiSig-wallet
szleoyangyueyun/walletconnect-example-dapp
andreypostal/shared-wallet-dapp
songyaoshun/wallet-test-dapp
muhammedkurtulus/wallet-dapp-test
adaryss/connect-wallet-dapp
curiositykills642/shadowWallet-dapp
thanhtamv2t/fin-wallet-dapp-test
Santhosh302002/wallet-dashBoard-Dapp
mashharuki/SuiWalletDApp
FredLC29/my-dapp-wallet
TRScan/walletconnect-example-dapp
bellmorecode/CommunityWalletDapp
mipa23/MyWallet-DApp
KimCookieYa/flutter-wallet-dapp
loktioncode/wallet-whitelist-dapp
Rana0001/E-wallet-DApp-
vinodgi/Dapp-Your-Wallet
marjorie-n/dApp_wallet_token
Tzunami/meteor-dapp-wallet
vapory-staging/meteor-dapp-wallet
cryptolandtech/dapp-wallet-util
420Integrated/meteor-dapp-wallet
bhargav55/Dapp-with-Portis-Wallet
BLOCKCHAINDEVWEB/dapp-eth-wallet
Chibueze-Adeyemi-Ajayi/btc-wallet-dapp
aximas/Dapp_with_walletconnect
RuslanMikailov/test-walletconnect-integration-dapp
mujee7/Wallet-Connect-Dapp
minkyung01/wallet-dApp
HoangYGG/wallet-connect-dapp
nhtung96/simple-wallet-dapp
Kds-JS/wallet_Dapp_Starknet
jeeanribeiro/firefly-wallet-connect-dapp
dapperlabs/dapper-wallet-restrictions
matiassequeira/walletconnect-v2-dapp
agoric-labs/dapp-react-wallet
akkySrivastava/dApp-wallet-connect
phongnhat19/kiss-wallet-dapp
nwalo/connect-dapp-wallet
JoeChouHearts/walletconnect-dapp-demo
sahilrajput03/dapp-multisig-wallet
hero0629/walletconnect-example-dapp
SeongHo-Won/walletconnet-example-dapps
Prasanna0o0/ETH-WALLET_BLOCKCHAIN-DAPP
Mehboob-Hassan/Wallet-Details-DApp
Lucent0x/Lucidity-Wallet-Dapp
krutikJain/flutter-wallet-dapp
supreme0408/MyEtherWalletDAPP
keepresolve/Multi-wallet-dapp
fairDataSociety/Fairdrive
AliErcanOzgokce/OZER-Wallet
parity-js/dapp-develop
BitskiCo/example-backend-dapp
Adage-Smart-Contracts/Adage_ERC20_Wallet-dApp
maobushi/push-dapp-group-wallet-address
kroim/MinimizedWeb3Wallet
civicteam/solana-wallet-adapter-test
sbalcin/dappwallet
has9800/w3wallet
kuoabu/eth-hot-wallet
syedsimanta03/multi-signature-wallet
Phinetwork/phi-wallet-android
zxpectre/cardano-gc-helios-dapp
sero-cash/emit-wallet-to-popup
JamesVorder/dapper
sultyl/Dappsconnecttsync
lipengfei0539/MultiSigWallet
gravityblast/tap-wallet-pos
goldennetwork/golden-wallet-react-native
token-bank/EthersWallet-ios
gareys-cb/example-dapp
router-protocol/router-wallet-module-react
Hakeem00001/fantastic-octo-wallet-
damianobacchin/SharedWallet-client
SJS-31/Connect-WEB3-Wallets
xgocn/Jax-Wallet-Android
Luanxing/react-native-wallet
alimansour0002/multi-signature-wallet
Python-David/portfolio-multi-sig-wallet
Nonnyjoe/Solana-Connect-Dapp
BitPortal/bitportal-dapp-api
Seanih/web3_dapp
thisisanhle/Front-end-dApp
lin-crypto/dapp-boilerplate-nextjs
lordmen99/flutter-ethereum-dapp
marcopestrin/my-first-dapp
EntryDevOps/WebPage-dApp
praizoh/whitelist-dapp-fullstack
Kxkee/Multisig-dApp
taijusanagi/react-native-dapp-browser
AfroLabsInc/Cross-Platform-DApp-Wallet-Connector
rodrigopavezi/time-locked-wallet
RedBullWeb3/MetaMask-wallet
lewis-algo/simple-reach-dapp
Prabhdyals/Cryptocurrency-Wallet
chendinh/walletconnect-session-url
Tidelaw/token-display
emg110/algorandqrcode
reyraa/walletConnect
iKausik/DApp-for-onChain-wallet
Asif12as/BasicWALLET-CONTconnection_withDAPP
alymurtazamemon/ethers-wallet-dapp-solidity-hardhat
4shreyas5/tezos-dapp-with-integrated-wallet
thelebster/flow-dapper-wallet-sample-app
archlife-industries/walletconnect-expo-react-native-dapp
topintel/dapp-demo-react-wallet-connect
flairxy/day13_multisig_wallet_dapp
MuhammadZubair210/Phantom-wallet-Dapp-solana-transfer
eraykisabacak/first-ethereum-wallet-connection-dapp
daniserafs/simple-dapp-coinbase-wallet-sdk
Lucent0x/LUCIDITY-WALLET-DAPP-V2
LinKenCong/dapp-erc20-wallet-swap
Charlie85270/conflux-wallet-connect-dapp-exemple
chatpuppy/keyringTest
rohan-201/aptos-wallet-connection-for-dapp
mathijs81/tokenblend
denismp/mi4-exercise7
saklani/wafer-connect
JJ-Top/Dapp2-ConsultaETHWallet
jkur312/Whitelist-Dapp2
LocksmithWallet/locksmith-app
devonwesley/miwok-desktop-app
Jacquelinevv0693/Ether-Solidity
kayhanozturk/Simple-dApp-with-MetaMask
rayGreycloud/time-safe
Bloinx/bloinx-mobile
Andres-Andretti/Lottery-DApp
haitruonginfotech/eoswallet
ludyfrl/MetaToken
bskrksyp9/eosagnular
syedsimanta03/dex-openzeppelin
anukulpandey/solana-phantom-connect
gitter-badger/aiwa
AICHAIN-CORE/nodemodules-aichain-bignunberjs
stream-protocol/payment-dapp
hxrii/tezos-tutorial
WalletZkApp/wallet-ui
ANMOLCODES/DappBoard
simonfuture2/rWAllet
jikdo/wallet-view
Sachinkry/DApp-Voting
MingJing2015/NAS-Wallet
wangchungeng/walletconnect-example
Galapagous/Musa-DApp
fabcotech/dapp-miniwallet
yekta-yengi/Basic-Dapp
honsmart/ReactDapp
AamirAlam/dapp-starter
ontio-cyano/dapp-store
Chrissy1209/dapp-app
System-in-a-System/EtherExchange---Ethereum-DApp
AudouxH/react-native-dapp
deep1172/Blockchain-Projects
Moonlightwsn/walletConnect2.0Vue3DappDemo
mohammadameer/wallet-connect-dapp-with-sahal-wallet-deep-linking
carlosamcruz/DDAPP
nyabongoedgar/WalletConnect
NicoDFS/qtum-light-wallet
ryanswrt/walletconnect-erc20-approval
urmaliyadivyanshu31/Wallet-v2
ankitboghra/walletconnect-web3modal
HarryET/walletconnect-bsv-poc
iyidaclem/learnable_wallet_connect
CodeHadIt/bitcoin-wallet-modal
Raymond-Yun-WM/wemix-wallet-sdk-js
ksridharbabuus/cardano_wallet_connect
tokenfly/wemix-wallet-sdk-ios
hmandiv/wallet-connect-and-execute
0xclem/wallet-connect-l2
kharioki/Celo_Marketplace_DApp
JamesSmartCell/Dapp-Test-Site
pollum-io/pali-demo-dapp
JohnVersus/simple-aptos-dapp
davidkhk/dk-crypto-dapp
Nightwing627/dapp-minting-react
flotea-io/eth-node
tokenfly/wemix-wallet-sdk-android
sallamy2580/flow-client-library
Mhd-a8203/Freelancer-DApp-frontend
Willzxxz/BMAC-dapp-rainbowwallet
seetam-cto/web3-dapp-connect-wallet-react
bedirkoc/Shopyverse-Ton-dApp
builde7b0b/4cs-dapp
hinterlist/starterra-tool-dapp
mohammad-ammad/web3-ecommerce-dapp
JacquesReynolds/web3_dapp
Jeanclaudeaoun/react-native-dapp-explorer
ZeroxFactory/ICO-Launchpad-Dapp
bethanyuo/client-wallet
killingman21/walletconnectdapp
harshnambiar/walletflow
kentimsit/cronos-wallet-connections-v3
Blocktopus/blocktopus-guard
WilfredAlmeida/SolFlixPrimeDappIdentity
uuyu-g/nem2-test-dapps-wallet-ts
ylrhcha/https-github.com-BenBktech-DAPP-WALLET
yn2415/Auction-Dapp-on-CCN-and-Ale-Wallet
nixjs/e2e-omega-wallet-test-dapp
rohan-201/Phantom-wallet-cpnnect-to-native-dapp
instawallet/weaveid
HicoMcD/Crypto-Gifts-To-Minors-Wallet-Dapp
tigerkig/Dapp_sample_starter-connect-metamask-wallet-
iamhimmat89/04_eth-wallet-web3.js-dappblocks
westonnelson/faucet-dapp-starter-code-connect-wallet
lvanyal/lvanyal.TrustWalletDAppTest.github.io
KIET7UKE/Huddle01-ChainAgnosticWalletDapp
Aiseluck/MultiSig-Wallet-Dapp_Front_End_Project
ensbot/ensbot-teslafunds-meteor-dapp-wallet-teslafunds
MonicaWu123/Auction-DAPP-on-CCN-and-Ale-Wallet
IanZimprich/Dapp-QRKITA-Token-Wallet-LandingPage
GonGopal/Brave-Wallet-Manually-Connecting-to-dApps
Inurria979/sub-lesson10-connectDapptoWallet
0xsergen/ens-dapp-tutorial-lw3
AdinaFakih/Web3_dApp_automation
vanshika-srivastava/Biconomy-WalletConnect-Alpha
jitendragangwar123/Crowd-Sale-ICO-Dapp
Kayuii/wallet
paniaguaadrian/nft-marketplace
bethanyuo/voting-dApp
technophile-04/MultiSigWalletCreator
suhasranganath/MultiSigWallet
AtDinesh/ENS_dapp
dapperlabs/WalletConnectSharpV2
yraeonti/Whitelist-Dapp
Fincor-Blockchain/extension-dapp
rohithrajasekharan/blockathon-dapp
fdpilkington/tipjar-dapp
isaac613/opensea-dapp
goulinkh/simple-dapp
rohithrajasekharan/blockathon-dapp
fdpilkington/tipjar-dapp
isaac613/opensea-dapp
goulinkh/simple-dapp
GaloisField2718/faucet-dapp
akhil2015/dapp-store
pratikjariwala29/Whitelist-Dapp
ian038/whitelist-dapp
AICHAIN-CORE/dapp-styles
kingsmandralph/First-Dapp
anikethsaha/DAPP-Demo
ceasar28/Simple-DApp
balusio/Dapp-center
victometer/EthereumDApp
Shinarium/shina-wallet
kinggigo/daon-wallet
palomachain/wallet-provider
davidsoft318/use-wallet
0xkairem/wallet-boilerplate
Dipankar-Medhi/shared-wallet
isaccanedo/use-wallet
Andy-Waine/ether-wallet
obilekwu/Sui-wallet-
BALAVIGNESHDOSTRIX/TrustWallet
galenhwang/ethWallet
bittuBS/Decentralized_Wallet
TeamRaccoons/sherlock-wallet
whitelabel-market/wallet-connector
romulloqueiroz/portfolio_mobile-web3_dApp
Mhezron/blood-donation-dApp-on-NEAR-protocol
Aboudoc/MultiSig-Wallet-v2
rgm93/ReWallet
ldsanchez/smart-contract-wallet-se
stargaze-network/stargaze-wallet
secureauth3/web3-cloud
Charlez91/moralis-dapp
chainbow/chainbow_docs
HugaidaS/multisig-project
OCC-Coin/Test-network-core-DAPP
davidnallapu/DutchAuctionDapp
clooneyr/send-algo-dapp
tnkerer/xdc-dapp-scaffold
zengbing15/webview-docs
lamberjack/angular-metamask-dapp
AzureKn1ght/Web3-Solana-Dapp
Kerala-Blockchain-Academy/Certificate-Dapp-V2
0xAnon0602/Reef-Disperse-Dapp
4shreyas5/Tezos-DApp-Template
0xTDF/Allowance-dApp
gitalvininfo/Angular-Ethereum-Dapp
0xdev01/NFT-explorer-dapp
s-m-art/klaytn_hack_dapp
AkshatRepo/Conference-Booking-Dapp
designisO/dChatter-dApp
dylanintech/WavePortal-dApp
GerGodfrey/DApp_Vending_machine
suhasBR/solana-dapp-starter-kit
VibelandInc/dApp-Development
MarcusviniciusLsantos/simple-nft-using-dappkit
jaensen/circles-dappcon-tools
donatedTunic1290/CryptoWallet-Basic
Zataxo/crypto-wallet-dashboard
Anmolnoor/solana-wallet-playground
FantasyGold/FGCLite
vimworldinc/nufinetes-link
robynstanco/aether
LaunchPADInc/lnch-org-wallet
skia-wallet/skia-wallet-min
clint911/Solidity-wallet-connect
bransundae/SolanaWalletAndroid
