Kwenta/kwenta
SafeMarket/dapp
DistributedCollective/Sovryn-frontend
tarekskr/Dapp
clovers-network/clovers-dapp
rigelprotocol/SmartswapDappV2
sigillabs/mobidex
gelatodigital/gelato-uniswap
tytzM17/Lokian.eth
samarth30/Decentralized-Trading-Platform
honungsburk/atomic-swap
gnosis/pm-trading-ui
doctorfree/Cryptocurrency
NightCodeRiper/DEX-Triangular-Arbitrage-Bot-V5-JavaScript
ConsenSysMesh/dex-mobile
susmit/ERC721-fullstack-Dapp-Tutorial
Alpha-Serpentis-Developments/Project-Mimic
pswild/p2p-energy-dapp
Obalfour/CryptoPokes
TXFTR/JavaScript-v4-Front-Running-Bot-for-DEX
WFTGYC/DEX-Triangular-Arbitrage-Bot-with-JavaScript-v4
nawab69/escrow-dapp
tytzM17/bsc.lokian.monster
yurigabrich/microgrid-dapp
mtegarsantosa/nft-dapps
DEXEOS/dexeos-embed-trade
Usman75/order-x
Itheum/data-dex
ravsodhi/pokemon-dapp
duyquoc1508/land-trade
ravsodhi/pokemon-dapp
duyquoc1508/land-trade
DarinJoshua-dev/Real-Trado
yan-man/virtual-power-plant
shakhruz/angelfarmers-ui
OpenDive/KawaiiBattleRoyaleSwitchBullet_Dapp
bonedaddy/go-compound
HarryR/shwop
Fintech-Collaboration/vixx-token-dapp
cherylkw/defi-dex
scorelab/NFT-Toolbox
ILESKOV/LeskoDEX
florianmaxim/XGold
tytzM17/Lokian.monster
JiagengDing/FTGP-Group2
nionis/bancor-liquidity-transfer
daniel-xyz/trading-card-factory
LeverCapital/dApp
garythung/enscafe
parsaaba/Escrow-Dapp
yutoJ/tradingToken
Flash-Git/Arca
Lexxeous/basic_zombie_dapp
seadonggyun4/Tech-Trading-Dapp
nenadpnc/defi-trading
King-Wuda/trading-bot
zkSoju/project-ether
mc8na/decentralized-exchange
PPentakotaBC/EOS-Energy-DApp
Devilla/Pokemaster
asussman74/StockBit
atlantis-ATIS/atlantis
hi-woody/turing_monsters
ericbrown99/decentralized-memery
Imhotep6228/DappU_Trading-Bot
vladkashka56/Dapp_TradingviewChart_binance
tkdans7589/real-estate-dapp
tari404/dapp-copyright
cexles/trading-smart-contracts
Psionyc/aggregator-app
0xCryptoAngel/nft-analysis-app
JohnMichael746/DApp-DEX
therealjf/dApp-Sec-Project
ekfkawl/ethereum-margin-trading-dapp
olejardamir/hertzTrade
senikk/tradeDapp
YONGBAAM/dapp-starter
dareedyone/crypto-exchanger
akhoshrozeh/tokenTrade
ISHaNT-CHaHaR/Crypto-MON
tothepoweroftom/coffeeconomy
jjarz/nft-recipes
4siteweb/usunlimited
bee-force/phygital-bee-token2
walshe/dapp-token-exchange
Fox-House/my-web3-dapp
raychan3690/Dapp-OptionTradeSim
AminKhorramii/token-swap-dapp
Tianreagon/Web3.0-DApp-TradingPlatform
Jesserc/AnimeCollectibles
Jcheng777/EnergyTrading-dApp
ajaysethi8789/TicketTradingCorDapp
vladkashka56/Dapp_Tradingview_XTB
winjit-technologies/EnergyTrading-Dapp
alpha-warrior/netflix-trading-Dapp
InfoNight/coupon-trading-dapp
FutureMfana/info-trading-dapp
kingdavid2022/Options-trading-dapp
nikhil061102/Energy-Trading-dApp
vatsrounak/Energy-Trading-Dapp
DamasBuffy99/landTrading-dApp
ThomFDV/Blockchain-ETH-Trading-Dapp
DamasBuffy99/dand_Trading-dApp
RitvarsZ/AudioDAPP
rohithrajasekharan/blockathon-dapp
ShantanuNy/NFT-DApp
VigneshShanmugam91/My-DAPP
AwaisG/P2P-green-energy-trading-dapp
laguilar359/SleeperToken_SecurityTokenOffering
wmoik/Acropolis
JackAngle/erc20-ecommerce-app
ms309/Stock-trade
solaris-protocol/celo-margin
eqproject/eq-android
knnlrts/defi-dex
movingJin/power_market
AbeRajeev/atomic-swap-htlc
Karbonomy/karbonomy-dex
YunqiuXu/DecentralizedAlgorithmTradingPlatform
CypherBabel/Trading-chart-dev
Moliholy/ethereum-exchange
Ferv0r2/Kepler-Content-v2
Omribak/AgricultureBlockChainDapp
guilefoylegaurav/Ethernote
Martine2337/https-github.com-dappuniversity-trading-bot
Kexueyi/dApp_p2p_energy_trading
phatcats/cryptocards_contracts
Computable-Finance/CoFiX-V2.1
tripplyons/nft-call-options
FrankHold/DApp_SyntheticTrader
corollari/waifuchain
Hyperism/hyperism
wuddz-devs/wuddz-dapp
alan1603/Marketplace-dapp
pieterDekker/blockhain-trading-platform
UtkarshPathrabe/Crypto-Exchange-Uniswap-dApp
HimanshuShekher/ADEX-A-DApp-for-the-Decentralized-Marketplace
nehading/Renewa-Dapp
OCC-Coin/Test-network-core-DAPP
mbhatla/RealEstateNFTtokenDAPP
cortes-gerardo/espresso
Yoskele/Dog-NFT-Minting-Displaying
boakyeni/nft_royalties
scivanpoon/QuestsMatrix
utike/ebox
PXPAYEXTRA/PXPAYEXTRA
HardForksOverKnives/StableSwapper
YogaRecodingDNA/krypto-guruz
Link-Key/linkkey-app
mearafGitHub/NFT-Mint-And-Trade
PeterTF656/StarBurn
bzpassersby/bowzer-exchange
akib001/SyntheFI
mhar-andal/stock-forum-ethereum
dip3634/ChronosCapsule-DApp
chrismaree/GainsDapp
nikofebrianur/Land-Marketplace-Dapp
stalinMacias/DEX-for-ERC20-Tokens
CryptoDappRun/Token-Fund-Manager
calebanderson526/zk-trade-cred
popfendi/go-eth-utils
sravanpant/dbank-project
aboffa/COBrA-DApp
Oligbojulie/StructARTs-DApp
cryptogiddi/Hyperlocal-Dapp
rtu/pokemon-market
PowVT/BoxOffice
nwthomas/ethereum-stars
SrinivasJoshi/Music-NFTs
rahul0tripathi/bundlr-monorepo
sohomx/meme-coin-dapp
ac12644/Smart-Bank-LC-Workflow
Brotherhood94/COBrA_Dapps
aditya-anand-02/Trade-Finance-CorDapp-Blockchain-Corda
parthematics/cryptotitans
nebulaai/qaunt-ai
obinnafranklinduru/Decentralized-Exchange-for-BinnaDev
DTIV/viteXtrader
jyfcrw/kick-nft
krishnaacharyaa/agora-blockchain-marketplace
szabikaveres/dEX--Decentralised-Cryptocurrency-App
kasunkv/fair-trade-coffee
ant-vu/uniswap-v4
selendra/albazaar-apps
yandomingos/decentralized-exchange-a-project
Hack-Light/Decentralised-Exchange
ayush0121/nft_marketplace
syedazainab12/Trade-Lens
parkerb2001/chat-swap
dastageer-eth/CrpytoExchange
COURTNEYZANG/pyra-div-token
Cryptoaj-hack/DFDTOKEN
kcnucoin-loggi/kcnucoin-loggi.github.io
lokeshjoshi053/NFT-MarketPlace
KanalaHarika/Dsurv-Decentralised-Services
jafman/wisdom_4_sale_reach
ONE-Liquidity-DAO/bounties
nblickman11/dex-web-app
vhnatyk/ProjectCrowbar
simhaonline/Portfolio
Byzantine-Works/UberDEX
BastosDiana/diba-ERC20-token-dex
c2siorg/NFT-Toolbox
sabothomas868/AlphaWallet
jimi889/-jemmy89
highlink8/highlink.tech
peacockbsc/whitepaper
Mdshobu/Liberty-House-Club-Whitepaper
