buddies2705/dice
ThisIsCodeXpert/CodeXpert-Tron-Dice-Game-DApp-Tutorial-Series
sqfasd/asch-dice-game-dapp
y001j/SuperDice
iotexproject/roll-dice-demo-dapp
jamesmorgan/ethereum-dice-oracle-example
TopTen1004/DoubleDice-Platform
plasmadlt/Dice-dapp-frontend
iisaint/dice_oracle
TRON-DEFI/TRON-DICE
lukem512/smartdice
edulanasca/dice-game
chaseclark24/diceRoller
happybear1994/DiceRollApp
ThanhDuy-173/DiceDApp
NanoHux/dicewarnft
LeQuocHuy31/DiceDApp-master
Aveesh52-zz/TRON-Dice-game-dapp
rivermoon21/dapp-dice-game
dojinkimm/Dapp_dicegame
shaneaben/dice-dapp
vist0r/dapp_dice
potato-coin/dapp-dice
Suiroll/suiroll-dapp
Cruz-S13/Crap-a-Dappa
lion054/heswap-dice-dapp-master
tanmaysachan/dice-game-dapp
secretuniversity/secret-dice-dapp
bitfriend/heswap-dice-dapp
crowdbotics-apps/dice-dapp-1683
dhipgraby/ethereum-dice-Dapp
mayankmusaddi/liar-dice-dapp
Shriyanshidixit/Dice-Game---Blockchain-DAPP
sankalp0210/liars-dice-dapp
borncrispy/DAndDApp
wzrdcoding/FIND-SIX-DICE-GAME
kaganercelik/Dice-Roll
iisaint/etherDice
NatPDeveloper/example-monte-carlo-dice
Blockasino/dice-contract
patronus5/p2e-dice-smartgame
AkashV420/Liars-dice
a186r/ethereum-dice
devalpha18/ethereum-dice-oracle-example
acon024000/https-github.com-ThisIsCodeXpert-CodeXpert-Tron-Dice-Game-DApp-Tutorial-Series
pkdcryptos/ThisIsCodeXpert-CodeXpert-Tron-Dice-Game-DApp-Tutorial-Series
otakamrlw/gambling_dapp
plasmadlt/plasma-fairdice-contract
skreos/skreos
amazinyeshuwanna/amazinyeshuwanna-Amazin-Yeshuwanna-Money-The-Blockchain-Powered-Economy-Education-Board-Game-System-
