Hsiang-xxs/Auction
brynbellomy/solidity-auction
openberry-ac/Auction
paritytech/second-price-auction
ssteiger/Ethereum-NFT-Store-with-Dutch-Auctions
opencodeiiita/Auction-DApp
ac12644/Auction-Dapp
AkshataPuranik123/APS1050
BerkeleyBlockchain/auction-platform
DiaboFong/auctionDapp
iNDicat0r/mastering-ethereum-auction-dapp
AmazingAng/WTF-Solidity
Daltonic/dappAuction
formentor-studio/dapp-auction-with-bdd-cucumber
ciberexplosion/NFT-Auction-Marketplace
wschae/ethereumbook-auction-dapp
vardan10/cordapp-auction
heivenn/zk-blind-auction
tyedem/NFT-AuctionHouse
BitSavage0202/ships-log
kaymen99/MarketPlace-Dapp-V2
benjaminweymouth/NFT-Artwork-Auction-App
0xBear999/mint-auction-solana
porter-finance/frontend
ProjectOpenSea/ships-log
Chan-ZJU/Auction-Dapp
venture1981/NFT-Projects-Overview
zzz1ck/the-auction-dashboard
blockrockettech/ts-dapp
HarryxDD/auction-dapp
anbang/professional-solidity
ChainShot/Dutch-Auction-Hardhat
RalXYZ/ImageFlake
CryptoInsights/Dapp-ebay
MauriC94/NftMarketplace
next-lucasmenendez/auction-dapp
snehalkumar5/Auction-DApp
okeken/auction-dapp
ilovepgf/auction_dapp
anasshad/nft-auction
WhatTheFrac/fractioned-nft-auction-dapp
syedashar1/Hitman47-Dapp
Shivamnema/Auction-Market---Blockchain-Use-Case
TheChronicMonster/simple_nft_auction
akachi1409/AuctionDapp
NUS-Fintech-Society/BC_Auction
zeeshanhanif/auction-dapp
GunaShekar02/auction-system-demo-dapp
andybbruno/dApp_SmartAuction
brunoivancic/nft-auction-dapp
heykishan/Auction-DApp
tangzhongzhengReal/Eth-Ebay-Auction
devrdias/react-ethereum-auction
pavponn/unique-bid-dapp
Brij98/ethereum_auction_dapp
TaraTritt/dn-auction-dapp
hschickdevs/simple-auction-dapp
simeonkerkola/Auction
neelriyer/auction_dapp_chainlink_v2
nam-nguyen17/dapp-workshop
Marmik343/Dapps
Lutenruto/PA_2K21
RifqiErawan/Auctchain-First-Build
sonufrienko/auction-dapp
elisiojsj/Auction
rayklso/DApp-Auction
jrg-sln/auction
Amlathearyan/Auction
williangrios/Dapp26-AuctionEBay
darrell3001/auctionDapp
AbhishekAebi/AuctionDapp
Gourav029/AuctionDapp
OdionOseiwe/auctionDApp
EthanPlant/AuctionDApp
unix0r/AuctionDapp
nadeemb53/AuctionDapp
abrar-syed/auctionDApp
yozaam/AuctionDapp
ChenYizhu97/AuctionDapp
DAmicoGlc/AuctionDapp
reymom/auctionDapp
theiari/AuctionDapp
emmaodia/auctionDapp
zhaozicen1998/AuctionDapp
PrognosticatorR/auctionApp
JiayiZhong1/DappAuction
Ruggiero-Santo/DAppAuction
darrell3001/dappAuction
CLOWN-star/NTF-Auction
ChanMo/simple-auction
Xiongzj5/Eth
princeibs/blind-auction-dapp
kwoncharles/kwoncharles.github.io
fnkk/auction-Dapp
0xAnon0602/Reef-Auction-House
ChanMo/blind-auction
ningsihadityas/open-auction-dapps
freechainer/Ethereum_Auction
AnkitmB125/Auction-DAPP
MuhammadHammadAhmed/dartco-Auction-Dapp
arkanoeth/AlgoDappAuctions
akshit0201/Ballot-Dapp
JohelCastilloV/nft-auction-marketplace
lineagecode/animalExchange
hyperfekt/ethereum-auctions
bharat-sunny/DutchAuction
ShubhamPalriwala/Dapp-Auction
shintan777/Auction-Dapp
spandhanagk99/AuctionCreationDApp
BlockchainAuctionSystem/AuctionSystemDApp
ecorey/AuctionContractDapp
ecorey/auctionProxyDapp
NedelcuRadu/AuctionSystemDApp
masterpiece007/AuctionManagerDAPP
Bginna/CS458-AuctionDapp
Fu-Kai/DappAuctionKaiFu
Etienereum/ArtAuction-DApp
JiayiZhong1/AcutionDapp
sendmeat/SimpleAuction
abalshakou/english-auction-dapp
AHalic/Bid-Up
jordiguirao92/CarAuction_DApp
yjb94/auction-dapp
ahsan145ali/Msc_GroupProject
dhipgraby/Fuse-Auction-Dapp
prite36/smart-auction
asony03/Auction-DApp
gpagkalos/Dapp-Auction
mice-lounge/dapp-auction
Surya-sourav/Auction-Dapp
ahmed-develops/Auction-Dapp
TheLedgerOfJoudi/auction-dapp
edwardosindo/auction_dapp
oendnsk675/dapp-auction
Siva-Ganesh-07/Auction-Dapp
nayanjain540/AUCTION-DAPP
Exter-dg/Auction_DAPP
Chocoboeater/auction-dapp
ilovelili/auction-dapps
sreenith70/Auction-Dapp
qkdxorjs1002/dapp_auction
Ruthbuhriah/Auction-dapp
JoE11-y/Auction-dapp
jyogesh17/Auction-DApp
ic-for/auction_dapp
mashharuki/auction_dapp
f4raday/auction-dapp
GiaLuongNgo/Auction-Dapp
githb21/auction_dapp
Arthurgallina1/auction-dapp
nikhilvenkatkumsetty/Auction-DApp
gpgaikwad576/auction-dapp
tlylt/dapp-auction
amitbasuri/dapp-auction
Liano999/Dapp_Auction
Dreemsuncho/Dapp-Auction
gdixon/auction-dapp
sanniekwan1214/Dapp-Auction
ibraheemacamara/auction-dapp
PanosTsoukas/Auction-Dapp
RAUNAK-PANDEY/Auction-DApp
ckyriakos/auction-dapp
Kourouniotou/Auction_dapp
longnc100500/auction-dapp
Santhosh302002/Dapp-Auction
nobodie0raj/Auction-DApp
denizcan-yilmaz/Auction_Dapp
upendra2065/Auction-Dapp
shanstoppie/Auction_DApp
RaphaelNdonga/auction-dapp
samsonosiomwan/auction-dapp
anurag-git/Auction-Dapp
Yukui-1999/Auction_Dapp
SIRFITECH/auction-dapp
chowdharyniraj97/Auction-dapp
Suvadra-Barua/Auction-Dapp
gauravmeena41/auction_dapp
cosminlucian48/auction-dapp
betonajera9/auction-dapp
sunneyk/Auction-DApp
Yash4900/Auction-Dapp
petarmaravic8/auction-dapp
WuHengran/Auction-Dapp
GayathryS/Auction-Dapp
pycckuu/auction_dapp
ADI10HERO/Auction_Dapp
lischetti-lorenzo/auction-dapp
nana950819/auction-dapp
guzamaguza/Auction-Dapp
harshant/auction_dapp
UjjwalKarki93/Auction-Dapp
nuel-ikwuoma/auction-dapp
Throb688/Dapp--auction
vikramkarthikeyan/auction-dapp
LucasCouto287/Auction-DAPP
yektas/auction-dapp
NamDangg/Auction_Dapp
nwizu033/auction-dapp
gear-foundation/dapps-dutch-auction
liubq7/eth-auction-dapp
HenriARM/Auction-Dapp
secret-hammer/Auction_Dapp
alterthedeveloper26/dapp-auction
ahsan145ali/Auction-Dapp
UkemeSkywalker/Auction-Dapp
nvFede/auction_dapp
youssef760/dapp-auction
Highlander-maker/dutch-auction
Blockchain-Lighthouse/Smart-Auction_BE
Untouchable2k/ForgeDAPP
L-tech/Aunction-Dapp
kennym/ebay_dapp
black9/Car_Auction_React
dhipgraby/FuseAuction
AdugiBeyond/ECommercialAuction
kunals18/Auction_Ethereum
vnavascues/auction-platform
zzblock/SmartAuction
bytangle/blind-auction
tarvos21/auction-interface
alcalawil/NFT-Marketplace-DApp
ahsan145ali/Auction_Dapp_2
illinoisblockchain/vickrey-auction-dapp
LambdaVNC/Auction_dApp
Wayhone/FleaMarket_Dapp
illinoisblockchain/dutch-auction-dapp
shanstoppie/Auction-DApp-main
sbwengineer/auction-dapp-solidity-vue
ron062394/dapp-smart-auction
ts1702612/Auction-Bidding-Dapp
jameswyh/Open_Auction_Dapp
peilunnn/gcp-dapp-auction
georgebrown-blockchain-2019-2020/simpleAuctionDapp
FarrukhRZ/ChineseAuctionDapp
sreenith70/Auction-Dapp-for-Fundraising
talha-amin/NFT-Auction-Dapp
aoikurokawa/english-auction-dapp
kashyap-datta/dutch-auction-dapp
aaronko423/Vue.js-Auction-Dapp
Hung639/dApp-Auction
aoancea/dapps-auction-angular-client
darrell3001/auction-dapp-react
wikilele/dapp-smart-auction
CodeSik/Ethereum-Auction-Dapp
LuPoYi/auction-dapp-demo
nish20541/Chinese_Auction_dAPP
linnouw/React-Auction-DApp
atul90641/NFT_Auction_dapp
Bruno12221/nft-auction-dapp
prakharsr/chinese-auction-dapp
AnuragMunda/AdAuction-Dapp
michaelhly/cdp-auction-dapp
next-lucasmenendez/auction-dapp-client
davidnallapu/DutchAuctionDapp
vishedeep/Blockchain_Auction_DAPP
nikbhintade/dutch-auction-dapp
huynbgithub/Car-Auction-DApp
geastwood/cybex-auction-dapp-be
MonicaSai7/E-Auction-DApp
Hendobox/Blind-Auctioning-DApp
mixy98e/bct-auction-dapp
jaswindersingh2601/eAuction-Dapp
jkwiu/Auction-Dapp-Ethereum
maguroid/ad-auction-dapp
DipanshKhandelwal/CarAuction-Dapp
leodinh/simpleAuctionDapp
sh0ckou/simple_auction_dapp
RFARREY/PennyAuctionDapp
Klps-1248/Dapp-for-Auction
nwakaku/nft-auction-dapp
WijayaTimothyLarry/domainRegisterAuctionDApp
PaulineAnnBar/auction-dApp-Mantle
csu-anzai/CarAuctionDapp
infinith4/ethereumbook_auction_dapp
tuba-theProgrammer/Auction-Dapp-Project
linnouw/Ethereum-Auction-DApp
aduyng/stock-media-auction-dapp
shikher7/Chinese_auction_Dapp
user51484984564/ElectricityAuctionDapp
VaibhavAher219/Dapp-Auction-House
PeilinzhongZ/Go-Dapp-Auction
geastwood/cybex-auction-dapp
emmaodia/agoric-auction-dapp
datcrypto/pennyDappAuction
AXEwiges/NFT-Auction-DAPP
Sgarg4431/DutchAuction_Dapp
Chrisspotless/Dapp-Auction-NFT-
Sudeep-code-it/Auction_Dapp_Solidity
conghaonet/dapp_simple_auction
kuiqejw/Auction-Dapp-Solidity
Frenzoid/DAPP_AdvertisementAuction
talentjo/fractioned-nft-auction-dapp
isaozler/charity-auction-dapp
JiCodes/DutchAuctionDApp
knight474/horseauction
VijeyGanesh/blockchain-truffle-auction
akornato/nft-profile-auction
Caskia/Ethereum-Samples
sr2151/MartianMarket
ishaangupta2306/AuctionApp
whale-watching/TredDapp
allanokothdev/Decentralized-Blind-Auction
DucaturFw/modus_dapp
Apostrophe-Corp/0xAuction
moco-bunzz/bunzz-dapp-auction-erc721
hans101299/reverse-auction-dApp-backend
nwizu033/stackShift-2-auction-dapp
hans101299/reverse-auction-dApp-frontend
Gavcc1/Auction-Dapp-Frotend-in-React
eloramirez1356/frontendAuctions
hans101299/reverse-auction-dApp-contracts
AuxPlatform/auction-contracts
distractedm1nd/charity-auction
MohitDesabathina/Auction--Blockchain
alee-exe/solidity-Hybrid-E-Auction-dapp
saurabhsingh121/quorum-auction
austin-hwang/verichain
JamesC-1957/Dapp-Ebay-Tutorial
birkandenizer/conceptAuction
Al-Qa-qa/english-auction
Al-Qa-qa/dutch-auction
john082Coder/BunzzAuctionERC1155ModuleTest
Melo70015/frontendDutchAuction
PendelinP/SmartAuctionDemoBlockchainConf2018
MonicaWu123/Auction-DAPP-on-CCN-and-Ale-Wallet
yn2415/Auction-Dapp-on-CCN-and-Ale-Wallet
objectcraftworksblockchain/dapp-auction-multisig-escrow-ipfs-offchain
JonathanScialpi/Sealed-Bid-Auction-CorDapp-Beta3
truecode112/marketplace-dapp
Zerobeings/zerb-nft-marketplace
Anthler/smart-auction
romanoing/smart-auction
sohhar/auction-app
kunaal-gupta/SmartAuction
jack-ht/auction-contracts
wlwanpan/simple-market
Shah0912/Decentralized_market
MelikeBolen1/ICP-Bootcamp-FinalCase
opencrowd/Dragonglass-Hedera-Auction-Demo
notildore/smart_auction_DA2
Alexandre-MRG/Ethereum-SmartContract-Auctions
ziweidream/auction-market-ethereum
LkingForW/Solidity_Auction_Smart_Contract
SJuras/Solidity-Blind-Auction
Ruggiero-Santo/SmartAuction
thekinggpin/A-Smart-Contract-based-Blockchain-DApp-for-Auctions
HybridSwap/Python-set-up-for-creating-an-Auction-dapp
kunaldhongade/RURU
Parallax18/celo-bid
letsbet/letsbet-token
ernestognw/agromarkeet-DAPP
Diegoescalonaro/auction-truffle-box
YeexiaoZheng/DigitalWorkArtComissionAuctionPlatform
SJuras/Solidity-Basic-Auction
george-mathewk/Auction-House
Joseph-Gicuguma/NFT-Auction
rob-lw/rarecandy-tracker-frontend
akshay-azblock/MetaNFT
zoraarkus/Chores
anoanoano/nonomos
SolvedbySteve/CarBay
victoryfox19931116/Blockchain-Projects-Overview
NedimRenesalis/NFT-auctions-dApp-built-on-Web3JS-and-RedwoodJS
miceuud/nft-auction-test
Encheres/Encheres_Frontend
RYees/sealed_nftauction_eth
retconned/web3-penguin-house
MarkCBall/BlockHack2019
RichardPy02/decentralized_shop
bid-bit/bidbit.io
simhaonline/Portfolio
MarvelCinematic/mcu
MarvelCinematic/0x3c44f901a44825a13fce4948475a54acddb3ba81
Mdshobu/Liberty-House-Club-Whitepaper
