njaladan/Etherball
ankitkataria/Lottery-DApp
MineCoinChain/LotteryByETH
CleverProgrammers/lottery-dapp-youtube
rohitsethii/LotteryDapp
wangshijun/ethereum-lottery-dapp
yan-man/lottery-dapp
Daltonic/dapplottery
madhavtripathi05/dapp-lottery
loki-sama/solidity-lottery
vitorgamer58/lottery-dapp
HashFairGames/TheEthereumLottery
mds1/lottery-dapp-template
itxtoledo/lottery-dapp
valyndsilva/web3-dapp-crypto-lottery
senacor/SmartContractSlackDapp
xieyueshu/Lottery
Parsh/Lottery-DApp
Smartlinkhub/Lottery
paragchirde/vue-ethereum-lottery-dapp
strange-labs-uk/ethereum-raffle
HydroBlockchain/lottery-dapp
alexscheitlin/lottery-dapp
jimmychu0807/lottery-dapp
SachinCoder1/FullStack-Decentralized-Lottery-Application
berkerol/lottery
Cryptolotto/Cryptolotto
lifelottery/lifelottery.github.io
SwJay/Lottery
Encode-Solidity-Bootcamp/lottery-dapp
gyr0tron/Ethereum_Lottery
jimmychu0807/lottery-dapp-truffle
jimmychu0807/lottery-dapp-www
BramMathijssen/solucky-lottery-dapp-solana
100th-Monkey/TRON-Monkey
JoE11-y/Algorand-Lottery-DApp
svstoll/ethereum-lottery-app
StormKip/TRXED_Keno
karthikeya-kotegar/Lottery-Dapp
WaykiChain/DAPP-WaykiBet-And
OlexandrSai/NEAR--sample-lottery-frontend
Zy1920/lottery_dapp
SpasiboKojima/DApp-Lotto
freechainer/Ethereum_Lottery
nGoline/ether-lotto
nisib/ethereum-lottery-dapp
superdev422/LotteryDapp
liucuncong/Lottery-eth
DappsLab/DappsLab-SmartContracts
ericmoore123/Eth-Lottery-DApp
link78/plutus-bluesky
YashRgd/lottery-dapp
KennieHarold/lottery-dapp
rsoft-latam/blockchain-course-2022
cchencool/LuckyYou
EeshanDutta007/Lottery-Blockchain
niyas/lottery-dapp-ethereum
AnshuJalan/lottery-dapp-complete
xiaoping378/dappswin
midhxn/Solana-Lottery-Dapp
moonman369/Ethereum-Raffle-DApp
mkaya13/Solidity_Lottery_Dapp
Lu1z-Gust4v0/Dapp-Lottery
maxgrok/lottery-dapp
cislab-ntut/LotteryDApp
francesboc/LotteryDApp
fighting2021/lottery
amalcaraz/nuls-smart-lottery-dapp
Tyrese-BlockStacker/Lottery-DApp-Solidity
EnjoyDreamDev/Lottery_DApp
petermartens98/Web3-Lottery-dApp
Andres-Andretti/Lottery-DApp
ManoVikram/Lottery-DApp
albertorsesc/lottery-dapp
behagoras/lottery-dapp
SushantBabu97/Lottery-Dapp
gconnect/lottery-dapp
Mufaddal5253110/lottery-dapp
viannaandreBR/Dapp-Ethereum-Lottery-Contract
meetjain74/Decentralized-Lottery-DApp
duyyudus/megaloop-lottery
rounakdatta/eth-lottery
amazingfarooqq/lottery-pool-dapp
NexusSolutions/guitar-swap
mr-fool/Lottery
canbarinn/LotteryDappFullstack
Karam19/lottery-dapp
tomnyson/lottery
gab0071/lottery
slim-jemai/iExec-dApp
sdardew/lottery-smart-contract
gumdropsteve/Lottery
jooo0ooo/lottery-dapp
hellosumitg/smartcontract-lottery
thelonehegelian/1_lottery
watadarkstar/solidity-lottery
josevazf/ESBQ3-WeekendProject5_G6
annie1004619/lottery-dapp
marc23gold/hardhat-lottery
WangShayne/lottery
gokceoter/piyango
Wishtrader/lottery-dapp
DappLottery/lottery
rodrigossbcg/Weekend-Project-5-Encode-BootCamp
0xsergen/lottery-dapp-lw3
Yasir211/lotteryDAPP
kiraAdi/Blockchain-based-Smart-Contract-Digitized-Lottery-Scheme-
LuisDio/Dappdev2
tkddls8848/Lottery
Tharinducs/Lottery
ANMOLCODES/Lottery-Smart-Contract
Dmitx/QChain-Lottery
colomint/frontend-web
yash-0025/LotteryDapp
dlwltn98/lotteryDapp
xuhanfeng2219/lotteryDapp
Allamir/Lottery-Dapp
dmotz/ether-tontine
dladowitz/lottery
HigginTown/lottery
WildHashGhost-Cica/Lottery
juanmanavarro/lottery
deco1010/lottery
charlesarchibong/lottery_contract
DarkHorseCorder/Lottery-SmartContract-React-DApp-Tutorial
Sonubhagatpur/Solidity-LotteryApp
dohyungp/lottery-smart-contract
flairxy/day18_lottery
jonit-dev/lottery-react-client
yyubin/ethereum-lottery-dapp
dasom222g/lottery-smart-contract
anzal1/pokie-lottery
PTiagorio/web3-lottery
nuxxxx/eth_lottery
tomo93/crowdfunding-lottery-dapp
sdardew/lottery-react-app
belotter/belotter
catherinee24/Lottery-Dapp
Akash02032002/Tezos-lottery_Dapp
harshtalks/raffle-backend
kpryu6/hashlottery
PratapTyagi/LotteryDapp
Abinavmoto/LotteryDapp
iostate/LotteryDApp
dharmeshajudiya/LotteryDapp
adrian798/ethereum-lottery-dapp
pauloedspinho20/solidity-lottery
itrofyme/rottery-dapp
HanSu-yeon/lottery-smart-contract
mrshappy0/lottery-UI
Kwon1992/LotteryDAPP
mojowlekaz/LotteryDAPP
mpielvitori/lotteryDApp
ayushtiwari134/LotteryDapp
thisisamandang/cryptish-lottery-dapp
geethubala/LotteryDApp
ppolo23/LotteryDapp
carloskiron/lotteryDapp
rajpreet88/LotteryDApp
SkyWarrior123/lotteryDapp
lisun85/Lottery-Dapp
web3junior/Lottery-Game
RobertoC27/lotteryDapp
Shivam4819/LotteryDapp
UdaySinghBhati12/LotteryDapp
rishabhmthakur2/lotteryDApp
dayeong918/LotteryDapp
nukeTK/LotteryDapp
ChrisAbdo/LotteryDapp
dufnill/LotteryDapp
zain335/LotteryDapp
maxaleks/lotteryDapp
HeiniHeo/LotteryDapp
nntoan1997/lotteryDapp
lanrebayode/LotteryDapp
Anish0203/LotteryDapp
ashpreetsinghanand/LotteryDapp
ncs5306/lotteryDapp
SufyanAkram16/lotteryDapp
dewank07/LotteryDapp
ncs5306/lotteryDapp
SufyanAkram16/lotteryDapp
dewank07/LotteryDapp
Atabs0/LotteryDapp
Dwaipayan25/LotteryDapp
rishabhmthakur2/lotteryDApp
dayeong918/LotteryDapp
dufnill/LotteryDapp
nukeTK/LotteryDapp
ChrisAbdo/LotteryDapp
zain335/LotteryDapp
Hemashirisha/LotteryDAPP
protocolwhisper/LotteryDapp
himYadav07/LotteryDapp
tailup0/lottery-dapps
richardjohns/lotterysol-react
tkddls8848/Lottery-front
jaune24/lotterys
davidginesy/LotteryDapp
phantom0109/LotteryDapp
tampham47/lotte-fan
it-tash/lotteryWorkshop
JoYoungHun/LotteryDApp
dhruvramdev/LotteryDapp
lws1832/DappLottery
alexroan/EtherLottery
samkoh/dappLottery
DappFrank/DappLottery
k4dejo/dappLottery
DaniellFoncho/DappLottery
austineblaise/DappLottery
pangpangstudy/DappLottery
awesomeivan/lottery
nhanandrew/dapp-lottery
deusexmachina892/lottery-dapp
Nova-Mok/raffle-Dapp
Apostrophe-Corp/Lottery-DApp
Sett-Teta/lottery-dapp
0xhammadghazi/Lottery-Dapp
ndtr2000/Lottery-Dapp
DevABDee/Bingo-Dapp
higherminded1/MNlottery-DAPP
AnoopFranc/Infinity-Dapp
ys1111/lottery-dapp
gabrieltemtsen/polly-lottery
saitejakuruva/Lottery-Dapp
tomasroaldsnes/solidity-lottery
gummadikrishna/lottery-react
williangrios/Dapp18-Lottery
aryas006/LotteryApp
FidalMathew/LotteryGame
reemardelarosa/LotteryReactDApp
omk1r/Lottery3-dapp
lopo1/lotteryByEthDapp
midesofek/SmartContract-LotteryDApp
martinGlvn/dapp---LotteryWeb3
kartik990/Dapp-LotteryApp-Hardhat
ankitjha2311/lotteryDappBackend
prix0007/LotteryDappEth
uniqualitech/Blockchain-LotteryDapp
demirtasarkinbaris/Solana-LotteryDApp
TimurTaepov/LotteryDAPP_Instructions
youssefojeil/Lottery-dApp
Tanakpek/ether-lottery-dApp
vishnu1777/Dapp-Lottery-Hardhat
kwb020312/Lottery_Dapp
dEvFiRm-Ltd/lottery
Dapiguabc/lottery
jcarless/Lottery
luquisinger/lottery
Kyrrui/lottery
juanjones5/lottery
psuchecki/lottery
zhudamao-lu/lottery
nuel-ikwuoma/lottery
yaofeiliang/DappGameLottery
musta55/Lottery-DApp2
zrincin/Lottery-dapp
Preshy-Jones/Lottery-Dapp
Rafia-Shaikh-eng/Lottery-DApp-Blockchain
holyhansss/Lottery-Dapp
Ankur-1717/Lottery-Dapp
stvndf/lottery-dapp
ggogel/dapp-lottery
AdDY2508/Lottery-Dapp
XYaaaaa/lottery-dapp
Jay-Sojitra/Lottery-dapp
dipenkalsi/lottery-dapp
SanyamPunia/Lottery-Dapp
casweeney/lottery-dapp
SJuras/Web3-Lottery
AlRos14/manlyLotteryDAPP
noahfigueras/BlockchainLotto
wannesds/solidity-intro-lottery-update
Hess3000/blockchain-lottery
rogersebastiany/lottery-dapp
gitHubAndyLee2020/Lottery_React_Frontend
mosinve/cryptoLottery
Chouaib-Mrabet/Blockchain-Project
MohsinAliSolangi/lottery-dapp-V2
joaodman/simple-lottery-dapp
demirbey05/lottery-dapp-v1
mannyiagbayani/lottery-dapps
shivam017arora/Lottery-dApp
VeronicaT2021/dapp30-day18-lottery
shadab14meb346/Lottery-Dapp
mihir-ms/Lottery-DApp
holyhansss/Lottery-Dapp
Ankur-1717/Lottery-Dapp
stvndf/lottery-dapp
ggogel/dapp-lottery
AdDY2508/Lottery-Dapp
XYaaaaa/lottery-dapp
Jay-Sojitra/Lottery-dapp
dipenkalsi/lottery-dapp
SanyamPunia/Lottery-Dapp
casweeney/lottery-dapp
01edison/Lottery-dapp
mai23016/lottery_dapp
ashwin2003/lottery-dapp
musta55/Lottery-DApp
parik-shit/Lottery-Dapp
gmaz98/lottery-dapp
namKolo/lottery_dapp
cvang9/Lottery-Dapp
puneet333/lottery-dapp
AayushMohan/lottery-dapp
malaika22/Lottery-DApp
mektigboy/lottery-dapp
Josh-DeOke/Lottery-dapp
kennedyeruba/lottery-dapp
JeanVictorMachado/lottery-dapp
mohit98350/Lottery-Dapp
danushetti/Lottery-Dapp
Afaq-Ahsan/Lottery_DApp
Saikiran156/Lottery-Dapp
rohithsideshgari/lottery-Dapp
TegaEth/lottery-dapp
sugamxp/Lottery-Dapp
bhalgalix/lottery-Dapp
conqryash007/Lottery_Dapp
burakhotan/lottery-dapp
21900124/Lottery_dapp
yoguill/lottery-dapp
sagun7/dapp-lottery
HarshitSharma007/Lottery-dapp
vkuper77/lottery-dapp
whizkidefos/lottery-dapp
shivanshudev63/lottery_dapp
faixanmalik/Lottery_Dapp
VarunProhit/Lottery_Dapp
prathameshjchavan/lottery-dapp
jimit9/Lottery-DAPP
michaelbretagne/dapp_lottery
senyoudev/lottery-dapp
sjshank/Lottery-DAPP
unaigl/DApp-Lottery
weewey/lottery-dapp
ChristosPts/dapp-lottery
hoysal08/lottery_dapp
wenghaishi/Lottery-DAPP
alangenfelds/lottery-dapp
NickSingizwa/lottery-dapp
matteo-sku/lottery-dapp
enriqueiturriagaa/lottery-dapp
collinstb01/Lottery-Dapp
omk1r/Lottery-Dapp
kim-hyunjin/lottery-dapp
AsnaeSha/lottery-dapp
kashifmdkhan/Lottery-Dapp
Full-stack-Web-Dev-BD/lottery-dapp
kunal1purohit/Lottery-DAPP
aamir-067/Lottery-Dapp
Pulkit0103/Lottery-Dapp
3TERRRNITY/dapp-lottery
gaurav-gg/Lottery-Dapp
utpandey/Lottery-DApp
laripartanen/dapp_lottery
navin9000/lottery_Dapp
SaifulJnU/Dapp_Lottery
parkkunghyun/Lottery_Dapp
LSH7875/Dapp-Lottery
firdisml/lottery-dapps
Jackietan99/lottery-dapp
shivamchourasia233022/lottery-dapp
Anureng/lottery-dapp
tranminhkhoa/lottery-dapp
godwintrav/Lottery-Dapp
mgorem/lottery-dapp
kellyw1806/lottery-dapp
ddoktorski/Lottery-dapp
gyojinnK/Lottery_DApp
gaurav-gg/Lottery-Dapp
utpandey/Lottery-DApp
laripartanen/dapp_lottery
david-fang0621/lottery-dapp
navin9000/lottery_Dapp
shrry2/lottery-dapp
SaifulJnU/Dapp_Lottery
hieuhuynh-poc/lottery-dapp
pratyaksh123/lottery-dapp
easyhat/lottery-dapp
janasatya/Dapp-Lottery
HAPPYS1NGH/Lottery-Dapp
bcbc2398/Lottery-Dapp
0xNalvar/lottery-dapp
Haneul-Oh/lottery-dapp
Govindkoli07/Lottery_Dapp
izuchukwu-eric/lottery-dapp
SGX21/Dapp_Lottery
sanowar-dwn/Lottery-Dapp
rahuldey/lottery-dapp
dukealf/Lottery-DApp
Spireo/Lottery_dapp
Chhe-chinyong/Lottery-dapp
TusharSrii/Lottery-Dapp
thpa9933/lottery_Dapp
Meetg1/Lottery_DApp
kunaldo07/Lottery-Dapp
adimiuprix/lottery-dapp
eldnctlh/lottery-dapp
ShivaShanmuganathan/Lottery-Dapp
Gabriel-Mbugua/Lottery-DAPP
DeadmanAbir/Lottery-Dapp
nguyenhonglich111-1001/lottery_dapp
codificador21/Lottery-Dapp
olorunfemibabs/lottery-dapp
HarshitaSing/lottery-dapp
Shrey123ansh/Dapp_Lottery
snnbotchway/lottery-dapp
Dhruwang/lottery_dapp
Sj-001/lottery-dapp
LucasBitt7/lottery-dapp
jisu8110/Lottery-Dapp
PramodVemulapalli/lottery-dapp
mansanhg/lottery-dapp
fcarli3/lottery_DApp
trungnguyen25/lottery-dapp
captain-woof/lottery-dapp
NamDangg/Lottery-Dapp
alfredrodriguez98/dapp-lottery
AndreaBarra95/lottery-dapp
harissatti/lottery-dapp
Pmasquilier/lottery-dapp
jesusxy/lottery-dapp
musicslayer/lottery_dapp
RauhanAli/Lottery_Dapp
popstl/lottery-dapp
yethu-KL29/Lottery_Dapp
abdulhakim2902/lottery-dapp
kolexstrings/lottery-dapp
consensus-collective/lottery-dapp
pingrunhuang/lottery_dapps
hurricanenara/lottery-dapp
antonioplacerda/dapp_lottery
sambachimere/lottery-dapp
karsanU/lottery-dapp
ShauryaMagar/Lottery-DApp
ktsourdi/lottery-dapp
Unmesh28/lottery_dapp
kshvab/DApp-lottery
Norrismi/Lottery-dapp
Encode-Team-5/Lottery_dapp
vishrut66/Lottery-Dapp
Adarsh9708/lottery-DAPP
SouzaWander/Lottery_dapp
Bill-Adepoju/Lottery-DAPP
chudasamajd/Lottery-Dapp
Stavook/lottery-dapp
shadab14meb346/Lottery_dapp
thpa9933/lottery_Dapp
nguyenhonglich111-1001/lottery_dapp
codificador21/Lottery-Dapp
DeadmanAbir/Lottery-Dapp
Gabriel-Mbugua/Lottery-DAPP
ShivaShanmuganathan/Lottery-Dapp
eldnctlh/lottery-dapp
Meetg1/Lottery_DApp
adimiuprix/lottery-dapp
kunaldo07/Lottery-Dapp
olorunfemibabs/lottery-dapp
HarshitaSing/lottery-dapp
Shrey123ansh/Dapp_Lottery
snnbotchway/lottery-dapp
Dhruwang/lottery_dapp
jlech42/lottery-dapp
gforien/lottery-dapp
yourcodegone/lottery-dapp
VedantSeigell/Lottery-DApp
codinglife77/lottery-dapp
Cohey0727/lottery-dapps
sarthak13gupta/lottery-dapp
jonathan-macke/lottery-dapp
PushkarMishra15/Lottery-Dapp
ermalbujupi/lottery_dapp
cha777/lottery-dapp
metaphor07/Lottery-DAPP
nikhil12377/Lottery-Dapp
aniket-jha-byte/lottery-dapp
ajeetram/Lottery_Dapp
shadab14meb346/Lottery_dapp
theDefiBat/Lottery-DApp
deepprajapati18/lottery_dapp
RehanSheikh-eng/Lottery_Dapp
parva-jain/Lottery-Dapp
zk-glen/lottery-dapp
SukiratWarring/Lottery_Dapp
ChARCOOL/dapp-lottery
jogeshgupta963/lottery_dapp
usama-pixel/Lottery-DApp
yash251/lottery-dapp
W3dynamic/lottery-dapp
vinitshedekar/Lottery-DAPP
rshyong/Lottery-DApp
abhishektanwar/Lottery-dapp
mdsalik7/Lottery-DAPP
mmednik/lottery-dapp
ttury/lottery-dapp
nwizu033/Lottery-DApp
Rpqshka/Lottery-DApp
lovitolorenzo/Lottery_DApp
bobtips/dapp_lottery
bendrummond389/lottery-dapp
pankajrathore9599/Lottery_Dapp
leander006/Lottery-Dapp
Shyam-12/lottery-dapp
HANYONUJUN/Lottery-Dapp
digitalworld1028/Lottery_DApp
Madhur-Shrivastav/Lottery-Dapp
satyamasthanaa/Lottery-DApp
Mudassir45/Lottery-Dapp
pokhrelanmol/lottery-dapp
Taewoongjung/Lottery-Dapp
pedromnchunks35/lottery-dapp
tuannguyen1124/Lottery_Dapp
mehulsarda/Lottery-DAPP
jonhpark7966/lottery_dapp
Hazelwu2/lottery-dapp
elvind007/Lottery_DAPP
Ranjan-130201/Lottery_dapp
nupur06p/lottery-Dapp
ashutoshumar/dapp-lottery
blockchain1112/lottery-dapp
Majumder99/lottery-dapp
Hendobox/Lottery-DApp
bobbysierra/lottery-dapp
proazel/Lottery_DApp
Rabeebaqdas/Lottery_dapp
KcPele/lottery-dapp
beastrc/lottery-dapp
Rex-Arnab/lottery-dapp
emmaglorypraise/Lottery_Dapp
rupenjarsaniya/Lottery-Dapp
bskumawat09/lottery-dapp
EByrdS/lottery-dapp
wehypothetical/Lottery_Dapp
Siva-Ganesh-07/Lottery-Dapp
Rajvardhanthakur/lottery-dapp
AnantShukla22/Lottery-dapp
whitespur/lottery-dapp
Ritvikg08/Udemy_Lottery_DAPP
soutionscience/lottery-Dapp
mickeymond/lottery_dapp
zoe619/DAPP_LOTTERY
marwenkouidhi/lottery-dapp
DongheePaul/Lottery_DApp
jaewoneee/lottery-dapp
jonbrand/lottery_dapp
alquemiste55555/lottery-dapp
Khushi4Agrawal/Lottery-DApp
cjmcassar/Lottery_Dapp
Anish0804/Lottery-dapp
colinmfoster4723/Lottery-DApp
ashutzsh/lottery-dapp
StefaniaPozzi/Dapp-Lottery
Prakar-Gupta/Lottery-Dapp
prakhargvp/lottery-dapp
SuqingLiu/dapp_lottery
raunak123455/Lottery-dapp
yuhyeon99/Lottery-Dapp
Nish0483/lottery-dapp
instamenta/react-sol-lottery
felixsc1/DecentralizedLottery
zmess24/lottery-react
tbo217b/RTM-Lottery
nfabacus/lottery
pablopoggiog/lottery
samuelecisaro/lottery
Piorys/Lottery
VenturaLM/LotteryVRFv2
moru46/Dapp_NFT
fedehsq/nft-lottery-dapp
blackwine93v/arweave-go-lottery-dapp
ignite-creative/lottery-dapp-evm
dariuszsetlak89/portfolio-decentralized-lottery-dapp
rmevorac/DAPP-lottery-ticket
steevepay/dapp-lottery-truffle
Adage-Smart-Contracts/ether-lottery-dApp
vishnu1777/Dapps-Lottery-FrontEnd
MUHAMMAD-AMMAR-TANWEER/Smart-Lottery_dapp
denizumutdereli/lottery-dapp-smart-contract
dpeshrijal/Lottery-DApp-Frontend
subhradwip01/lottery-dApp
OsasAzamegbe/lottery-react
LaSkilzs/Lottery-Contract
hwdavr/Lottery-React
philipappiah/meter-lottery
JayFang1993/NasLottery
KuronoSangatsu7/Hardhat_Lottery
haidaralimasu/brownie-lottery
RetepMil/SimpleLottery
celestine001/lottery-react
mchinaloy/lottery-react
epomatti/smartcontract-lottery
jordanburr22/smartcontract-lottery
Rafaell416/lottery
shscs911/Infinity
orpheus/eth-pot-of-greed
CaseyKelly/eth-lottery-react
boohyung/lottery_dapp_tutorial
KuronoSangatsu7/Next.js_Lottery
FajriFadli/eth-lottery-dapp
TravisLinkey/blockchain_lottery_dapp
haustasis/Lottery-MERN-DAPP
alpdevcode/chainlink-eth-dapp-lottery
jjthug/TheLotteryDapp
sreyasqb/lottery-react-dapp
hp1203/lottery-game-dapp
laripartanen/dapp_lottery-ui
tuba-theProgrammer/Dapp_Lottery_System
richiehydra/A-Lottery-Dapp
Freydoonk/lottery-sample-dapp
inzamamahmad3/lottery-dapp-truffle
tusharjain1003/Lottery-dApp
Bhimgouda/crypto-lottery-dApp
kantoash/lottery-dapp-web3
ayushi-ras/Solana-Lottery-Dapp
AgbaD/lottery-game-dapp
wpalombini/lottery-dApp
Jkr777/lottery__react__dapp
AuxillaryLord/Lottery-Dapp_Tezos
Jain-Rachit/Lottery-dApp
marville001/lottery-thirdweb-dapp
BenasVolkovas/brownie-lottery-dapp
clinton-felix/fullstack-decentralized-lottery-dapp
gauravmandall/Gaurav-Draw-Lottery-Dapp
Marishwaran99/lottery-dapp-solidity-next
Udassi-Pawan/lottery-dapp-client
Priyanshu88/Lottery-Draw-DApp
Derrick-DApps/Scratch-Off
Derrick-DApps/Takarakuji
FajriFadli/eth-lottery-react-dapp
ArjunMenon-96/InfinityLottery-EthereumDApp
mdanilov/lottery-dapp-docs
ianbrdeguzman/next-lottery-dapp
Ljrr3045/no-loss-lottery-dapp
The-Flash/smartcontract-lottery-dapp
harisalkarni/lottery-dapp-thirdweb
GorniyGor/deploy-lottery-dapp
tluo3032/Lottery-dApp-UZH
duyhunter1001/lottery-game-dapp
cwooz/lotteryContract_ReactApp
Phoenix314159/lottery-ethereum-dapp
ar4s-eth/lottery-dApp
Abdul-Hafeez-Galib/lottery-game-dApp
AryanRastogi03/Lottery-dApp
munj1/lottery-graph-dapp
awaisahmadfg/HardhatLotteryDapp
Marqui-13/responsiveLotteryDapp
arnavbee/fcc-lottery-dapp
Shivam-mishra2/Lottery-dApp
mainul-islam-faruqi/Lottery-React-DApp
vacool6/Lottery-dApp
GuillermoDLCO/lottery_dapp_ethereum
kowsikgelli/Lottery-eth-dapp
CraftyDragon678/study-dapp-lottery
CleoPatra2772/Crypto-Lottery-Dapp
chayanbajaj/lottery-dapp-with-ui
alfredlouisw8/matic-lottery-dapp
DanBrown501/raffle_lottery_dapp-main
harshith-kotha5084/Lottery-dApp
ggogel/dapp-lottery-frontend
mrinnnmoy/shardeum-lottery-dapp
masumo/lottery-dApp
bradford-hamilton/lottery-dapp-example
thinhdev97/DApp-Lottery-Ethereum
Fer-Bonilla/solidity-lottery-dapp
snowtxc/lottery-ethereum-dapp
vijaykumar42/web3-lottery-dapp
TarunWebdev/lottery-dapp-boilerplate-complete
kartik-giri/Lottery_Nextjs_Dapp
JacobHsu/node-lottery-dapp
udscrick/dApp_lottery_React
felixjchen/lottery-dApp
HarryxDD/lottery-dapp-v2
jay-esh/Lottery-dapp-frontend
edgarbautista-dev/lottery-yt-dapp
Shamik1836/Crypto-Lottery-dApp
ccurves/nextjs-lottery-dapp
Topmark1/OneChance-Lottery-DApp
amirxoder/fullstack-dapp-lottery
ShivankChopra/Lottery-BlockchainDApp
anuragpanyala/lottery-dapp-react
ptmonline/Lottery_react_dApp
Youssef-Alaa/Lottery-Dapp-with-react
carlosmiceli/inbox-lottery-dapp
udscrick/dApp_lottery
d-wasilewski/lottery-dApp
obah/lottery-dapp-backend
KidLiberty/Crypto-Lottery-dApp
BramMathijssen/solidity-lottery-dapp
turtlemana/Lottery-Dapp-MATIC-
jehato47/lottery-react-dApp
migsantos121/lottery-dApp
BobbyBorisov/lottery-vuejs-dapp
tiagocavaco/lottery-dapp-react
mikexd-dev/decentralised-lottery-dapp
aayush4vedi/lottery-dapp-full-stack
BenasVolkovas/hardhat-lottery-dapp
Arunsurawat/Lottery_system_Dapp
hristova23/lottery-react-dapp
Seanih/chainlink-lottery-dapp
AmiteshThind/hardhat-smartcontract-lottery-dapp
codewithmecoder/lottery-dApp
gscopel/solidity-lottery-dapp
yathishram/Lottery-Dapp-Truffle-React
Arnav8439/Lottery-Blockchain-DAPP
SRV1030/BlockChain-lottery-DAPP
TarusNicky8/Lottery-dApp
dcolind/Collie-Lottery-dapp
obah/lottery-dapp-frontend
heysourin/Crypto-Lottery-Dapp
pacant/TRY-Lottery-dApp
ShivankK26/Lottery-dApp
skrb7f16/simple_lottery_dapp_brownie
Rakibul71/lottery-blockchain-dapp
Jaewoneeee/Lottery_Dapp_lecture
ppoojjaa/Lottery-dApp-
KaizerCricket/dapp-lottery-exercise
Dgiulian/web3-lottery-dapp
KidLiberty/Crypto-Lottery-dApp
BramMathijssen/solidity-lottery-dapp
turtlemana/Lottery-Dapp-MATIC-
jehato47/lottery-react-dApp
kashishkhullar/Ethereum-Lottery-Dapp
bestseob93/dApp-lottery
deadLemonX/dapp.lottery-updated
chetankolte/basic-lottery-dapp-ethereum
ametel01/lottery-eth-dapp
AnshuJalan/lottery-dapp-boilerplate
theone056/lottery-frontend-Dapp
ihtisham-sudo/Lottery-Dapp-Smart-Contract
Soham-Chaudhuri/blockchain-dApp-lottery
arunkotla/Lottery-dApp
eludius18/Lottery-Dapp-Solidity
mariosknl/lottery-yt-dapp
KudohAtsuo/lottery-react-dapp
sicarius97/synthetix-lottery-dapp
carmhack/solidity-lottery-dapp
pavelgor84/nextjs_dapp_lottery
flowstatechris/vrf-lottery-dapp
AlgoHussle/bankroll-lottery-dapp
lainhathoang/eth-lottery-dapp
waqastariq05/Dapp_Lottery_App
KseniiaRyuma/react_lottery_dapp
joshh71390/tron-dapp-lottery
akornato/autonomous-lottery-dapp
gohopventure/ethereum-lottery-dapp
gayashan4lk/nextjs-dapp-lottery
ljcutts/NFT-Lottery-Dapp
Rahul-sinha84/Simple-Lottery-Dapp
NamDangg/Lottery_Dapp_Hardhat
clinton-felix/lottery-FE-dapp
Saty248/lottery-backend-dapp
bytecode-velocity/Lottery-dApp
Abhigyan-Sh/lottery_dapp-No-Architect
MohsinAliSolangi/Lottery-Dapp-Live
drex007/Dapp-Lottery-SmartContract
mkbhru/lottery-system-dapp
rudijs/ethereum-lottery-react
wannesds/solidity-intro-lottery
gitjongsu/jongsu-dapp-lottery
roy1210/react-dapps-lottery
cheng-yu/lottery_dapp_with_frontend
pwegrzyn/lottery-demo-dapp
haustasis/Lottery-DAPP-react
SpencerSeliga/Lottery-dApp
thanh2911/lottery_dapp_bc
git-init-priyanshu/Lottery-DApp-Project
RajivIshrani/Lottery-dApp
Abhigyan-Sh/lottery_dapp-Remastered
DaniyalKukda/hardhat-lottery-dapp
TripleCrownDiamond/lottery-dapp-smart-contract
allainerain/cs173-lottery-dapp
nabirkin/lottery-neo-dapp
carlosdimatteo/BlockLotteryDAPP
MorganCSIT/solidity-dapp-lottery
geekysid/lucky-lotto--Lottery-DAPP
Udassi-Pawan/lottery-dapp-contract
Tyrese-BlockWarrior/Lottery-DApp-Solidity
maxthizeau/LotteryEthereum
orhanors/eth-lottery-client
omarlebda/lottery-blockchain-smart-contract
borsijbrandij/EthereumLotteryContract-WIP-
thekaranchauhan/Lotterify-Dapp
m-tambo/solidity-lottery-contract
caba5/TRY-Dapp
daniellara/blockttery-dapp
RoamDeFi/Lottery
kesarawimal/lottery-react-app
Haripandey21/lottery_system-app
Shahid-Nawaz-Pahore/Lottery-Dapp-Nextjs-tailwindcss-solidity
DeadmanAbir/Smart-Lottery
ljz3/dApp-Lottery-Smart-Contract
nfabacus/lottery-react
ljz3/dApp-Lottery-Front-End
Upendra-Jaiswal/Lottery_dApp_web3
PratapTyagi/Lottery-client
yanisapths/lottery-react
r4ym0n/LuckLottery
CleoPatra2772/smart-contract-for-lottery-dapp
AmbujL/Lottery-DApp---Using-simple-Interface
numoonchld/lottery-dapp-frontend-solidity-goerli
RobinWijnant/blockhash-etherium-dapp
jcib/lottery-front
kumarPint00/lottery-contract
Abdulmuneebswati/Etherum-Lottery-DAPP-front-end-
TripleCrownDiamond/lottery_dapp_next_js_app
sgrpanchal31/ethLottery
immatobi/lottery-react
Akash02032002/lottery_contract
cbuckley88/Lottery.eth
rogersanick/React-Dapp-basic-lottery-contract
TravisLinkey/blockchain_lottery_dapp_v2
LukeAlousis/Lottery-Consensys-CSI-Dapp-Template-
BahadorGh/DLotto
dariuszsetlak89/portfolio-decentralized-lottery-nextjs
NennoMP/ethereum-nft-lottery
FirstGalacticEmpire/simple_blockchain_lottery
Akshay-1804/Lottery--Smart-contract
abhinav-8/GG-World-Lottery
dariuszsetlak89/portfolio-decentralized-lottery-hardhat
xapski2671/hardhat-smartcontract-lottery
simkasss/nextjs-smarcontract-lottery
ZacharyWeiner/ETH-Lottery-React
wannesds/solidity-intro-lottery-react
KrakenOverlord/lottery
richardjohns/lotterysol
faisal2754/Eth-Lottery
rafae2k/zen-lottery-web3-smart-contract
wannesds/solidity-intro-lottery-react-update
FurkanSezal/SmartContractLottery-Front-end
SmartLotteryGames/SmartLotteryGame-SLG-Contract-TRON
Xhyon999/Dai18126LotteryDapp.github.io
SmartLotteryGames/SmartLotteryGame-SLG-Contract
sekmet/synthetix-slotto-lottery
kuldeep23907/Ethereum-Lottery-Dapp-with-basic-React-UI
syedmuhamaddanish/Web3-Lottery-Dapp-ReactJS
awais987123/Decentralized-Lottery-Application-dApp-Solidity
Winter021/Vote-dapp
MatricksDeCoder/Raffle_Dapp
julienbrs/lottery-smart-contract
GoodnessEzeokafor/lotteary
ArmandoABD/groupfundsblockchain
faisal2754/Eth-Lottery-React
Sameer-472/Lottery-Ticket
artiqox/Game-Of-Transactions
zubairnahmed/Ethereum_Lottery
numoonchld/encode-club-weekend-project-5-web-dapp-client
Lruquaf/Hardhat-Lottery
slimmsyd/RandomgameWinner
hwdavr/ethereum_lottery
Karan9034/lottery-graph
Sahilthakur7/lottery-react
dhannanjay/lottery-system
deshanjali/Smart-Contract
santipu03/random-winner-game-learnWeb3.io
Abhishek172/LuckLots
AsthaGarg16/lottery
Rafaell416/lottery-pool
kevincali/ethereum-lottery
mhar-andal/LotteryEthereumReactFrontend
deco1010/UnionLottoDAPP
Aravinthrselva/Randomness_Dapp_chainlinkVRF
ssghost/Solidity_dApp_Demo
VladRibij/smart_lottery
simkasss/hardhat-smarcontracts-lottery
PLMSCE/lw3-lottery-index
Akai-sudo/CryptoLottery---Lothereum
AlexGabrielANDREI/BlockchainTraining-Lottery
Mandy-Pu/smart-contract-lottery
CryptoFist/Lottery
subrotokumar/raffle-hardhat
MohamedHesham/Lottery-Club
Afiasaeed/lottery-contract
guchenghao/LuckyYou-Blockchain-Lottery-System
gitHubAndyLee2020/Lottery_Smart_Contract
MontesJP/Lottery
amritmaurya1504/D-Loto-Ethereum-Dapp-
eludius18/ZK--Lottery-Solidity-Dapp-zkSNARKs-ZoKrates-ageCheck
Shahnawazkhan83/DappLotto
Hadriani/Full-Stack-Lottery-dApp-Solidity-v0.8.18
abhiram11/Lottery-dApp-using-Hardhat-IPFS-NextJS
18252996773/DemoLotteryDay
sadityakumar9211/hardhat-decentralized-lottery
ericfjl/nice-tickets
nawodyaishan/Solidity-Lottery-Contract
Myse1f/lottery-front
sadministrator/ReactLottery
rafae2k/zen-lottery-web3
Myse1f/lottery-game
abhi1506manu/tezos-lottery
arjundevn/Lottery-polygon
Samwise711/Blockchain-Lottery
GovindaSystems/Lottery
vutsalsinghal/decentralised_lottery
IFalimendikov/Chainlink-VRF-Blockchain-Lottery
nikunj-26/Lotter-Dapp-TheGraph
SJuras/Solidity-simple-lottery
Sanskar-khandelwal/Hardhat-Lottery
samc621/Lottery-React
thanhnguyennguyen/lottery-react-app
ss098/nebulas-lottery
ddanijel/bcoln-ct
roveneliah/DLottery
nikofebrianur/RandomWinnerGame
starrohan999/WinWin
mateolafalce/SOLotery_Source
Dmitx/QChain-Lottery-Smart-Contracts
chrisstef/lucky-draw
HydraPhyzer/Lottery-Project-in-Blockchain
hryer/lotereact
Meharab/Lottery-Game-Graph-Chainlink-VRF
numoonchld/encode-club-weekend-project-5
Dsstefanov/DSLottery
pseudoankit/raffle
azizazlan/chainlink-lucky-draw
0xKubitus/Cairo-Loto_PoC_frontend
Nikhil99423/DAPP-using-Blockchain
mparfenchuk/Virtual-Lotto
KostasPe15/DLottery
YamaYAML/polylotto
JCGuest/wave-portal
skreos/skreos
Cryptoaj-hack/DFDTOKEN
th2lambo/fomo2moon
