maheshmurthy/ethereum_voting_dapp
poanetwork/poa-dapps-voting
bukosabino/truffle-voting-dapp
IBM/vote-hyperledger-ethereum
tko22/eth-voting-dapp
mjhm/hello_world_dapp
blockchainsllc/dao-dapp
JayTWWM/E-Voting-dApp
benstew/voting-blockchain-dapp
vrnvu/ethereum-voting
KrisJiaqiXie/my_simple_voting_dapp
user1m/votingdapptut
bugkingK/BlockChain-Dapp
arlbibek/dVoting
consenlabs/eos-stake-vote-dapp
marlowl/vue-voting-dapp
bukosabino/truffle-voting-dapp-ropsten
mohamedsgap/voting-dapp
gconnect/voting-dapp-pyteal-react
ChoiceCoin/Voting_DApp
Yohenba18/Voting-Dapp
amithkk/voting-dapp
joshpierro/ethereum-voting-dapp
gtan66/voting-dapp
zastrin/tezos-voting-dapp
antonio-fr/CivicDapp
julianduque/simple-vote
akmadan/voting_dapp
jsphLim/truffle-Voting
gwmccubbin/voting_dapp
district0x/district-voting
wolflo/quadratic-voting-dapp
kun368/vote-dapp
Abubakar-FYP/HyperledgerFabric-Voting--
rchain-community/rvote
BedrosovaYulia/VotingDappForTutorial
eddieoz/haal
mk-505/VotingDApp
danazkari/voting-dapp
samajammin/simple-democracy
CypherZox/ethvoting_time
junzhli/ethereum-dapp-voting-dpolls
AndreiD/qv_voting
mowblox/voting-dapp
frostiq/univereum
smbsp/importantdapps
bitspossessed/culturestake
ashishlamsal/voting-dapp
peppersec/_ERC20_voting_app_ETH_NY
giancarlopetrini/voting-dapp
Ziggoto/voting-dapp-sample
skiral/gilgamesh-vote-dapp
dhruti-patel/BlockVote-Truffle
juanguren/voting-dapp
sustia-llc/offchain-cv-dapp
Blockchain-Vidyaalay/Voting-Dapp
kavish6/dapp-voting-front-end
dcSpark/plutus-voting-dapp
Synthetixio/snx-ambassadors-dapp
apoorvlathey/Voting-DApp
alephium/voting-demo
consenlabs/polkadot-staking-dapp
kumuthu-vinsura/u-vote_project
rahulsingh40g/vote-dapp
merlox/voting-ethereum
saarthak08/eVoting-dApp
hovig/web3-fabric-voting-dapp
Jaseibert/BlockchainVotingApp
devpavan04/eth-vote
kavish6/dappVoting
WojcikMM/eth-angular-voting-dapp
narhzih/Dapp_Voting
SreemanthG/Votium
avnishanand0/E--Voting-Dapp-Smart-ontract
HaswinVidanage/Etherium-Voting-Dapp
vivekshotti/EVotingDApp
QVote/AlgorandQVoteContracts
faizscripts/blockchain-voting-system
coin-worx/ethereum-voting-demo
sincerely91/truffle-voting
lancelot2/BlockVote
IamLucif3r/VoteChain
wilfreddenton/simple-voting-dapp
goldmint/eth-voting
ShivaShanmuganathan/fullstack-dao-dapp
blockchain-council/voting-ballot
immersiveos/proving-ground
alephium/voting-tutorial
MenloOne/block-overflow
Ace-ezer/Voting-Dapp
jaglinux/dapps-voting-heroku
KCLBlockchain/simple-voting-dapp
HCharlanes/Quadratic-Voting
revoltez/Dvote
jaycenhorton/blockathon-voting
narayanshivansh49/SafeVote
manaflowEVM/prism-voting-frontend
singhsd/eVoting-DApp
thakursaurabh1998/voting-dapp
naz46/blockchain-voting-dapp
MubashirAlam89/Voting-DApp-smart-contract
rajatdiptabiswas/ethereum-dapp-vote
itznishant/ElectionVotingDAPP
TigerAtGit/VDapp_MiniProject
OWDIN/eosocial
elvind007/Voting-DAPP
Parasgr7/e-Voting-dApp
siddharthshah3030/decentralized-Dapp-Server
manavverma023/Trust-Vote-Dapp
PACTCare/DVote
vobi-io/vobi-voting
lecascyril/votingDapp
zirgudaga/Dapps_Voting
definoob/snowflake-voting-dapp
sacha-l/voting-dapp-workshop
rapidbenjamin/blockchain-voting-dapp
ghelanikirtan/voteFlicks-dapp-v0.1.0
HIT-SCIR-chichi/voting_dapp
imGurpreetSK/Voting-Dapp
altafshaikh/Voting-dapp
bhardwaj-ishita/Voting-Dapp
OphirInstitute/Voting-Dapp-Frontend
xdaichain/voting-dapp-contracts
law27/Voting-DApp
albrewot/VotingDapp
FidalMathew/Voting_system_blockchain
amsteradams/Voting-Dapp
snifhex/ethereum-voting-decentralized-application
ChrisBarnes2000-MS-DU/VotingDAPP
chetra-seng/voting-dapp-client
timowang1991/voting-eth-dapp
VinceBrun/FABAMSSA-E-VOTING-DAPP
Hampton-Black/simple-voting-Dapp
juliench82/Voting-dApp
shriakhilc/bits-voting-dapp
rishitashaw/The-Voting-Game-dapp
programmercintasunnah/voting-election-dapp
bhoomikshetty/voting_dapp_backend
laurogripa/voting-dapp
Soarbh-Srivastava/voting-dapp
chetra-seng/voting-dapp
unipine/JasmyVote
preethiram4/Voting-DApp-Example
Ayan-Banerjee-918/VoteBlocks-Dapp
dibakarsutradhar/election
piyush123R/Voting-system-using-blockchain
QVote/ZilliqaQVoteSDK
haechi00/vote-system
404-Devs/voting-system-web
monte0920/vue-voting-dapp
usamasarwar188/Blockchain-Voting-Web-DApp
donatedTunic1290/ethereum-voting-app-demo
Daltonic/dappVote
nikitasardov/voting_dapp
Irr-free/VotingDApp-based_on_Token-
hgayan7/VoteX---Blockchain-based-voting-system
nakov/client-side-ethereum-wallet
barrasso/voting-dapp
Raziur306/Voting-System-Dapp
enespolat25/voting-dapp
kuldeep23907/Fund-Raiser-using-Ethereum-and-React
Hrushi2406/voting-dapp
consenlabs/cosmos-staking-dapp
50UM3N/e-voting-dapp
SkyRoW/neo-nos-voteo
annu12340/Dapp-voting-system
webdev522/ethereum-voting-dapp
carlbarrdahl/conviction-voting
pom421/VotingDapp
Lego1st/VotingDapp
whereverest/VotingDApp
mrecho-dev/VotingDapp
naruto0913/solidity-voting-dapp
Tyrese-BlockStacker/Ethereum_Voting-DApp
OphirInstitute/Voting-Dapp-Backend
AlbertoIT/Voting-DApp-DAO
FeloniousGru-Super/truffle-voting-dapp-master
BharathMKulkarni/Full-Stack-Voting-Dapp
hassantauqeer/voting-dApp
niharrs/Voting-Dapp
kaymen99/Election-Dapp
BeamMW/dao-voting-app
regex412/StakingDapp-doodcat
xmrrabbitx/dvote-polygon
simsekgokhan/Voting-DApp-Ethereum
theshubh007/Ether-VotingDApp
nicedev7/truffle-voting-dapp
ganeshmani/votingDapp-demo
obedlaws/voting-dapp-RiverDAO
siddharthshah3030/Smart-Elections-Server
Riocodex/Voting-dapp
David405/voting-DApp
QVote/ZilliqaQVoteContracts
vexy/simple_voting
abhinav262666/Dapp
BenjaminTanSF/Election_DAPP
jacogr/dapp-voting
pirateByte/Voting-Dapp
Ravikumar10593-hub/voting-Dapp
Bhawana15/voting_dapp
snnbotchway/blockvote-polygon-hackathon
charithsiu/Dapp
wilfreddenton/truffle-voting
shaheenfazim/OpenVote
NtwaliHeritier/Voting
ikovac/Dapp
raed667/dapp
OmPals/DApp-Tokenized-Ballot-Encode-week4
shahzaintariq/Votting-DAPP
ankitsaxena21/ELECTION-DAPP
xdaichain/voting-dapp-subgraph
RodrigoAD/meteor_voting_dapp
metamathstudios/xdc-voting-dapp
tuncpolat/voting-dao-dapp
peppersec/vault12_voting_dapp
Rajeshmishra931/VOTING_APP_DAPPS
coinjinja/demo-voting
holyhansss/VotingDapp
cah311/encode-solidity-Q1-week4Project
flamez100598/VotingDapp
giuliodagostino/Voting-Dapp
jay-ithiel/voting-dapp
c-jain/Voting-Dapp
thomasender/Voting
Ad450/voting-dapp
anicaise95/Projet3
domw30/VoteDapp
mtdamir/Voting_Dapp
mickablondo/Voting-dApp
0xartem/voting-dapp
saimeunt/voting-dapp-sepolia
EdricNgo/polyjuice-ported-voting-dapp
SmarttDev/voting
Krist14n/election-dapp
mcjoelq/ethereum-vote
hungle90/VotingApp
codexgegas/Elections
gbalinon/votechain
darkslategrey/Voting-back
VBoureaud/CensorshipGame
malexanders/ethereum-vote
PRADiA-inc/voting
ankerbachryhl/dVote
doomseur/DAPP
sandragcarrillo/ethereal-interface
rafikbahri/e-voting-ethereum
VaishnaviVV/Election-Dapp-Ethereum
justinkook/dElect
thomasdev5832/voting-dapp
mukund-sheth/dappElection
npasquie/vote-dapp-build
thiagosaud/dApp-superior-electoral-court
npasquie/vote-dapp-front
Tyrese-BlockStacker/E-Voting-dApp_Solidity
jonas089/casper-voting-dapp-and-template
webwebweb3/voting
paulk8s/Voting
rajalatejashwini/Voting
fmo91/Voting
Mohana6face/voting
secure-vote/sv-light-smart-contracts
ChanMo/voting
marigold-dev/tzvote
pinalikefruit/voting
BitKilou/DappVoting
ArturVargas/VotingDapp
user1m/votingDapp
ManjeetCumar/chapter2
namanattri/voting_dapp
Edgarillo/Voting-Dapp-Alyra-
kwoncharles/kwoncharles.github.io
ur300/voting-dapp
dontfollowsean/Ethereum-Voting
manu1919/election_dapp
jomoljaison/Ethereum-Voting_final
Ultra-Tech-code/Voting-Dapp
DANTE-KUN3/voting-dapp
illerax/dapp-voting
sachitmathur/Jio-Dapp
mittalakshay6/voteDapp
duongvansang/voting-dapp
dhruti-patel/BlockVote
durgesh077/D-voted
orijinnCHD/tp3-dapps-voting
mohdasha/Voting-Dapp-Eth
victorfr14/TRUSTTvoting
mitdralla/Soliditiy-Voting-dApp
kgcdream2019/vote-dapp
mannyaboah/VotingDapp
AwJayChou/voting-dapp
lingxiyang/vote
LaurenSpiegel/solidityVoting
blvck237/solivote
ShashiKumarMani/Simple-vote
HeeYeonKim98/ethereum-voting-dapp
casweeney/Voting-Dapp-Frontend
scuba323/eVoting_DApp
Nahee-Park/d-app
JanDomhof/VotingDapp
YovelBursuk/VotingDApp
jbl31/voting-dapp
poyushih/Voting_Dapp
KNHui/voting-dapp
alekscp/voting_dapp
myanzik/voting-dapp
taaha/VoteMe-Election-Dapp-
PabloIb21/TheGraph-Voting
malcolmarobertson/votingapp
echo-sg/vote-dapp
Sindhura17/Voting_dapp
deandrehaijiel/blockvote
carltonj2000/election
olaoluwa057/Voting-Dappp
webdev522/election-dapp
aguidis/alyra-voting-dapp
FarzeenKist/Voting-Dapp
shashank065/web3-VotingDApp
yawhide/nebulas-vote-dapp
bychen28/votingApp
Subas33/E-voting_System
Rizwan-S/Voting-DApp
AJ21102001/BlockChain
avinash2fly/Voting_Dapp
REstrella99/BlockChain-Voting-DApp
ToJen/Voting-dApp
Yuvasri7826/Vote
vishalraghav94/Voting-Dapp
inchori/VoteDApp
wesleyflorence/cardinal
NamingCenter/Voting-System
jhdomhof/VotingDapp
andrew-kwong/vote-dapp
sid862/Election
Kipngetich33/votingDappWorkshop
ez1o/VotingDapp
marcomu/voting-dapp
PierraWong/VotingDApp
woojong92/VotingDAppProject
chunthebear/election
sgumpalli/VotingDapp
Philam18/Voting-Dapp
JeongGoEun/meta-dapp-voting
carloshernandez85/Election
seemwavy/ethVoterz
TamaraRingas/Avalanche-voting-dApp
batuhanozdol/evoting-dapp
serinkanasci/TPvoteSerinkanAsci
ionate12/voting-dApp
Eorg79/VotingDapp
nr-rofiq/e-voting-dapps
efichot/votingApp
shubh002/votingdApp
Banupriya30/VoteMe
Skyge/dapp-voting
flairxy/day14_voting
baazis/Solidity-Projects
samkoh/simple-voting-Dapp
luloxi/quaxwell-dapp
williangrios/Dapp14-Voting
vaishakh-autade/VotingDapp
jitendragangwar123/Voting-Dapp
VexyCats/EthTrader-Voting-app
driemworks/BlockVoter
nfm21440/dappblockchainvotingapp
somarmh/voting-project
ricardoprins/decentralhacks
pingrunhuang/voting-dapps
manisaiprasad/evoting-dapp
AtikaBens/vote_dapp
param-132/Election-Dapp
taraxdev/VotingDApp
hoangpeterd/voting.dapp
hiransr/Voting-Dapp
EbaCorp/voting-dapp
SonicStrain/Voting-Dapp
Sourav-Sonkar/dapp_flutter
AmaanRaza28/VotingDapp
a0932384743/Dapp-Voting
Alakazam03/Dapp-Election
MuLx10/Blockchain-Dapps
sharvan4213/voting-Dapp
phoneix1221/Election-Dapp
gonzs/voting-dapp
rayenrejeb/Voting-Dapp
soloexcel/VotingDapp
Ammaryasir1/V-Dapp
ashez2000/voting-dapp
poink-25/evoting-dapp
saplenilesh/voting-dapp
kevinkimdevera/voting-dapp
taslimmuhammed/Voting_Dapp
MidnightDJPin/Voting-DApp
bondars95/dapp-init
salome08/Voting-dapp
Kebalepile/vote-dapp
ShubhamPalriwala/Dapp-Voting
alexxxkny/Voting
tanishq18/e-voting-dApp-for-Lok-Sabha-Elections-based-on-Ethereum
Aman-zishan/votingDapp
OhJia/votingWTokens
NderKev/TheVotingDapp
jmayanja-xyz/fyp_voting_dApp
thelonehegelian/14_voting
emirnonstop/Voting-Contract
jpuri/Election-DAPP
Torcuatochain/tecnogados
october-9th/CyberVoting
sacharora999/VOTING_DAPP
akashkam559/Election-Voting---Ethereum-Blockchain-dApp
heysourin/Voting-dApp-on-Avalanche-Network
TribeofJudah/VotingDapp
akkien/voting-dapp
jgracak/Voting
Jetsoanalin/votingDapp
Elie-Mendy/DApp-Voting
akwodkiewicz/voting-dapp
alextanhongpin/voting-dapp
TrueFirel/voting-dapp
mike-fr13/VotingDApp
stacepellegrino/voting-dapp
algm/dapp_playground
starmori/voting-dapp
ttmunyunguma/dapp_voting
maudnals/dapp-demo-election
computerwala/DAPP-vote-2
abhishekswain/Election-Blockchain-DApp
aglavas/blockchain-voting
kunalmehta007/Voting-Dapp
jangidkrishna/voting_dapp
kasraJannati/Voting-DApp
ZnoGouDj/ethersJS-app
sumitmadhwani/Election-DAPP
DavidMilai/voting-DApp
utkarshtrivedi56/Electereum-DApp
cjsong21/dapp-voting
ArpitShukIa/VotingDapp
PetrGallus/VotingDApp
lisicong97/Dapp-voting
ya-its-yasin/Voting-Dapp
Nikhil-Kulkarni/Voting-Blockchain
abhayratti/votingdapp-frontend
mirakiii/EthereumVoting
fundekaustubh/voting-dapp
MovementDAO/Voting-DApp
internet-john/voteDapp
Akshat-Jain/election-dapp
VitalR/Election-DApp
Girik-N/Voting-Dapp
aayush1408/Election-DApp
michaellindstromm/Voting-DApp
awmpietro/ethereum-voting-dapp
sadatrafsan/vote-dApp
FloUz-ai/VotingSys-NoTest
TDD-Solidity/Freer-And-Fairer-Election
talentedev/vot-dapp-truffle
Crypt0zauruS/alyra-dapp-voting
Christian-Kamdem/Truffle
HarikOvsianyk/voteNCD
chingunee/voting-dApp
risentveber/blockchain-voting-app
nathannlu/DAPP-me-up
sunsingerus/eth-dapp-voting
Karankumar2212/Voting-dApp
tigerbombz/blockchain_hello_world
sachitmathur/Voting-app-with-tokens
spdd/near-voting-example
risentveber/blockchain-voting-app
surgery18/pollvote
johnnyknoxville1337/encode
samsad225/ethereumvotingapp
ChiHaoLu/ZK-Conditioner
zbloss/Voting_dApp
johnthewayne/votingbooth
AliHichem/delectio
ThomasKieffer/Alyra_VotingDapp
AliHichem/cryptoelectio
kamranazmat/ethereum_voting_dapp
sumukh-bharadwaj/Dapp-Voting-System
azeezabidoye/voting-dapp-cc
kreloaded/e-voting-dapp
ShathaCodes/e-voting
jesseinvent/e-voting-dapp
SasaniEldis/decentralized-voting-celo-demo
ZelalemG/Voting-contract
demirbey05/hardhat-ts-voting
Marmik343/Voting_Dapp_Smart_Contract
kienphan/blockchain-voting
bharathb06/HelloWorld_VotingDApp
emailrhoads/votingapp
macrodrigues/Dapp-Vote
payalk754/Vote-Chain
dermuir/VotingDAPP
d-mooers/VotingDapp
hk36/VotingDapp
hk36/votingDapp-
cd33/VotingDApp
akanksha4715/VotingDapp
abdullahokay/VotingDApp
nachimore/VotingDapp
sushil9700/VotingDapp
chevamikado/votingDapp
oladim/votingDapp
fduforest/VotingDApp
RenoCardano/votingDapp
Dharmikparmar7/VotingDapp
justin0x7/VotingDApp
K2302/VotingDapp
NderKev/VotingDapp
NFhbar/votingDapp
0v0id/VotingDApp
ielboulo/VotingDapp
Luayfa/VotingDapp
kiennguyensys/VotingDApp
naman3100/votingDapp
PratikMaru0/votingDapp
clearfeebaby/VotingDApp
AKHIL-GIREESH/VotingDApp
infamousdegen/VotingDapp
mohamed96amine/VotingDapp
SureshGowdaGLS/VotingDapp
kanishk098/VotingDapp
anurag545/VotingDApp
YomnaAhmedd/VotingDapp
SibiChakravarthy7311/VotingDApp
Ehiremengold/VotingDapp
javioroz/VotingDapp
Thanh-TrangPhan/VotingDAPP
AlyraButerin/VotingDapp
emiliogzzguerra/VotingDapp
jac888/VotingDapp
tahseen09/VotingDapp
codecocos/votingDapp
pfmurillo/VotingDapp
akshatsolanki1205/VotingDapp
asfax/VotingDapp
DAppProgrammer/VotingDApp
ritesh985/VotingDapp
ahadullahbhutto12/VotingDApp
jeetbij/VotingDapp
dmytrokohut/VotingDapp
blahkheart/votingDapp
BrianHHough/VotingDapp
Jaivantv/VotingDAPP
ajoshua04/VotingDapp
0xyanc/VotingDApp
QuentinWerz/VotingDapp
Slevin-Block/VotingDAPP
Brianspha/VotingDApp
asad926/VotingDapp
nandanitis/VotingDapp
SohamJog/votingDapp
arcteggzz/votingDapp
OdionOseiwe/VotingDApp
gurguven/VotingDApp
kyleamonleo/votingDapp
Akshita44/VotingDapp
fullstackengineer777/VotingDApp
HariTheRoy/VotingDapp
asad926/VotingDapp
nandanitis/VotingDapp
Kushagra733/VotingDapp
dkulsh/votingDapp
LouisGuinevere/VotingDApp
Priyankanehra/votingDapp
knxlab/VotingDapp
Anish0203/VotingDapp
satpatel/votingDApp
bachloxo/VotingDApp
GarryFCR/VotingDapp
luisfcyafar/VotingDApp
jerydam/VotingDapp
jeanc18rlos/VotingDapp
jeftekhari/votingDapp
shailendrakumaromkar/VotingDApp
varshavaidywan/VotingDApp
cjmcassar/VotingDapp
GoulvenFrs/VotingDapp
leomalaveraG/VotingDapp
tusharmangla19/VotingDapp
mkpdev/VotingDApp
sumitskj/VotingDapp
willgolden5/votingDapp
PunithNandiraj1/VotingDapp
nolanjannotta/VotingDApp
sigueninni/VotingDapp
fabcoulon/VotingDapp
singhritik09/VotingDapp
KlaytnBootcampDEV/VotingDapp
Abhiavati20/VotingDapp
nikhil3000/votingDapp
stanislavjirak/VotingDapp
akotra1999/VotingDapp
LinaNada/votingDapp
mxxnwolf/VotingDapp
rounakanand13/VotingDapp
Sylvain328/VotingDapp
nik132-eng/VotingDapp
Mgoscar2015/VotingDapp
papajo/votingDapp
luvitale/VotingDapp
RiadMohamed/VotingDAPP
AkashSaparia0301/VotingDapp
stuRad/VotingDapp
Gregcrn/VotingDapp
00KL/votingDapp
Xoulomon/votingDapp
giorgi19/VotingDapp
k-shreehari7/VotingDapp
PierreFAlyra/VotingDapp
JorgeVilano500/VotingDapp
jkn1092/DappVoting
flamez100598/DappVoting
Spt117/DappVoting
zackmcginnis/ethereum-dapp
ved-et9/Voting_Dapp
TenoNadar/DappVoting
sigueninni/DappVoting
GenesisBlock2140/DappVoting
DecentST/dappVoting
Kash1405/E-Voting-DApp
NAVALUTI/Ethereum_Voting_DApp
petrind/ethereum-tutorial-dapp
payalmangtani/Vote-Chain-React-Dapp
Marie-Carrere/solidity-election-dapp
mikerudenko/solidity-voting-dapp
songonha/comm-voting-based-dapp
JoE11-y/Tezos-Voting-DApp
Harsh18894/blockchain-election-dapp
mabsattar/Ballot-dApp
Miraj98/decentralised-voting-azure
danielleklaasen/Voting-DApp
chinalantern/election_dapp
iam-hussain/voting-dapp
Akanta21/first-dapp
surajssg/Voting_Dapp
shuveksha/voting_dapp
HarryS028/election_dapp
jd984/voting-dapp
rbaskam/firstDapp
Demiladekusa/Evoting-dapp
Demiladekusa/Evoting-dapp
abhisharma1357/voting-dapp
0xadrii/voting-dapp
shyamshankarhr/election-dapp
shraddhasahay/Voting-DApp
mafaz002/voting_dapp
sandarusahan/EVotingDapp
assafom/dapp-election
programming-enthusiast/voting-dapp
wolivera/voting-dapp
Pablohassan/Voting-Dapp
mmalarz/election-dapp
mayureshvs/Voting_Dapp
dwsio/dapp_election
KleeTaurus/voting-dapp
panktit/election-dapp
alisolanki/Voting-DApp
govindsingh01/dapp_blockchain
SachinDApp/Voting-Dapp
Kushal3121/Election-Dapp
chungquantin/election-dapp
anupamakoirala-rumsan/Voting_dapp
vishalzac/Voting-DAPP
vigneshraja-g/voting_dapp
parul-2718/voting-dapp
AGH-Blockchain/voting-dapp
TharukaVishwajith/dapp-vote
Manjeets666/Voting-DApp
SegunCodes/election-dapp
xpbach2508/voting-dapp
hemor/voting-dapp
montasser-belleh/voting-DAPP
Fer-Bonilla/secure-voting-dapp-ethereum
labsterx/simple-voting-dapp
timmypelumy/voting-dapp-contract
damonpickett/dappocracy
camohe90/voting
bristinborah/voting
subrotokumar/flutter-voting-dapp
SweetBubalehj/Decentralized-Voting-dapp
hemor/voting-dapp
montasser-belleh/voting-DAPP
Fer-Bonilla/secure-voting-dapp-ethereum
labsterx/simple-voting-dapp
timmypelumy/voting-dapp-contract
damonpickett/dappocracy
camohe90/voting
bristinborah/voting
subrotokumar/flutter-voting-dapp
SweetBubalehj/Decentralized-Voting-dapp
ayinot/VotingSample
akscipy/voting-dapp-truffle-angular
aseem09/Ethereum-Blockchain-Voting-Dapp
Anuj0103/election_vote_dapp
spandan114/Election-Voting-dapp
adithya70/blockchain--election-voting--dapp
Dennis-Neduvelil/Ethereum-Based-Voting-DAPP
jagjot2008/EthereumElectionVotingDapp
bdev07/dApp-voter
Marmik343/Voting_Dapp_Frontend
DavitGadyan/DApp_group_voting
cgonel/Voting-DApp
ShibaPad/VotingDAPP-publics
KavinduJayathilaka/VotingDAPP-WEB3
supertech0125/VotingDappTest
mkpdev/VotingDapp_Using_Truffle
spaul1042/VotingDapp-Blockchain
XaViPanDx/VotingContractDapp
Luca-P/votingDapps-noGas
inthevortex/VotingDappEthereum
ziyadnz/DAPP_VotingETH-Mobile
ielboulo/VotingDapp_Vercel
alexnjoya/votingDappFactory
narendra-sajwani/voting-dapp-scroll
sadekmehri/Full-Stack-Evoting-Dapp
smfarrukh82/Blockchain-DAPP-VotingApp
Sgarg4431/VotingBallot_Dapp
ielboulo/VotingDappF
KaptainGoku/VotingDapp_example
Keeymon/VotingSystem_dApp
GPAlexa/Projet3_VotingDapp
x2ever/Simple-dApp
suraj60081/Voting-System-Dapp
jayantdahiya/DAPP-Voting-App
iamshaun08/De-Voting-DApp
panoptisDev/react-voting-dapp
jeanc18rlos/react-election-dapp
fxhernandez87/proposal-voting-dapp
roleengineer/dApp_Election
uniqualitech/Blockchain-VotingDapp
fxhernandez87/proposal-voting-dapp
joselvelez/basic_voting_dapp
findthefunction/Voting_dApp
HarshanOrk/E-VotingDapp
leye195/Simple_VotingDapp
uniqualitech/Blockchain-VotingDapp
marko-budimir/VotingDAppContract
gconnect/Celo-VotingDapp
gollum18/ether-voting
adwulfran/Ethereum-votingDapp
thespacemanatee/Moonshine-dApp
Kpadia05/E-Voting-DApp
yevdokan/truffle-voting-dapp
mlazzje/alyra-rinkeby-voting-dapp
eznix86/Dapp-Chap-1
Mithridates01/EthereumTestDapp
ayushroy64/Voting-Dapp-Basic
vvatsaraj09/E-voting-dApp
piyush2901/voting-dApp
Kricko02/Election-dApp
vieiralc/parity-dapp-tutorial
cspartho/Online-Voting-dapps
KarthickSakthi/Election_Voting_Dapp
ray221183/DAPP-VotingSystem
DamianoSalvi/e-votingDApp
UrvashiKishnani/ethereum-election-dapp
pedromsb98/Voting-dAPP
abhishekbhartiind/DAPP-VOTING-BLOCKCHAIN
mauxnier/voting-dApp
rn-santos227/ICP-Vue-Posting-DApp
timowang1991/voting-eth-dapp2
barroqt/dappVotingSystem
znmead/ethereum_voting_dapp2
SJuras/Solidity-Voting-System
murunwasDev/voting-dapp
shubhamshd/voting-dapp
sukeesh/decentralized-ethereum-voting-app
Herface/voting-dapp-example
mszjar/voting-dapp
Fantom-foundation/fantom-vote-react
rajjha/voting_dapp_solidity_html
Bright-Tomorrow-DApps/vote-dapp-demo
datarella/CrowdVote
Kalyan-Singh/ethGlobal22_kalyan
sacharora999/DApp_Ethereum_Voting
cleytonmessias/hello_world_voting
DecentVentures/ethdapps
corviato1/corviato1-Votez-v2
asmitadhungana/BallotChain
SebastienBosca/defi3w
Roccia85/polling-eth
jgracak/hello_world_voting
deepakvish001/Verdict
raghav-rama/voteblocks
pavophilip/ws-2018-blockchain
TrevsT/Best-Band-Voting-Hellodapp
denismp/mi4-exercise7
cerenozdil/SmartContract-Dapp-Voting-App
samsonkurmana/Etereum-based-Election-Voting-Dapp
adarshu21/BUILD-FOR-THE-FUTURE-DAPP
wangjue12/vote
dumebi/blockchain-governance
taps1197/My-Poll
siddheshbahety/Voting-DAPP
manishsingh10895/eth-voting
vietanhtran2710/solana-blockchain-voting
ambatigan/blk_voting_sample
Emmanuel-umeh/celo-voting
deyibanh/alyra-defi3-voting-dapp
XRo4Zengoutlook/maheshmurthy9
404-Devs/voting-system-app
Caskia/Ethereum-Samples
ashlionTimeless/voting-demo
404-Devs/voting-system-blockchain
paul-spelt/Ethereum-Ranked-Choice-Voting-DApp
Farber98/encode_w4_angular
jordiguirao92/Voting_DApp
gconnect/basic-dao
jamiegood/ethereum_voting_dapp
coldhurt/vote_dapp
acousticclown/Voting-DAPP
juliencrn/voting-dapp
Yangfan999/Votting-Dapp
mohamed-baiba/Vote-Dapp
sridharjajoo/SecureVoting
hackonhari/Secure-voting-using-blockchain-technology
echrs/choose-wisely
Perelyn-sama/evoting
oasisprotocol/demo-voting
eric-li18/dino-democracy
dasom222g/vote-contract
gjacuna/tpof
ramyzhang/secvote-dapp
underscoreanuj/voting-dapp
oneharry/Voting-Dapp
beplay/nftonation
572194444/maheshmurthy9
Devender1703/Votex
rbard/helloworld-dapp-blockchain-part2
lsavage92/hello-world-voting
dontfollowsean/Public-Voting-Contract
vanishtachangea/blockchaintutorial
loaiabdalslam/Voting_App
chaitanyapotti/OneOfUs
shehza-d/voting-system-blockchain
mic0des/voting-dapp
vkumar04/Election-DAPP
anuragdhingra/DApp-voting
MathieuBri/voting-dapp
cryptogiddi/UniBlockVote-Dapp
TheGooner93/Voting-DApp
vishavbangotra/Voting-Dapp
mhamzariaz/Election-Dapp
vibbs/voting-dapp
rmi7/topscifivoter
groksmith/voting-dapp
ashutoshsingh1501/voting-dapp
rbard/helloworld-dapp-blockchain-part3
yrdeboer/ethereum-anonymous-voting
vinhnglx/election-voting
omkar-mohanty/election-dapp
ChoudharySuresh/Voting-Dapp
vpalmerio/VoteDapp
yunmosehc/Voting-Demo
Ginowine/building-dapp-on-rsk
MakisStamatis/Voting_Dapp
Sachinkry/DApp-Voting
AssimUjjwal/Voting-DAPP
tonyjemba/counter_dapp
alainncls/vote-system
a-colabella/ethereum-voting
etienneBlockchain/dapp-voting
adarshaJha/Election-Dapp
nikhilsk98/Election-Dapp
BerzanXYZ/voting-dapp
arunk-2311/Voting-DAPP
cre8tion/react-dapp
NamanMohnani/voting-dapp
mssmohit/Ethereum-DApp
jking52/Dapp-Voting
Devops555/voting-dapp
kshitjee/Voting-Dapp
Samantak10/Voting-DApp
mssmohit/Voting_DApp
jclemans/voting_dapp
ssttv/voting-dapp
kostadin-t/voting-dapp
pmarkee/voting-dapp
panditdhamdhere/Voting-Dapp
AssimUjjwal/Voting_DAPP
sudonims/voting-dapp
Sayem98/Voting-Dapp
prahaladbelavadi/voting-dapp
vlsnkakitha/voting-dapp
Chimbili-Pavan/Voting-DApp
LimitlessFavour/Voting-DAPP
saulobr88/voting-dapp
khalilsliti/ethereumDAPP
AryanKoundal/Voting-DApp
luloxi/quaxly-dapp
ankitlochantiwary/Voting-System-Using-DAPP
gaurav-11018/Sentiment-WEB3_DAPP
ConstanzaOriana/MarketSentiment_dApp
Whambuoy/Voting-Dapp
TheLedgerOfJoudi/voting-dapp
Hrugved/ElectionDapp
jeff-soriano/Voting-DApp
sabsgeo/blockchain-crowd-polling
juanmspoleti/solidity_voting_dapp
SamujjalDas/VoteX---Blockchain-based-voting-system
0xTDF/Voting-dApp
pheadlessg/Ursa
ChoiKangSunYim/Donggora_DonggukUniv_VotingDapp
casweeney/Voting-Dapp
deep1172/Blockchain-Projects
VeronicaT2021/dapp30-day14-voting
joshDamian/lisk-voting-dapp.dapp-frontend
gitalvininfo/Ethereum-Dapp
guangningyu/voting-ethereum-dapp
vishnusr90/blockchain-voting-dapp
vpallegar/Solana-Rust-Voting-Dapp
nihanabaci/voting-system-dapp
lraunakl/Avalanche-Evoting-Dapp
adamgoth/react-voting-dapp
tawseefnabi/e-Voting-dApp
tezeoffor/e-voting-dapp
zakraicik/Decentralized-Voting-DApp
SirPhemmiey/Voting-dApp
Hendobox/Voting-DApp
0xvicky/voting_platform_dapp
capt4ce/voting-dapps
ilopezluna/voting-dapp
410dood/Voting-Dapp
ReactorboY/Dapp-Voting
crimsoftit/voting_dapp
MehulRawal/DAPPS_Voting
hemingwayjackson/Voting-Dapp
megha652/voting-dapp
anthep/Dapp-Voting-
ShimmerPig/Voting_DApp
ttury/voting_dapp
Tevin-Isaac/Voting-Dapp
hlongn2469/Voting-dapp
Aditi-03/voting_Dapp
kartikey321/voting_dapp
Ahsan-Inkiad/VOTING-DAPP
Hmaestro/voting-dapp
vishal816728/Voting_Dapp
ViniciusMdJ/DApp_Voting
priyankaaa532002/Voting-Dapp
ericcariat/voting-dapp
Goodness5/voting_dapp
arunkotla/Voting-Dapp
kolexstrings/voting-dapp
prashantexe/Voting_Dapp
rythmern02/Voting-Dapp-
0xAyoub/voting-dapp
raosush/voting_dapp
Akweley/voting-dapp
sheetal123a/voting-Dapp
kevin07696/etherium_voting_dapp
vedvalsangkar/MSRVE-Ballot-Dapp
i-asimkhan/dapp-voting-system
omkar-nath/Voting-Dapp-
mariona2/Voting-Dapp
davbera/voting_dapp
kangPrayit/dapp-voting
shalmali86/Voting_DApp
Ikdemm/Voting-Dapp
briannphan21/voting-dapp
riquvve/Voting_Dapp
deepcrysp/Voting_Dapp
AVSBharadwaj/Voting-Dapp
Paramchoudhary/Voting-Dapp
Manoj13-coder/Voting-Dapp
rohit0110/Voting_DApp
Vexirox/Voting-Dapp
vijayanandhanit19/voting_dapp
ericcariat/voting_dapp
surajkunwarkcgi/voting-dapp
ShanuXo/Voting-DApps
wanguimbutu/Voting-dapp
jex441/voting-dapp
kemichris/Voting-Dapp
anupriyalathey/voting-dapp
Magiclevel99/Voting-Dapp
apollo0102/voting_dapp
blakelucey/voting-dapp-project
claudiaterpstra/voting-dapp
Lego1st/voting-dapp
GuusvdDonk/Voting-Dapp
andresmijares/dapp-voting
ShivrajRana7/Voting-DApp
Suvadra-Barua/Voting-DApp
abisleem/voting-dapp
Slymaster/voting_dapp
kharioki/Voting-DApp
softprodev/Voting_DApp
pavank0723/voting_dapp
lashmanv/Voting-DApp
OlesyaSchu/voting-dapp
minhnhatzc/Voting_Dapp
guillaumedebavelaere/voting-dapp
sayakghosh26/voting-dapp
NidhiPadhariya/Voting-DApp
HarshGupta74/voting-dapp
mayankpatidar275/Voting-dapp
Abhishake25/Voting-Dapp
LuXoN1999/Voting-DApp
harshvardha/Voting-Dapp
