docknetwork/voting
safeer2978/Blockchain_Based_Voting_system
tko22/eth-voting-dapp
OpenLeverageDev/openleverage-contracts
AndreiD/qv_voting
DemocracyEarth/vote
kun368/vote-dapp
blockchain-council/learn-solidity
Giveth/pollmanager
QVote/AlgorandQVoteContracts
NetSepio/smartcontracts
2411Shravan/SmartContracts
ShagaleevAlexey/SmartVote
eos42/eos-referendum
prateek096/OnlinePolling_Blockchain
Sperax/Vote-Escrow-Smart-Contract-Template
devpavan04/eth-vote
UnitedCrowd/voting-contract
SnowBlueChain/voting-smart-contract
didil/quorum-secret-ballot
nuejason/voting-system
blockchain-council/voting-ballot
dcSpark/plutus-voting-dapp
srivas-divyansh/Byteverse_Smart_Contractors
andresudi/Voting-Smart-Contract
coin-worx/ethereum-voting-demo
gnbaron/blockchain-voting
masaun/governorAlpha-with-proof-of-voting-NFT
near-ndc/voting-v1
Dhiraj03/EVote
tsirysndr/EnySaTsia-Smart-Contracts
nikitaeverywhere/edu-ethereum-contract-deployment-example
MubashirAlam89/Voting-DApp-smart-contract
QVote/ZilliqaQVoteSDK
QVote/ZilliqaQVoteContracts
moonman369/Simple-Voting-Contract
Morteza3123/voting-interface
Intercoin/VotingContract
chnejohnson/quadratic-voting-contracts
MyBlockcities/VotingSmartContract
wwarodom/ballot
validitylabs/SimpleEthVote
ahmedalaahagag/smart-contract-elections-app
EthereumElders/EthereumElders-Contracts
shishir99111/voting-system-blockchain
sudonitin/voting-with-smart-contracts
secure-vote/sv-light-smart-contracts
Solidity-Labs/liquidity-protocol-stake-delegation-contract
manavverma023/Trust-Vote-Dapp
PratikSaha198/Voting101Solidity
parsaaba/Quadratic-voting
AnilRaj27/DAO-Smart-Contract
Ace-ezer/Voting-Dapp
gsingh6122016/voting-system-using-smart-contract
Olaaa30/Voting-Smart-Contract
macelai/e-voting-eth
JACKORARO12/BlockChainVoting
rajatdiptabiswas/ethereum-dapp-vote
catmcgee/near-voting-contracts
inauman/voting-smart-contract
Abstaina44/Voting-Smart-Contract_
SkyRoW/neo-nos-voteo
donatedTunic1290/ethereum-voting-app-demo
checkdot/CheckDot.DAOProxyContract
Aveesh52-zz/Ethereum-Voting-App
COS301-SE-2022/Vote-Vault
Raziur306/Voting-System-Dapp
sinaFa/Ballot
kisbalazspatrik/simple-blockchain-voting
YellingOilbird/choice
ESGI-Blockchain-Groupe2/Voting-SmartContract
bitfalls/ubikvote
QVote/AlgorandQVoteSDK
sirin-labs/voting-smart-contract
Miluer-tcq/Prophet
yippee-ki-yay/WorldOfContracts
peerther/Smart-Contract-based-Organization
sadmanamin/VotingApp_Solidity
manikantanynala97/DAO-Voting-SmartContract-Solidity
komus-Israel/DEVO-smart-contract
emmaglorypraise/Voting-Smart-Contract
defrell01/Voting-smart-contract
ditcraft/smartcontracts
cedoor/elekton-contracts
5aava/VotingFactory
JJSrra/VotingSystem
vinhtranz/voting-contract
ndaangekevin/security-code-metric-collection-for-smart-contract.-E-voting-casae-study
ArnaudBand/voting_contract
davidabuu/Voting-Nft
Plenty-network/ve-core
rstancioiu/elrond-voting
Cr0wTom/Ethereum-Voting
mouryasatish2126/E-voting-system
rehanganapathy/flutter_blockchain_voting
BlocksandBlocks/Playing-Around-with-Smart-Contracts-in-Plutus
RomanKuznetsovs/Voting
igor-nostrum/voting
2efPer/voting
0xbryanf/voting
c00rni/SmartContratExercices
egormozzharov/Voting
ykkhan1997/smartContracts
gonzazoid/voting
topealabi/Voting
thmachado7/voting
eugenechow5/voting
kayroy247/Voting
Lalithapa/Voting
priyaminhas/voting
Ultra-Tech-code/Voting-contract
humbleself/Smart-contract
PaulBless/voting-contract
Keized/voting-contracts
yaadi-admin/ballot-contract
rahulct17/Ballot-_SC
JediFaust/JeDAO
balancedwolf/IvoxisVoting
MaudHutch86/maudSoliditySmartContract
KashifCh-eth/Blockchain-Voting-Smart-Contract
vicsn/turing-society-blockchain-tutorial
JSeam2/VotingSmartContract
neeyno/hardhat_voting
davidcordeiro5/sc-voting
lucasmanuel1996/solidity-election
profefonso/voting-smart-contract
salome08/Voting-dapp
EWCunha/voting-smart-contract
pooriagg/Decentralized-Voting-Smart-Contract
ecoflip/ecoflip-voting
ioserikov/cc_voting
iustin-nita/voting-smart-contract
mnajammoin/Voting-Smart-Contract
bhaveshnikam/e-voting-system
yaldorofeev/CS-Test
prkvw/Vote.sol
oleksanderkorn/nearvember-challenge-7
ogunbor/Voting_SC
zuri-team-o/depolyTask3
nottoobright/VotingDecentralized
GarageInc/governance-bonds
mj221/voting_smartContract
JWMatheo/Voting
mexanicS/Voting
eddygreat/voting
OhJia/votingWTokens
Farhan-riasat/Election-Contract
SamanKeighobadi/voting-contract
Kalyan-Singh/Bote_Contract
ZelalemG/Voting-contract
AMIRKHANEF/Z-Voting
kitu9876/VotingSystem_SmartContract
khazifire/VotingSys-SmartContract
gargikantesaria/votingSystem-smartContract
Amaze09/VotingSystem_SmartContract
kyle-park-io/SmartContract-VotingApp
solidsnakedev/SmartContractTest
glcanvas/VotingDAO-Audit
Denislite/voting-smart-contract
Omenranr/voting-smart-contract
bristinborah/votingSmartContract
masterbid/voting_smart_contract
MuhammadAmmar24/Voting-Smart-Contract
alexisljn/alyra-front-project
sharish13/smart_contract-Election
Swadine/Voting-System
autumn84/VotingSC
MihuNt3r/VotingSystem
cryptonicsconsulting/signor-voting
alexisljn/alyra-test-project
Jetsoanalin/votingDapp
emoc29/VotingSystem
circle-free/bonded-vote
anubhav360/DEC-VOTE
makanab/solidity-voting-example
LokeshReddy17/Votingapp
hakandrmz/voting-app-with-smart-contracts
didil/rpm-voting-token
Azamous/Draftlaws-voting
mikerudenko/solidity-voting-dapp
1cornerstone/evote
internet-john/voteDapp
Techatach/Blockchain
aliapg2019/SolidityVotting
parsaaba/PowerL-Voting
SasaniEldis/decentralized-voting-celo-demo
PetrGallus/VotingDApp
cerenozdil/SmartContract-Dapp-Voting-App
antoprince001/smartVoting
SAY-DAO/smart-contracts
fullstackengineer777/VotingDApp
stashub1/Voting
vik1234-del/VotingContract
sumitsingh4411/Online-Voting-using-Blockchain
ThriveCoin/thc-smart-contracts-voter-list-sol
theblock-dev/Voting
Marmik343/Voting_Dapp_Smart_Contract
Kirill-Kuznetsov-git/Voting
harvirhansra/Voting
musprodev/Voting-SmartContract-Solidity
Adedejiosvaldo/Voting-Smart-Contract
bitspossessed/culturestake-contracts
polkadot21/voteContract
Akingbade675/dBallot_SmartContract
Benji09bal/Solidity-SmartContract-Voting-Contract
venustar1228/Election_SmartContract
voyage11/VotingSmartContract
LeonardAzah/VotingSmartContract
shakeib98/simpleVotingSmartContract
vsharma4394/Voting-Smart-Contract
Anujsd/votingSmartContract
tagupta/voting-smart-contract
adem-m/vote_app_smart_contract
Nishant1782/votingSmartContract
Blockchain-Vidhya/voting-smart-contract
MaxMariani/voting_system_smart_contract
Gabriel01osabuede/VotingSmartContract
RenoCardano/VotingSmartContract
hemjy/votingSmartContract
Afrazsheikh/VotingSmartContract
armgrig91/VotingSmartContract
deelakaperera/VotingSmartContract
akjhghggdhhkjuhn/VotingSystemSmartContract
t-cpu494/votingSmartContract
akshit0201/Ballot-smart-contract
eric-mendoza/e-vote-smart-contract
Ekolance/Voting-Smart-Contract-Interface
BryanWandera/Voting-Smart-Contract
AshishMeena137/VotingSmartContract
mrtzcardo/VotingSmartContract
sudheer-kumar-bhavana/VotingSmartContract
aymenfourati/VotingSmartContract
Tejas73/VotingSmartContract
Chxpz/votingSmartContracts
flowfree/voting-smart-contract
roudra323/Votinng-Smart-Contract
ernestkoko/VotingSmartContract
Shpotson/VotingSmartContract
samiullahsaleem/VotingContract
thetanmayganhotra/voting-smart-contract
aitude/Voting-Smart-Contract
jjwarren44/voting-smart-contract
hrithikgautham/Vote-smart-contract
0livierDAVID/Voting-smart-contract-tests
mmpeyravi/Voting-System-Smart-Contract
System-Glitch/Vote
leondav1/vote
AkylbekAD/DAOVotings
jamo95/Voting-Smart-Contract
joze144/weighted-voting-contracts
shanrasool/voting-sm-contract
Diabolo-io/diabolo-vote
abhayratti/votingdapp-backend
danielapena/voting-system
cooperstrahan/distributed_voting
irabeny89/voting-blockchain
Nathan-Okolo/voting-smart-contract-5-mins-timeout
yannvon/quartier
Rishimishra78/SMART-CONTRACT-VOTING-CONTRACT
blessingblockchain/Voting-Smart-Contract2
liquidvoting/liquidvoting.smartcontract
orb-vote/contracts
fioritonicolas/voting-contract
ahadullahbhutto12/VotingDApp
d-sun-d/SmartVotingEtheriumContract
RohitSatyaroyo/SmartContract-Voting-System
akhilpattipati/Voting-SmartContract
schmollgruberja/SmartContracts
Daxxxan/SmartVotingSystemContract
Web3Line/Voting-SmartContract
abhi47roy/votingSystem
nexidsrl/iVoting-SmartContract
cameturtle/SmartContractVoting
PatrickPheme/SmartContractVotingApp
umurislamoglu/smartContract-voting
pratikpalve99/Voting_SmartContract
lam305/Voting_SmartContract
PierreFAlyra/VotingDapp
iamrameshkumar/EthereumVotingDApp
mtl9-engineer/blockchain-sc-eth-voting
bcryptorider920/voting-smart-contract-app-solidity
BizBons/voting_webApp
siddot/Voting-Smart-Contract
ajeetk1/ethereum-anonymous-voting-main
bliitzkrieg/etherum-voting-system
Jacevezh1/Voting-System-Solidity
Riocodex/Voting-app-frontend
ankurdaharwal/PowerLedger
Gonenti/Election
SweetBubalehj/Decentralized-Voting-dapp
jvoljvolizka/CoolOnchainGovernance
kjain1810/Voting-With-Blockchains
narendra-sajwani/voting-dapp-scroll
substrate-dapps/wasm-voting
JediFaust/VotingComRev
tiago-nogueira/ProxyVoting
yubzee/UNBallot
Mahtelly25/Voting-system
Isgeny/token-voting
SreeXD/DVote
vietanhtran2710/solana-blockchain-voting
Isgeny/token-voting
SreeXD/DVote
zendcreative/permavote-smart-contract
boxting/boxting-smart-contract
shreyansh26/ethereum-voting-application
PhilipDro/ethereum-front-end
chen-zhu/Quadratic-Voting-Via-Solidity
krislander/E-voting
umut-enes-akkoyun/Solidity_Ballot
timmypelumy/voting-smart-contract
YawManuel/Voting-Smart-Contract
abhisharma1357/voting-dapp
sadekmehri/Full-Stack-Evoting-Dapp
rohanpillai20/Ethereum-Blockhain-Secure-E-voting-Decentralised-Application
timmychien/Absentee-Voting
dameeolawuyi/Dexvote
hemor/voting-dapp
AbdAsh/E-Voting-System
metadiego/qwestive-voting-tester
hidekiriyuga/Web3Learn
mlazzje/alyra-rinkeby-voting
QuentinWerz/voting.test
alanta335/blockchain_voting_website
AashishH15/Voting-Smart-Contract
mdecourcy/smart-contract-voting
armmarov/voting_smart_contract
paperlessgh/voted-contract
dev-soumyadeep/Voting-smart-contract
GenesisVision/genesis-markets-voting
Nandhakumar-P07/Voting-system-react
prakhar1684/Voting_system
mobm93/PNDdapp
jujubahamas/Ethereum-Voting-Project
Th1nkK1D/ethelection
venuziano/Voter-Solidity
lirumadev/Cross-DAO-Vote
Sushma-Varadaiah/voting
FredericCysique/solidity-smart-contracts
isaacadariku/voting-system-smart-contract
jspruance/campaigns-smart-contract
sekharkaredla/Smart-Contracts-Blockchain
ArnaudBernaille/SoliditySmartContract_VotingWeighted
r3d-io/Voting-Smart-Contract
xovest/election-smart-contract
opvs-io/e-voting-smart-contract
yanikitat/Voting
eundonglee/ERC223-Voting
franklinholguin/UNBREAKABLE-VOTE-BLOCKCHAIN-SOLIDITY
BahadorGh/Voting
JayusJay/voting
NeroModu/cruzHacks2021
manishkr62053/VotingContract
astroblockmani/Voting
syedibtisam/smart-contract-voting
tezos-commons/homebase-lite
orbs-network/ton-vote-contracts
KuroiKuro/VoteContract
MrKampla/votr-contracts
midesofek/EW3-Quicknode-VotingContract
ThisIsSahaj/Smart-Contract-for-Voting-System
ontspace/ontology-node-vote
Divyansh-singh08/Voting_system-using_smart_contract
f107110126/ethereum_voting_dapp
hassantauqeer/voting-dApp
timmypelumy/voting-dapp-contract
govinda-attal/voting-platform
umutbayar/smartContractVoteSystem
SupremeSingh/cairo-voting-contract
dragonheaven/decentralized-rating-contract
paul-mcaviney/Simple-Voting-Contract
Shubhangii1/Voting-dapp-contract
dicethedev/voting-contract
milind-css/Voting-Smart-Contract
azmalshaikh/ETHEREUM-VOTING-SMART-CONTRACTS
Ryne4/TG-Voting-Smart-Contract
IlhemBouriel/E_voting-smart-contract
ryukiee23/Voting-Smart-Contract
JediFaust/voting_smart_contract
CodingIsaac/voting-smart-contract
Purusuchit/Voting-App-Smart_Contract
annejungers/Upgradeable_Voting_smart_contract
codekabir/voting-smart-contract
Rana-Paul/Voting-Dapp-Smart-Contract
akash17101998/Voting_Smart_Contracts_Solidity
brainox/voting_smart_contract
sedat/voting-smart-contract
ThatsRajeev/Voting-Smart-Contract
nihara96/smart_contract_voting_app
CodyStone-boy/voting-smart-contract
ayush24-eth/smart-voting-contract
pont1s/voting-smart-contract
0livierDAVID/Voting-smart-contract
bhaveshnikam/smart-contract-for-voting
ChinmayPillai/Blockchain-Voting-Smart-Contract
sholajegede/Election-Voting-Smart-Contract
MidhaTahir/e-voting-smart-contract
jacchevr/voting-smart-contract
kiernangeorge/voting_smart_contract
Arrendy/voting-smart-contract
Gabriel-Mbugua/Voting-Smart-Contract
akrabulislam/voting-system-smart-contract
ericcariat/solidity_voting_smart_contract
Akweley/Voting-Smart-Contract
monstar911/voting-smart-contract
SerhatAkar/Voting-smart-contract
MaheshSurepalli/Voting_Smart_Contract
rashid3011/voting-smart-contract-truffle
akshi2000/voting-hub-smart-contract
webdevideas/voting-system-smart-contract
ionOM/Voting-Test-Smart-contract
ZainabMalik5/Ethereum-Voting-Smart-Contract
We-Dey-4-U/smart-contract-voting-app
sandeep-prabhakula/voting-smart-contract
rugved-mahamune/voting-smart-contract-etheruem
asujan205/voting-system-smart-contracts
tulLazy/Voting_smart_contract_brownie
LukaLazaraS/voting-smart-contract
Malachy-Olua/Voting-System-smart-contract
jjjmmy/smart-contract-voting
priyanshu4956/Voting-Smart-Contract
manugowda18/voting-smart-contract
jatinj615/Voting_Smart_Contract
kishan75/ethereum_smart_contract_voting
Dubaifinest/Solidity---Voting-Smart-contract
misterhamu/voting-smart-contract
thomasliyou/Voting-smart-contract
jmakwana01/Voting-Smart-Contract
iguptashivam/Simple-Voting-Smart-Contract
MrSahilShaikh/Voting-smart-contract
papakowdadson/voting_smart_contract
Prasanna0o0/Voting_Smart-Contract_Project
Falilah/Voting-smart-contract
GuillaumeVerb/Voting-Smart-Contract
Manas-277/Voting-Smart-Contract
WendyBonnie/smart-contract-voting
aaravjn/voting-smart-contract
mdismail-cse/voting-smart-contract
BhaskarPeruri/Smart-Contract-Voting-Project
mihirkawatra/voting-smart-contract
EnzoESSONO/smart-contract-E-voting
djviodes/voting-smart-contract
nikolicdan/Voting-with-smart-contract
knlv2501/voting_smart_contract
vishal816728/Voting_smart_contract
juwonleedev/Voting-smart-contract
cyberninja-X/smart-contract-voting-dapp
DanielMagro97/eVotingSmartContract
dlvisser/Eth_Smart_Contract_Voting
faressalhi/Smart-Contract-for-Voting
echoarmy/voting-smart-contract
mohammedrizwann123/Voting-Smart-contract
murtuza3488/voting-smart-contract-solidity
JonSnow1810/Voting-Smart-Contract
fawole141/voting-smart-contract
quocnda/Voting-Smart-Contract
coolworld2049/voting_smart_contract
AlikoGrace/voting-smart-contract-Aliko
lucaskf1996/CorporateVotingSmartContract
kuckiananish/Voting-Smart-Contract
segun-flexible/voting_smart_contract
reuseman/voting-smart-contract
yatinlakkaraju123/voting-smart-contract
samarth9008/Smart-Contract-based-Voting
AcmeCorpDev/voting-smart-contract
avyaanverma/E-voting-smart-contract
michaelorina/Voting-DAPP-Smart-Contract
michaelmcclimon/Voting-Smart-Contract
second-state/simple-voting-smart-contract
vijayanandhanit19/smart_contract_voting_dapp
GTsimogiannis/Smart-Contract-Voting-Simulation
blessingblockchain/Voting-Smart-Contract
Rishang-yadav/Voting-Smart-Contract
yszhdhy/Voting-Smart-Contract-Project
sprikshit/voting-system_smart-contract
devesh1011/Voting-System----Smart-Contract
sahilbansal123-lang/Simple-Voting-smart-contract
Jovells/voting-smart-contract
rohith14-cmd/Voting-Smart-Contract
jefferyokesamuel/Voting-Smart-Contract
elducati/voting-smart-contract
coderRaj07/Voting-Smart-Contract
divyam1705/Voting-Smart-Contract
thexovc/INEC-Voting-smart-contract
Ayobami-ANDROID/voting-smart-contract
hdash94/Voting_Smart_Contract
sangam-mishra/Ethereum-Voting-Smart-Contracts
laronlineworld/Voting-Betting-Smart-Contract
gwafflar/Voting-Smart-Contract
annevaz/smart-contract-voting
nkemjikaobi/voting-dapp-smart-contract
elliechason/Voting-Smart-Contract
rashid3011/voting-smart-contract-frontend
damn21/system-voting-smart-contracts
aman-webdev/voting-smart-contract
69kc/Voting-Smart-Contract-
Amit22antier/Voting_smart_contract_Algorand
gurguven/votingtest
andreocunha/Turing_DApp_Voting_Contract
ZeiroK/VotingSystem
lorenzolashkiba/VotingSystem
geofmureithi/smart-proposals
sanjaybip/hardhat-dao-smart-contracts
hdbaek/AgendaVoting
twinklestar03/Star-Voting
kasmaldev/Token-minting-voting-smart-contract-hardhat-vscode-
Cryptogenicc/VotingContract
kritika2100/Voting-Smart-Contact
Harshmanitripathi/Election-Smart-Contract
oneharry/Voting-smartcontract
ShubhamKadam098/Blockchain_Voting_System
AymerickCotche/project-1-Voting
joseluisdominguez/voting-contract-dashboard
kursatoltulu/Dapp-Voting-App--Web3---SmartContract
aagbotemi/voting-contract
yashbhavsar007/Voting-by-ethereum-smart-contract
azmatkamal/voting-app-ethereum-smart-contract
GuillaumeVerb/Voting-Unit-Test-Smart-Contract
rrithick116/E-Voting-using-smart-contracts
saurabh-ittisa/Voting-System-on-Smart-Contract
InfinityLabsCode/secure-voting-app-smart-contract
PabloLinaresGarrido/Smart-Contract-for-Voting-Process
amah-nnachi-lofty/Blockchain-Smart-Contract-Voting-App
programmablewealth/aavegotchi-voting-power-smart-contract
raghvendra9627/Voting-Smart-Contract-Blockchain-Project-
adisingh25/Smart-Contract-Based-Voting-System
sainiganesh15/Hardhat-Testing-Voting-Smart-Contract-
Sahityaaryan/Decentrallized_Voting_By_Smart_Contractors
michael-steinert/SolidityReactVotingSmartContract
developeruche/voting-smart-contract-minimal-proxy
Foo115/Whitebit-SimpleVotingContract
dmegbert/Voting
ma1vvare/Distributed-E-Voting-System-based-on-Smart-contract
Yangfan999/Votting-Dapp
ameyrao0447/blockchain-voting-app
elijahj19/ethereum-anonymous-voting-v2
nihanabaci/voting-system-dapp
estudos-danilo-lima/voting-system
Ninjseal/e-voting-ethereum
defidev0508/CULT-DAO
robmuth/blockchain-voting-analysis
nadee13/voting-app
dr-blockchains/PowDAO
ryanzhoustuff/blockchainvoting
loalm/eth_voting
Slymaster/unit_tests_voting
developeruche/zku-ballot-assignment
0EFB6/blockchain-voting-system
AymerickCotche/project2_voting_test
mohan-sys/Voting-System-Blockchain-Ethereum
Astr0-G/DAO-Template
haub92186/voting-js-sol
zakraicik/Decentralized-Voting-DApp
daksh2k/Blockchain_Based_Voting_system
mmednik/voting-system
mlazzje/alyra-rinkeby-voting-tests
TrunWu/blockchain_topdenmark
denipramulia/NgeVoting
oliverwalsh7/CL-HACKATHON-HEROKU
poorjude/voting-for-transaction
Neph-dev/decent-vote
TamaraRingas/Income-Tax-4-Africa
SimonYuvarlak/ICP_VOTING_CANISTER
bgibers/voting-on-chain
angelcatanzariti1/online-voting_blockchain
TamaraRingas/IncomeTaxForAfrica
kakashi-hatake/SCV
kshitjee/Voting-Dapp
lesfgoh/Vote_Template
namn-grg/Voting-System
drLis/homo-vote
yaryhiin/html-hardhat-voting
jasercion/Review_Voting
oliverwalsh7/SCVS-chainlink2021
trapvader23/solidityBallot
JeromeJULIEN/Alyra_Voting_TU
pritamnikam/Election
Dayanakumar/Voting-With-Blockchain-
sl0ths/blockchain-attacks-sim
twzjwang/E-Voting
jerryojay/I-Elect
godwin2912/TRUFFLE-VOTING-DAPP
gyan0890/aeprojectVoting
Rassska/VoteApp
AmruthPillai/Ethereum-Voting-Blockchain
anish2197/Voting-dApp
sudonims/voting-dapp
AntoineMarcel/spotify_discovery_web3
melkorCBA/voter-smcontract
AMAZINGHARIKRISHNAN/EMPOWERING-VOTERS
rithwikpradeep/Satofin_Voting
djlowes/hello-world-dapp_Etheruem
franciscoRossi/eth-voting
snehpahilwani/ePoll
animeshk08/voting-ethereum
dgigafox/consensus
thomasviana/kickstart_web3
MariaE-duarda/blockchain-voting
jclemans/voting_dapp
williamzhangumich/OnChained
brandonchaffee/statutory-voting
Harshad347/Decentralized-Voting-Management-System
FreeosDAO/votemvp
robertchung97/E-Vote-MVP
Lordfloyd/Vote-SC-for-Tezos
KLI9NYC/vote_1
Metapolis-Voice/metapolis-voting
suvambasak/eVoting-blockchain
briankostar/ethereumVoteCLI
harshvadi/Blockchain-Voting-App
sopheaksem1993/vote-solidity-smart-contract
karangoraniya/dao-smart-contract
TheLazarusNetwork/NetGuardSmartContract
robbiejay/ethereum-smart-contract-app
VagnerBellacosa/067_DesenvolvendoSistemaVotacaoBlockchainEthereumSmartContracts
oleksanderkorn/near-voting-app-smart-contract-tutorial
akshay575/e-voting
GRDN-SVS/vote-contract
daynis-olman/web3-polygon-voting
darubiomunoz/smartcontract-voting
Vaishnav-Kanhirathingal/Solidity-Voting-System-Contract
Nonnyjoe/Cairo_Voting_Contract
abagrov/eth-voting
shreyasnbhat/decentralized-voting
pavan-kaushal/blockchain-voting
jonatanjimeneza/Voting-Solidity
MightyRjey/tokenbased_voting
thmachado7/voting-dapp
michael-mcmasters/Poll-Booth-Smart-Contract
SpidChain/VotingSystem
0xAyoub/VotingProject
dmytrokohut/VotingDapp
EugenWay/VotingApp
sparshanurag/DApp-Using-Smart-Contract-for-Voting-System-
Vivek123-stack/Voting-System-via-Smart-Contract-in-Blockchain
kartikeya47/E-Voting-System-Using-Smart-Contracts
hrithikgautham/voting-smart-contract-cat-vs-dog
metamathstudios/XDC-VotingHubV1
JorgeVilano500/VotingDapp
pratham1659/Ethereum-Voting-Smart-Contract-on-EVM-
Tshivasai/E-Voting-Hyperledger-Fabric-Smart-Contract
Rajib-Kumar/Blockchain-Based-E-voting-Using-Smart-Contract
yourFbiAgentBob/BlockChainVoting-Near-smart-contract
axiomatic-aardvark/Decentralized-Voting-Web-App
shettykaran21/blockchain-electronic-voting
Praveen131299/E-Voting-Blockchain
ishani02/Voting-dapp-on-Tezos
washboardalex/eth_voting_dapp
usamasarwar188/Blockchain-Voting-Web-DApp
shaikrasheed99/cosmwasm-voting-smartcontract
rickhysis/vote-coffe-near
mal0312/SC_VotingSystem
Bankencrypt/Smart-Contracts-
Dip11/Blockchain-Decentralized-Voting-DApp-with-Web3-SmartContract-NuxtJs
prithuadhikary/voter-smart-contract-demo
monogot/dao-smart-contract
juanibe/solidity-voting-contract
mylesgamez/Solidity-Voting-Contract
Peter-Paul/voting-on-ethereum
Sayrarh/Voting-contract-using-quicknode-s-RPC
jayantdahiya/wavePortal-Solidity-Smart_Contract
Gokay1904/Solidity-Simple-Vote-Smart-Contract
ccbond/Voting
generall3/Voting-Engine
ByronChung/Voting-System
tommaso-caputi/voting-DAPP
rickyxiaoyang/dapp-voting
Adarsh-1806/Voting-App
dulajkavinda/decentralized-voting
parkDevloper/voting-system
MosesSupposes/Voting-Ballot
emiridbest/Voting-Smart-Contract-On-Celo-Using-Web3.js-and-ContractKit
shashank-crypto/Voting-System
titan7585/Voting_App
Slymaster/voting_dapp
gmussi/solidity-voting
ClaudioDeMeo/eth-voting
Saivivek01/Voting-system
shiksb/Truffle-Voting
DallasWmk/SimpleVoting
dxganta/votium-bribe-automator
betosmith2000/clarity-basic-vote
scamilcar/votium-bribe
bytecode-velocity/PollVoting
Fantom-foundation/Fantom-Voting
mintymento456/voting-dapp
akshayblockchain/Ethereum-Voting
alinciprian/voting_system
JacquesGodin/BlockchainVoting
openartmarket/sui-move
nicefacer/Governor
qlyde/lunch-venue
yaryhiin/hardhat-voting
itsSauravK/Election-Voting-Blockchain
NickW0x/Voting-
yourarj/koii-smart-contract
mohdmamoon/E-Voting-via-Upgradable-Smart-Contracts-on-Blockchain
dmaulick/SmartContractPoweredKickstarter
mdmamoon58/E-Voting-via-Upgradable-Smart-Contracts-on-Blockchain
Sohan083/Blockchain-Enabled-E-Voting-System-Using-Smart-Contracts
CS-swpu/Decentralized-electronic-voting-system-based-on-smart-contract-development
ankitlochantiwary/Voting-System-Using-DAPP
solanm3/Election_Contract
huanlv94/voting-dapp-truffle
shaikrasheed99/online-voting-system-backend
narendrarane50/Decentralized-Voting-Application
mkbhiva/Voting-System-Solidity
gufett0/NFT-based-voting
AlexBrou/preferencial_voting_solidity
ehthind/Ethereum-voting-dapp
hjk216/CityVotingSC
Pongch/decentralized-voting-app
dabigjoe6/truffle-simple-voting-dapp
elijahj19/ethereum-anonymous-voting
Shantanu35/E_Voting-Using-Blockchain
Nonnyjoe/Frontend-For-Voting-Token
gregs-hub/alyra-projet01-voting
harvirhansra/Commit-Reveal-Voting
praveen-patare/blockchain-based-voting-app
AymerickCotche/Project3-Voting-Front
stephan-wittig/voting-on-ether
PhilipDro/ethereum-voting-dapp
gyan0890/SolidityVotingAlpha
dumindarw/voting-app-etherium
ahmarzia216/Voting-System-with-Solidity
Vivek5456/Voting-Web-3.0
evertdiaz/dapp-voting-example
Gandharvdalal/Ethereum-Voting-Dapp
BenLasanas/Thesis-BlockchainVoting
Bradley-Coy/Voting_App_Tutorial
ArionMiles/E-Voting-dApp
nickforbizz/Blockchain-Based-Voting-System
benoitrion/agora-voting-aragon-witnet
Jonathan5122827/Ethereum_Smart_Contracts
sjc5/say-gif-smart-contract
Jm-Correia/blockchain_code
Yannistan/exercise-solidity-referendum
Marlup/Cryptopollis
nippa-97/VoteME
snannamu/E-Voting-System-Based-on-Ethereum-Blockchain-
nerfZael/votr
headline-design/algo-vote
doriancrutcher/blockvote-js
Vishwamagdavan/Fake-Proof-Voting-System-using-Blockchain-and-Aadhaar
MerchDAO/xMRCH-governance
Amxx/vote-protocol
danBamikiya/electronic-voting
hasnat23/BitVote-A-Block-Chain-Voting-Application
suryapranesh4/Voting-token-ERC20
hridayanp/d-vote
erwinjeffrey/Ballot-Dapp
SPECTR3R/BlockVote-DApp
KabirajShubhro/BlockChain
kuco23/ZVote
letbecool/T-Dev
staticinstance/IPFSImageETHVoter
AnuPlayz/VoteChain
glauberdm/EthereumFinchainCourseVote
Gift-Stack/votely
jerobar/democracy-nft
ShitHubERC/vote-protocol
hudsonhrh/DVT
SRI-VISHVA/TN_ELECTION_2021
cheddarking/Ballot-App-Ganache-Blockchain
bytangle/decentralized-balloting-system
Algoknox/decentra-vote
poppyseedDev/ai-governance
clint911/Taarifu
BiliqisO/voting-and-uniswapV2-interaction
platocrat/sig-project-proposals
0xekez/cw-lamp
MalarenaSA/fundraiser
RANILREDDY3009/blockchain-poling
deep1172/Blockchain-Projects
charafzellou/tezos-pascaligo-vote
ajitkrishh/Voting-System-Based-on-Bloackchain
MKen212/fundraiser
fvilca/Blockchain
coreai/CuriosityCore
PeerMeHQ/dao-plug-snapshot-sc
ETedward/OsinToken
Klasnov/BlockchainExperiment
axaysingh/solidity-voting
Rishabh0914/Smart-Contract-for-Government-Tenders
fahaddev679/Voting-Dapp
agnivchtj/e-voting
vinuch/this-or-that
bauanh240/VotingETH_SM
kobiazz/Elections--Block-Chain-Smart-Contract
PallaviN26/Decentralization-of-E-voting-systems-based-on-Smart-Contract-and-Blind-Signature-using-Blockchain-Te
matrixgalaxy/Secura-A-blockchain-Powered-Voting-App
IPodtsepko/voting
poonam125sharma/voting
feller0107/solidity-smart-contracts
Generic35/Blockchain-Election-Smart-Contract
MuhammadMesum514/Blockchain-Application-Voting-System
dmadelyn/Voting-Machine-DaPP
anay07/Voting-Using-Blockchain
celtiberian/blockchain-voting-system
NicoCasal/Proposals-Contract
soumalya340/Evoting_contract
andreibudoi/react-eth-commit-reveal-voting
thinksmart-arch/security-code-metric-collection-for-smart-contract.-E-voting-casae-study
Prasannaverse13/Smart-Contract-Applications-on-Hedera-Hashgraph
thiagosaud/dApp-superior-electoral-court
AHAMIKA2001/votingSystem
Tusharbecoding/Crowdfunding_smart_contract
yassineelkhadiri/E-voting
corleone0007/Voting-DApp
AnjaliSharma1234/DeVote---A-Decentralised-Voting-System-
bliss-sid/Decentralized-voting
riya-1711/Voting-DApp
finnjones/Blockchain-Voting
hearnjohn/Voting-DApp
Yashdudy/VOTING-SYSTEM-USING-BLOCKCHAIN
Stabbershade/VMS_Assignment
prashantexe/Voting_Dapp
Rohan-Nandula/blockchain-e-voting-portal
crown-of-napoleon/Dencentralized-Voting-System
masaun/xuni-governance
rajshrestha86/VFC_API
Sehajbirsingh/BlockVote_Dapp
minority4u/blockchain-ethereum-app
iamnotanirudha/E-voting-Dapp
Nicolascoding27/democracy-Solidity
adamstallard/coinsensus
BriantOliveira/Arcethtech-Frontend
secure-vote/sv-api
cleancoindev/founders-vault
BriantOliveira/Arcethtech-JS
BriantOliveira/Arcethtech-Frontend-test
Motanovici/republic-of-trust
matt-mertens/election-ethereum-dapp
SahilJaiman/E-Voting-Dapp
ZaderCode/blockchain_voting_system
Kushagra-Gupta-2607/Blockchain-Based-Voting-System
siddharthakaushik/Online-Voting-System
UpekshaHerath/Blockchainbased_Voting_System
mayur1064/Decentralized-Voting-System
MeiChihChang/E-voting-by-Solidity
dhruvi-shah999/Online-Voting-System
mksanjeewa86/DAO-Voting-System
Lakshmishreya-Bapatuyeruguti/Hardhat-HandsOn
akshay-azblock/MetaNFT
theteloscope/trailcomment
dxganta/crv-bribe-automator
sujaykumarmag/blockchain_voting_system
TalentDev00/LogoVote2017
d-nagy/secretballot
scamilcar/crv-bribe
reflexer-labs/auto-crv-gauge-incentive
Cleta-LLC/nft-dao
enm4x/Tezos-vote-ligolang
MajdGhazaleh/Ethereum-Project
jayy-lmao/food-pol
bonnguyenitc/posts-dapp
0xTDF/Petition-dApp
mustfeez/election
akanksha4715/VotingDapp
Aleksandar-G/web3-ballot
Arch0125/dcent_voting
RBReif/secureVoting
matisidler/solidity_voting
rythmern02/Voting-Dapp-
RAKESH9494/Voting-System
shakeelzafar3/Voting-dApp-using-Ethereum-and-Solidity
Akkii4/ElectionDapp
RCantu92/decentralized_crowdfunding
cedoor/elekton.js
abdulmls2/Solidity-Simple-Voting
KenchamVinay/Blockchain-Voting-Dapp
moxnr/eth-e-voting-project
99vivekjaiswal/BlockChainVoting-master
PeterGemmell/Blockchain_voting_app
Jayrajrodage/Voting_on_polygon
Suman84/blockchain_voting_app
Rwbrandt/Blockchain_Ballots
Sauravskv07/Block-chain-based-Voting-System
R0HITKUMAR/castmyvote
kyledewy/MerkleVote
yasielhp/effectopia-dao
soaham-pimparkar/supplychainLogisticsSystem
bassjobsen/asch-mini-dao
JeremyOsz/SolidityPractise
sebin7tony/Election-Ethereum-Dapp
Eberewill/digitVotes
pramodaCA123/Decentralized-Event-funding-using-blockchain
loveliiivelaugh/react-election-dapp
chandan1607/Crowdfunding
alirazacodes/Blockchain-Vote-casting-V1
mohdnneloy/Choice
bradj00/multi-sig-wallet
komus-Israel/DEVO-react-app
muizayo1/Decentralized-Autonomous-Organization
Nnamdichukwu/startup_pitch_dapp
alirazacodes/Blockchain-VoteCasting
bauh691/governance
daniellestroscher/Dao-hardhat-fcc
Jayrajrodage/Voting_Dapp
rajat-07/voting-dapp
nicholasmgoldstein/Blokracy
Tarunz2002/MyVoting-Solidity
himang305/Blockchain-Voting-Dapp
crimsoftit/duaraVotingDapp
mayureshpwr/Decentralized_Voting_Application
tiyabhat/voting-system-blockchain
Abhishek-Malviya17/Votereum-Voting-Dapp
waqastariq05/Dapp_Voting_app
ShivankK26/Voting-dApp
ehsomma/mydao
obinnafranklinduru/NFT-DAO
SensusNetwork/SensusNetworkToken
thomasbeckford/songchain
42eggs/DPoll-Decentralized-Polls
deeppatne/Blockchain-Voting-System
Javed69/Ethereum-Voting-Dapp
nehapawar1502/EVM-Blockchain
MaxTetteh/Blockchain-Ethereum
like-foundation/like-search-contract
akshatdoshi/Blockchain-Based-Voting-System
VivekhnUVCE/Lets-vote
DannyXY/CryptoDevs-DAO
samc621/Crowdfunding
astroblockmani/Kickstarter-Example
sjc5/say-gif-react-app
Ncortesa/StartupFunding
bank8426/nodejs-solidity-eth-web3-hello
rehanganapathy/Dao-moralis
nikhammerellis/ethereum-blockchain-kickstarter
sadministrator/EthStarter
Salsabeelkhan/CrowdFunding
querylab/PollSurvey-Decentralized
taksh-doria/VotersPortal
abrar312/Election_DApp
iamsurajchahar/Decentralized-Application
TuMicro/Clowder
KibetBrian/server-bvs
Sharma-Hrishabh/TLR_Hack
Pushpit07/DeVote
Aboudjem/catalyst
stntsai/CrowdCoins
Jayrajrodage/Decentarlized_NGO
venom33cm/ELECTION-VOTE-DAPP
Piyushrai558/voting-via-blockchain
saikalyankadali/Implementation-Of-Decentralized-Trustless-Voting-On-The-Ethereum-Blockchain
Nilesh-Nath/DecentraVote
smoke-trees/CESS
HarshJoshi123/ElVote
johnsonAyo/etherDapp
Leopard-CC/catalyst
colinsteidtmann/Novelty
manmohansisodiya2299/Election_App
thirdbridge/mvp-vote
atama526/kickstart
corleone0007/DAO
mikelord007/Investor-DAO
ThunkyBin/DAO-Sample-Code
vianathania09/Via-Nathania
muditsarda1122/Crowd-Funding
contactjulientran/defi1
harshthakur066/FundFront
SoumyoNathTripathy/Apna-Chunav
kenzokaitoshi/neon-project
wajih942/Dao
prafulljosh/IDOLeaderboard
MohammedAjari/DecentralizedTripPlanner
drishti2511/Cowdfunding
Jayrajrodage/charitable-trust
SpaceUY/se-challenge-7-multisig
samgabrielbb/criptothalathalapathy
yan-man/appraisr
ThunkyBin/ART-CENTER-DAO
akshatgupta-1/CrowdFundingProject
CryptoSpotsApp/-CRYPTOSPOTS-TOKEN-SPOT-
Jsebas1198/InvestorsDAO_WEB3
tiwarisakshi28/ERC20-token
timothyjacque/kickstart
Mdshobu/Liberty-House-Club-Whitepaper
