argentlabs/argent-contracts
safe-global/safe-wallet-web
0xsequence/wallet-contracts
pillarwallet/pillarwallet
SoulWallet/smart-contract-wallet-4337
getwax/bls-wallet
ton-blockchain/wallet-contract
dapperlabs/dapper-contracts
candidelabs/CandideWalletContracts
polymorpher/one-wallet
authereum/contracts
witnet/sheikah
piomin/sample-spring-blockchain-contract
phantasma-io/PhantasmaChain
dappuniversity/hd_wallet
cipherzzz/erc20-megawallet
jzaki/bls-wallet-contracts
allanclempe/ether-wallet-contract
thirdweb-dev/proxy-contract-wallet-example
blunt-instruments/MevWallet
AugustoL/quick-wallet
horizontalsystems/ethereum-kit-ios
horizontalsystems/ethereum-kit-android
SwipeWallet/Swipe-Wallet
Meshugah/ERC20-CommonGasWallet
leadwallet/LEAD-Stake-DApp-Backend
0chain/zwalletcli
thomas-waite/zkSocialRecovery
ivan-homoliak-sutd/SmartOTPs
destrys/ethereum-multisig
goblockchain/smart-contract-checking-account
hashmesan/harmony-totp
adrianhajdin/project_web3_battle_game
SmartAgentProtocol/SmartAgents
pyAndr3w/ton-preprocessed-wallet-v2
Lamarkaz/Metacash-contracts
flexahq/capacity-smart-contracts
facebook-developer-circle-delhi/Smart-Wallet
nymlab/vectis
izn/ethereum-rinkeby-wallet
smart-chain-fr/tokenomia
Nobody-Labs/bundler-wallet
nitesh7sid/js-kotlin-crypto-interoperabilty
cryptobuks/zkWallet-contracts
cardinal-labs/creator-standard
zkemail/email-wallet
rupeshtr78/fabric-paper-sdk
davocarli/arbitrage_wallet
utkarsh1148/Blockchain_Flutter-_App
nicholaspai/upgradeable-erc20-dapp
ram1991/Solidity-Smart-contracts
paskals/smart-bank
Ghadi8/Smart-Contract-Wallet
GetDala/dala-wallet
smchala/demultiplexer-wallet
emilianobonassi/gas-saver-gnosis-safe-module
Jubr1l/Ethereum-Smart-contract
DarkHorseCorder/NFT-ERC721-Polygon-SmartContract-Solidity-React-Hardhat-TailwindCSS-WalletConnect
PhelimonSarpaning/zefi-contracts
avneesh0612/nftank
jarrodwatts/eip-4337-react-app
cryptotavares/eth-wallet-monitor
ibjc/smart_wallet
GitLeandroHub/flutter_ethereum_web3_dapp
andrewinsoul/sharedWalletUI
riusricardo/burner-wallet-audit
LearnWeb3DAO/smart-contract-wallet
traxioncoin/TraxionWallet-Smart-Contract
SoftJourn/sj_coin_wallet_xamarin
roverxio/toadplatform
KYRDTeam/SmartWalletContracts
gawd-coder/Deploy-Smart-Contract
sashaaldrick/ERC4337_AAA
lenarsaitov/account-abstraction
smitrajput/keycrypt
logicalmechanism/cogno
SwipeWallet/swipe-iwo
zeus-fyi/defi
thackerronak/SmartEthereumWallet
cupcakes-3/sdk
emaitee/mylikita-near-wallet-project
emTr0/NFT-Minting-and-Web3-App
CryptoDefiTools/drip-account-manager
xJonathanLEI/EOSafe
octopus-network/octopus-relay-webapp
tomteman/attendr
edubrunaldi/generic-wallet
jonatanjimeneza/MultiSignWallet-Solidity
Generic35/Ethereum-Wallet-Dai-Token-Clone
Ashishkr05/crypto-wallet
Coindash-Inc/WalletApp
Acidcry/SmartContracts
geovgy/smart-wallet
Lamden/lampy
AlisProject/FrozenWallet
CCC-NULS/offline-smart-contract-platform
camiinthisthang/web3-js-frontend-starter
promise955/Wallet
Melon-Network-Inc/melon-contracts
SumanChakraborty1998/MultiSignerWallet
Eric-Lan0/SharedWallet
jjanczur/SolidityDrive
Valda1/wallet
siddot/Wallet
PietroPiraino/SmartContractWallet
fernandojs/SmartContractWallet
Jordan51168/Trx-auto-debit-withdrawal-smart-contract-bot
lmusarella/Pancakeswap-Prediction-Bot-2023
boy672820/userwallet-contract
NunuWallet/nunuwallet-contract
emrahkar/Smart-Contract-Shared-Wallet-
SBagaria2710/wall.eth
EWCunha/multisig-wallet
IkigaiLabsETH/smart-wallet-contracts
unfold-22/scw
MoeezAhmed1609/Wallet-Solidity
krypton-wallet/wallet-program
Jaimeloeuf/Gasless-Magic
maxgrok/MultiSigWallet
shaonmoro/smw
dbrans/smartwallet
Jason-Dorman/smart-contract-wallet
masterbid/etherwallet_smart_contract
TarusNicky8/Ether-Wallet
SkollAteTheSun/Smart-contract-Wallet
123-code/Smart-Wallet-Contracts
Evalir/BrakeWallet
Ruofan00/Smart-Contract-Wallet
zytfo/evmosWallet
jeremiahogutu/multisig-wallet
julesrobichon/First-Smart-Contract
NzodaX/Wallet.sol
RFE-Chain/smart-wallet
Walletika/walletika-contracts
Raghav-dvlpr/Matic-to-Matic-Wallet-Transfer-using-Web3
zkJoey/SimpleWallet
VanijaDev/SharedWallet
aglawson/GaslesslyAPI
BahadorGh/walletSmartContract
denzopas/myWallet
grassynull33/multisig-wallet
Joker2020-spec/ContractWallet
demius1992/SmartContractWallet
joshualouttit/smartContractWallet
willeynimbus/SmartWalletContract
SZun/SmartWallet-Contract
sushantburnawal/Shared-Wallet-SmartContract
MirzaAbdullahBaig/SmartContractWallet
nitinsomu/SmartContractWallet
mirkees/Custom-wallet-SmartContract
Unmesh28/Shared_Wallet_SmartContract
Prasiddhi1331/SmartContract_Wallet
dy808/SmartContracts-SharedWallet
dinesh3456/smartContractWallet
kartik78946/Bank-Wallet-SmartContract
swathireddy26/SharedWallet-SmartContract
ralintuscano/wallet-smartContract
Rohan-Shakya/SmartContractWallet
Aayush2205/SmartContractWallet-Beginner
KarateChap/SmartContractWallet
Nathanrowe32/SmartContractSharedWallet
dhananjay-14/SmartContractWallet
vinayboggavarapu/SimpleWallet_SmartContract
ultracoolbru/SmartContractWallet
MuzammilKhan6/Smart_Wallet-Smart-Contract
lj92458/smartContractWallet
anirudhreddyrachamalla/GuardianWalleth
Mayan-Ryan/Time-Lock-Wallet
Chikwamaio/ChikwamaWalletContracts
afshiiinhdp/wallet_by_smart_contract
alik-eth/u-wallet-smart-contracts
AffiliateCoin/MultiSignWallet
solidity-contract/smart-contract
alvin-tosh/Blockchain-Crypto
kevinmcfarlane/multisig_wallet
anoushk1234/solana-otp-wallet
gabrielkinash2/muiltisig-wallet
jet8/wallet-contracts
Alya-az/Walletku.sol
rohanhraj/MultiSignature-Wallet-SmartContract
vishaljhala/FamilyWallet
BlockFood/smart-contract-multi-sig
ldsanchez/smart-contract-wallet-se
rohanhraj/MultiSignature-Wallet-SmartContract
decadanse/smart_contract_test
Fanoflix/SmartContracts
RenzoDD/digi-wallet
Karitha-io/cenarion-faction
Karitha-io/kaluak-faction
NoroMeb/MultiSigVault
michaelcohen716/hedgr
TyllerDaniel/Solidity-Smart-Contract-MultiSig-Wallet
lekevicius/xpns
AleGiovanardi/EthereumTimeLockedWallet
Karitha-io/ironlight-faction
Karitha-io/hodir-faction
haseebx16/Multi-Sig-Wallet-Smart-Contract
Vindeep07/Simple-MultiSig-Wallet
Karitha-io/lannuvar-faction
filippofinke/finkechain
clutch-wallet/clutch-wallet-defi-contracts
siddharthvaddem/shared-wallet-allowance-smartContract
hmckeeman/SmartWallet
Play-Wallet/contracts
mathaip/MultiSigWallet
theabidkhan/hashpack-wallet-frontend
ntsd/auto-evm-wallet
yiftachsab/crypto-smart-contract-wallet
ernest404/cost-sharing-smart-contract
clippefuentes/simple_smart_contract_wallet
haz3141/wallet-smart-contract
Sparsh-R17/Wallet-Smart-Contract
TransylvaniaLabs/smart-contract-wallet-ui
coderRaj07/Simple-Wallet-Smart-Contract
mohammedrizwann123/Ether-Wallet-Smart-contract
shashireddy42/Smart-contract-wallet-
charismaaji/crypto-wallet-smart-contract
angelmc32/mvWallet-smart-contracts
Wallet-Counter/wallet-counter-smart-contracts
kaleabeabera/Smart-Contract-Wallet
MaxMariani/shared_wallet_smart_contract
calcleary/Simple-smart-contract-wallet
giovannivignone/smart-contract-wallet-demo
vedantroy/smart-contract-wallet
VictorONN/smart-contract-wallet-dapp
codinghistorian/wallet_smart_contract
0xshikhar/flux-smart-contract-wallet
omar-diaa-48/smart-contract-wallet
willeynimbus/Smart-Wallet-Contract
diogotorres/smart-contract-multisign-wallet
pinky-io/smart-contract-wallet-paymaster
SuhasLingam/Wallet-Smart-Contract
AnmolSinghNegi/Ether-Wallet-Smart-Contract
peterblockman/simple-wallet-smart-contract
Nikhilkajota03/multisign-wallet-smart-contract
FrankFan/smart-contract-wallet-demo
SaviDev/Smart-Contract-Wallet
Mihir-1/Smart-Contract-Shared-Wallet
VesqumBlockchain/SimpleSmartContractWallet
eaddaa/MultisigWalletSmartContract
dCipherDev/simple-wallet-smart-contract
raynear/ExchangeSmartContractWallet
ayushribhuyan/Wallet-Smart-Contract
yashbhardwaj03/wallet_smart-contract
rohitsingh290320052/smart_contract-wallet
andyh-bnb/wallet-msg-smart-contract
everscalecodes/simple-wallet-smart-contract
brandonchuah/Smart-contract-wallet
emadzaheer/Simple-wallet-smart-contract
antarpreet11/Smart-Contract-Wallet
engineerkintu/smart-contract-wallet
QuinterWangare/smart-contract-wallet
vgartg/Wallet-Smart-Contracts
mecskyverse/Wallet_Smart_Contract
Animesh-data/Wallet-Smart-Contract
SpaceCryptoDev/divWallet-Smart-Contract
1ohm8aa/smart-wallet-contract-
ancinpet/smart-contract-fe-wallet
0xfps/Shared-Wallet-Smart-Contract
Dimakl/Collective-Wallet-Smart-Contract
Shubhangii1/Wallet-smart-contract
WilliamGiammona/multisig-wallet-smart-contract
fabriicius/01-Smart_Wallet_Contract
rohitsingh290320052/smart-contract-wallet
ohapov/Ethereum-smart-contract-wallet
EjaraApp/wallet-backup-smart-contract
michaeljarizala/wallet-smart-contract
masterbid/multisig_wallet_smart_contract
Ragde54/Mutlisig-wallet
JimboLiao/MyWallet
zulhfreelancer/multisig_wallet
hankbenji/Ether-wallet-
citizenwallet/smartcontracts
tarunkhasnavis/multisig-wallet
ishak-dev/Blockchain-Wallet
Ragde54/Mutlisig-wallet
JimboLiao/MyWallet
bigdot123456/matrix_wallet
iChillieman/ChillieWallet
NevMoney/multisig-wallet
0xEillo/Multisig-Wallet
federico-freddi/Multisig.Wallet
EOSTribe/tribefiochat-smart-contract
pratik3098/AdvancedSmartContract
joshaustintech/wallet-authorization
sanjudefi/monthly-subscription-smart-contract
Jacevezh1/Multisig-Smart-Contract
passionative-dev/Wallet2
azerpas/prescurity-blockchain
jasonaw98/MultiSig-ContractFactory
jcdirect/MultiSigWallet-Smart-Contract
MDearth-io/NextJS_SmartContract_EthererumWallet
GuptaRoshan93/ether_simple_wallet
iKausik/ethereum-onChain-wallet
vaibhavaggarwal4/ethWalletDapp
hboisgibault/shared-wallet-dapp
syedsimanta03/multi-signature-wallet
EshmalSajjad/Smart-Wallet-Solidity
erenping/Time-Locked-Wallet
EjaraApp/multi-wallet-backup-contract
GulumseKadin/bank-smart-contract
blockchaingate/fab-wallet-app-sc
ChainEasy/ChainEasy-Wallet
KylinWu/Multi-signature-Wallet
andreypostal/shared-wallet-contract
FAB-Coin/fab-wallet-app-sc
ItsKalfar/MultiSignature-Wallet
zulhfreelancer/multisig_wallet_webpack
satran004/MultiSigWallet
eth-hackathon/multisig-wallet-starknet
korpryer/ERC20Wallet
saeesh0111/multi-signature-wallet-task
kirankrish792/simple_wallet_using_smart_contract
benjaminHilder/Ethereum-Wallet-Solidity-Smart-Contract
AhsenRiaz/MultiSignWallet_Smart_Contract
ManmeetSingh27/SoliditySmartContract-EtherWallet
waseemjaved755/SharedWalletProjectSmartContract
0xhrithik/smart-contract-wallet-social-recovery
Heynsss/multi_sign_wallet_smart_contract
hritikamk/Basic-Wallet-solidity-smart-contract
etrpekson99/eth-shared-wallet-smart-contracts
bugb/dWallet-Rust-Smart-Contract
tharsank98/MultiSignature_Wallet_Smart_Contract
benjaminHilder/Multisig-Wallet-Solidity-Smart-Contract
sholajegede/MultiSigWallet-Smart-Contract
DorianDaSilva/Stand_Alone_SmartContracts
Yamamuchi/multisignature-wallet
beauwilliams/AuthUpgradeable-abstract-contract-solidity
glitch-txs/web3modal-safe
PhilipCanete/dorahacks
njokuScript/account-abstraction-impl
nico-limo/wallet
darkerego/ethervault
pawankhetani/Multisig-wallet-smart-contract-in-solidity
ensbot/ensbot-gouravsanghai-smartcontractcreation
sheppieboy/multi-sig
ETHPrague-Discovery-Wallet/SCW
0xPranjl/ucpimagicalcontract
Mide001/multisigwalltet
BenSparksCode/multi-sig
Lebowski1234/dero-multisig
Kukuza/docs
adsick/makewallets
1delta-DAO/contracts-smart-account
kingsleyh/clutch-browser-extension
Captainzik/dectralizedwallet
zachary-tate/Tiger-NFT
blakecduncan/recovery-example
eliseoabelcarh/Solidity-Web3Js-DeployingSmartContract
endadinh/tron-contract
ZKP-Social-Recovery-Wallets/simplicy-contracts
laser-wallet/laser-wallet-contracts
umutbayar/smartContractVoteSystem
Kalyanasundaram12/-Ethereum-Virtual-Machine-and-smart-contract-deployment
zeapherine/wave-smartContract
RichJamo/multisig-wallet
MGoldstein18/wallet_vault
mshauneu/smart-contract-flutter-starter-kit
ChristianTaidi/LurienWallet
VR-Blackbird/brownie_wallet
pedrobergamini/SharedWallet
JohnKazantzis/GreenWallet
SamuelSlavka/zk-wallet
LuKks/wallet-accounts
agangdi/AwcWallet
dmgarland/thrifty_wallet
davideravasi/SharedWallet
gadgetboy27/eth_wallet
Taranmielec/SharedWallet
sheharyarone/SharedWallet_Solidity
Abhijnan-Bajpai/Shared_Wallet
maxigadea/SimpleWallet
cranium7811/transaction-wallet
elitedev201/perawallet-integration
sebapch/EtherWallet
tanpx12/chain-guard-contracts
K0NYA/ERC-20-Smart-Contract-Scanning-for-Honey-Pot-Analysis
osilodev/ethereum-solidity-contract
osilodev/solidity-erc-contract
WADAVKAR/Smart-Wallet-Contract-Using-Hyperledger-Blockchain-
Aiseluck/MultiSig-Wallet-Smart_Contract_Project
theiceeman/hashnode-hackathon-contracts
JBLeung/blockchain-smart-contract-parity-wallet-example
EnockMuk/Smart-contract-pour-un-portefeuille-ou-wallet
VaibhavAher219/Smart-Contract-For-A-Multi-Sig-Wallet
stalinMacias/Multi-Sig-Wallet
WalletZkApp/zkapp-keyless-wallet
brainfunc/erc20-wallet
SrMathew/Multisig-Wallet-Hardhat
manazpr/TimeLockWallet-Biconomy
bchain3/Multi_Sig_Wallet
saeesh0111/multisignature-wallet-task
akliludev/multsigWallet-Rust
alpdevcode/ethereum-multisig-wallet
Mousticke/multi-signature-wallet
kranthicodes/virtual-wallet-anchor-sol
golddydev/flash-wallet-dead-function
Andrej656/MultiWallet.sol
artsiom-sinitski/AvsTokenWallet
lucadonnoh/dappTokenWallet
sonupanchal0606/Time-Locked-wallet-
SkyzoxRobin/sc-multisig-wallet-rs
josh-sample-apps/my-wave-portal
sedoy107/iot_multisig_wallet
Mantavyajain30/Distributed-Wallet-Blockchain
Djioni/web3walletReact
jonatanjimeneza/EtherWallet-Solidity
arpit697/Multi_Signature_Wallet
AlijiEmmanuel-dev/time-locked-wallet
bowtiedbarbary/InheritanceWallet.Clar
Chista-Chain/Ethereum-Native-Token-Wallet
miguelleonmarti/multi-sig-wallet
EoinFahey/smart_contract
startup-dreamer/Smart-Wallet-Project
vitwit/Multisig-Wallet-ERC20
romanrakhlin/MultiSigWallet
InsomniaHax/multi-signature-wallet
yasmine9/TimeLockedWallets
soyash/MultiSig_Wallet
sergeyss/waves-wallet-protection-example
CoboGlobal/cobosafe
JJ-Top/Despliegue-en-Ganache-de-SmartContract
noob-sumit/SimpleWalletSoliditySC
fassko/multi-sig-wallet
LaunchPADInc/multisig-wallet-deployment
RobShone-git/Multi-signature-wallet
InfinityBloks/wcw-wallet-testnet-sc
tugee/cryptoChainAnalyzer
Divinejicks/Multisig-smart-contract-personal
k4m4/horus
osilodev/ethereum-smart-contract-solidity
AdrianGeorgeM/Multi-Signature-Contract-Wallet
manuelx77/smart-contract-for-trading
ndulue/Multisignature-Smart-contract
jake-sanjuan/Wallet
roshan07273/Vending_machine_Smart_contract
guiromao/inheritance-modifier-smart-contract
kcearns/ipfs-file-manager
Maheswaranx15/MerkleTree_NFT
niyotham/Smart-contracts-for-educational-certificates
Veso-P/A-Simple-Smart-Wallet
ZehavaBatya/Intelligent-Wallet-For-Plus-Ones
CodeLuminary/multi-sign-wallet
floranguyen0/meet-cap
itachi2003/ERC721A-extra-function
hudavn/wave-portal-sc
Throvn/web3-multi-signature-wallet
Lucent0x/LUCIDITY-WALLET-DAPP-V2
lorenzosyku/smartContract-dashboard
Infinite-Charisma/Web3-Ethereum-DeFi
mainnetblockchain/sendEtherThroughSmartContract
alymurtazamemon/guardian-social-recovery-wallet-solidity
snowleopardAlexa/metamask-nextjs-smart-contract
carloocchiena/eth_smart_contract
engineerkintu/smart-contract-basics
Agilulfo1820/SimpleSmartContract
zabeerrahman/Truffle-Ganache-Metamask-Solidity-Smart-Contracts
Erbaz/Solidity_Smart_Wallet
Stefan1612/Solidity-Contracts-Bundle
dhabicoin/smart-contract
nwokoyepraise/multiparty-consensus
rounin-rp/multi-address
doxuden/Group-20-Crypto-codes
Dogecoin-2-0/timelock-tx
SpaceFace02/Splash-NFT-Collection
Mandy-Pu/brownie-fund-me
RedWilly/Cackles-Backend
Al-Qa-qa/multisigwallet
VivekMal29/hardhat-fundMe
SuperRich/soliditywallet
guiromao/functions-solidity
Vefi-Ecosystem/vefi-multisender
intechfs/AICoin
dfoderick/botwallet
0xnibbles/Wallet---Smart-Contract-for-Ethereum-on-a-Private-Network
MASHMZC/Task-11
mosi-sol/VerifySignature
BanerjeeProdipta/Tokanized-Humanity
Frankie971121/finalYearProject
Taranmielec/setAddesss
konsbe/_web3.0
ashtonrobinson/bank
Mudalue/Blockchain-application
CampbellD84/solidity-multsig
0xFernandoDias/custom-solidity-smart-contract-using-ContractKit
wdcs-lathiyabhavin/Multisignaturewallet
patricklongo1/WEB3-BLOCKCHAIN-SMART_CONTRACTS
mooezz999/Lottery-Smart-Contract-Using-ChainLink-VRF
WalletZkApp/zk-keyless-wallet-contracts
jasmine-wadhwania/Parking_Lot_Automation_Blockchain--Smart_Contracts-
firstneverrest/Smart-Contract-Solidity
vishal-k25/Smart-Contract-on-EVM
redx14/FirstSoliditySmartContract
Dnyaneshwar-dev/DappWallet
daxchain-io/cli-wallet
Erriccc/allowance_wallet
EWCunha/Shared-Wallet
Alexander-Beaudry/Inheritance-Smart-Contract
Grovercode/Flutter_Etherium_Smart_Contract
ATV3320/FirstSmartContract
moshodi/swap-wallet
zulurepublic/multisig-wallet
FudgyDRS/SoloWallet
rgm93/ReWallet
sgrpanchal31/ethWallet
mds1/CompreWallet
nelsoncamposCW/happy_wallet
cit1u/kaboodle-wallet
Somweb3/SmartContract-on-CrowdFunding
CarloFichera97/Shared_Wallet
tom2o17/webWallet
theblock-dev/EscrowWallet
Talha-Javaid/Shared-Wallet-with-Allowance-Functionality-Solidity-Smart-Contract
newlinedeveloper/Decentralized-Wallet
paradoux/shared-wallet
NinjaDexter123/ParitechWallet
amrshaban2005/ether-wallet
gayamsridhar/MultipartyWallet
mhusnainee/Shared-Wallet
hrushigawade4/EtherWallet
DikshyaH/SharedWallet
varunkverma/Shared-Wallet
Bankencrypt/Smart-Contracts-
catenacap/restrict_EVM_US_other_Wallets_Via_Smartcontracts
vvarl0cks/TW-smartwallet-react
petermartens98/Web3-Lottery-dApp
NacheteTnf/Crypto_SmartContract
codebreaker-pk/SmartContract-Frontend
donatedTunic1290/CryptoWallet-Basic
solidity-contract/erc-solidity-contract
simpletut/web3-crypto-wallet
CharanRajG/Multi-sig-wallet
Th3Un1qu3M4n/MultiSigWallet
alimazhar4/basic-crypto-wallet-solidity
keirongulrajani/Ethereum-wallet-browser
harshs404/HS_CryptoCoin_Wallet
0xValerius/multitoken-multisig-wallet
libersoft-org/solidity-multi-wallet
danBamikiya/MultiSig-Wallet
shaunazzopardi/secure-parity-wallet
devon-n/YearnDefiWallet
masTechDeveloper/erc20-web-wallet
invis2912/multisig-wallet-eth
vishalzac/Multi_Sign_Wallet
skiran017/multi-sig-wallet
nuthan2x/MULTI-sig-wallet
shaunazzopardi/secure-parity-wallet
matvii09/Web_Wallet_ERC20
loktioncode/wallet-whitelist-dapp
horyd/eth-debt-wallet
Crypt0zauruS/react-first-ethereum-wallet
michaelmcclimon/MultiSigWallet
mingcs/mern-crypto-wallet
firasbelhiba/Shared-Ethereum-Wallet-
omerozerr/basic-eth-wallet
farirat/solidity-forwarder-wallet
PranavAggarwal471/Smart-Shared-Wallet
swebe3qn/solidity-shared-wallet-with-allowance
MauroACSReis/Lottery-Smart-Contract-And-Frontend
amah-nnachi-lofty/Blockchain-Smart-Contract-Voting-App
evertdiaz/nft-alpha-people-smart-contract
VictorONN/smart-wallet-integrated-with-compound
Vedant2254/Fundme-hardhat-blockchain
guiromao/shared-wallet
KashifCh-eth/Time-Lock-Smart-Contract
Fritzthcat/wallet-watcher
adamcanray/wave-portal-web3
farhanzulkifli/fancyform
RAHUL-26/Smart-Contract-Deployer
apooravvyas/PG-Booking-Smart-Contract
Adityaweb3/pay_investors_smart_contracts
HenokD11/Smart_Contract_Algorand
rogerCapone/Staking_Smart-Contracts
omkar342/Ethsender-Smart-Contract
kronus-protocol/.github
K1-R1/SwayMultisig
Ashuu02/Krypt
starknet-edu/points-migrator
solidity-contract/ethereum-smart-contract
mattlockyer/donatti
zkSocialRecoveryWallet/zkSocialRecoveryWallet
shahdostofficial/WalletLocker
commown-shared-wallet/contracts-dapps
hendisantika/springboot-blockchain-contract-sample
Blockchain-Community/clean-contract
Aiseluck/MultiSig-Wallet-Dapp_Front_End_Project
appoule/multisign_wallet
sukhajata/wallet-login
NinjaDesBois/Ethereum-Wallet
Sam-Devs/Transaction-Wallet
dev0cloo/ether-wallet
JordanB13th/Wallet
NamaWho/multisig-wallet
MatiasMorales/shared-wallet
dollarboss65/kompwnd-smart-contract
akpumacy/GRAIL
ashuxshimra/Grief-time-fund-allocation-smart-contract
solidity-contract/ethereum-solidity-contract
angel7544/EcommercePaymentWallet
IamMukulTaneja/SharedWallet-Using-Truffle
discarbon/discarbon-devcon-attendee-contract
zillehuma75/lottery-smart-contract-
Pedro-vk/Bet-Token-wallet
Sohailul/simple-wallet-using-blockchain
JamesSubba/Inbox-Smart-Contract-Solidity
Pelcat/multisig-wallet_13
jutivia/MultiSig_wallet
ljz3/Campaign-ETH-Smart-Contract
ShivankK26/Solidity-Smart-Contracts
agelessZeal/rps-game-protonchain-contract
stream-protocol/stream-web-wallet
kska32/K-Wallet-V2
Hopizi/multi-sig-wallet
ritikbhati/smartcontract
zubayrrr/Simple_Ether_Wallet
bradj00/multi-sig-wallet
goldnite/safe-wallet-test
kennethihezie/time-locked-wallet
BETCHAIN/BETCHAIN-SMART-CONTRACT
TaeHyun-Mark-Kim/StableCoinWallet
vikitor755-portfolio/multi-signature-wallet
codebuster22/smart-account-diamond
royvardhan/Time-Locked-Wallet
iamVaibhav100/multiSign_wallet
catenacap/Restrict-US-Wallet-Validation-on-EVM-Protocol-Comibined-
Raghav-dvlpr/BNB-to-BNB-Wallet-Transfer-using-Web3
Raghav-dvlpr/ETH-to-ETH-Wallet-Transfer-using-Web3
KaydeeJR/10-Academy-web3-dApp
Asif12as/BasicWALLET-CONTconnection_withDAPP
ManueleNolli/ExpoDapp-WalletConnect-Ethers-Hardhat
modumdo/mdo-smart-contract
SoftJourn/sj_coin_wallet_react_native
Oyeins-GUI/Timelocked-Wallet---Web3.0
Bitcoincrown/BTCC-Token-Smart-Contract
feller0107/solidity-smart-contracts
RizPur/eFriendWallet
RajeshKumarRoy/Ether-Wallet
Adesdesk/wallets-by-account-abstraction-in-solidity
bcnmy/smart-account-modules
anonymgit/html-fund-web3
jamiryoquay/11-Use-A-Tron-Wallet-To-Execute-A-Smart-Contract-Call
Bookstore3/Making-Smart-Contract-through-Meta-Rop-MyE-Remix-in-Kor
damarnez/walletlink_example
GK-m8t/Escrow-contract
shaikat010/Multisig-Wallet
bitriel/vesting-wallet
Peter-Flynn/AutomatedAdmin
ncs5306/SimplePasswordManager
RajeshKumarRoy/ERC20-Wallet
imukerji/wave-solidity
RhaphePDX/DemoNFT
camelCasingGod/FaucetV2
RanaReebaal/ERC-4337-Standard-Examples
hup2chris/WatchNFT
mithileshdsoni/Online_NFT_Card_MultiPlayer_Game
vmmuthu31/Immovables-web3build
RanaReebaal/Web3.0-Latest-Techs
hill399/UserFeatures
wrightkhlebisol/MultiSigTransactions
chengq220/static_pages
abeltolu/react-hardhat-eth-sender
pramaths/simplewallet
pugzly/vetta
MoveOnLibra/OpenAPI
abdulhakim-altunkaya/SOLIDITY-exercises
fullstacksk/uniswap-blockchain-app
manomage/my-wave-portal
Divinejicks/Web3Modal-White-Listing-Dapp-Personal
wencio/solidity_tokenswapexchange
LautaHern/tokenXRD
unenunciate/ledger_pay_frontend
thecil/rtw3-create-nft-gallery
Karansidds/metaschool-nft
Hawk94/the-eth-star
hcote/solidity-web3-ethereum-multisig
cherylkw/multisigwallet
Akshay-1804/Web3_connect
glauberdm/EthereumFinchainCourseToken
keleffew/multisig
wmk1/wmk-splitter
Igodlab/Ethereum-multisig
0xfuje/ethwallet
yelfoppo/YelfsNFT
ku-ra/nft-exchange
smlogsubramani/BLOCKCHAIN
cryptoderes/wave-portal
RationalAsh/kudos-program
inghong06/Solidity_Whitelist
umang-1305/Krypt
BNBCToken/presale
Oighty/p256scw
chhavipurbia/Ether_wallet
pkthein/deployWeb3py
auroraug/NFT-Gallery
sauravfouzdar/solgate
0xsidd/CoinFort
creative-web-graphic-solutions/Decentralizedwallet
aidantlynch00/donate-to
Eduardo-Puentes/summarize
josygeorge/dapp-mini-project-reactjs-hardhat
deep1172/Blockchain-Projects
MuhammadZubair210/Ethereum-Blockchain-with-Solidity
akashmehrotra29/my-wave-portal
Supertuba12/ETHGlobalxOpera-account-abstraction
0xkgoel/solid-giggle
CardanoEvo/CardanoEvoProject
anoochit/flutter_web3_erc20
alicialycan/clarity-counter-poc
crypto-wolf-1203/cosmwasm-sketch
auditrate-tech/detect-scam
ak-cipher/flutter_nft_integration
jswirbs/EthereumBlockchain
chenxiaomin-non/detect-scam
chandrakumarreddy/web3-vending-machine
dayana0425/NFT-Gallery
Lethalcode69/Ethereum_wallet
kaushalkc123/Multi-sig-Wallet
positonic/contract-offsetter-ui
Innocent9712/Multi-Signatory-Wallet
deryakarl/Quantum-Secure-Crypto-Wallet
prasanthinidamarthi/Smart-Contract-using-Ethereum-BlockChain
deryakarl/Quantum-Secure-Crypto-Wallet
sscodez/PancakeSwap-Lottery-System-Smart-Contract
Mayurgupta3/Metamask-and-Ethereum-powered-smart-contract
marjorie-n/dApp_wallet_token
Huncho-J/Web3-Wallet-Balance
ineedpizzaeveryday/dApp_wallet_token
chriseugenerodriguez/inu-erc20
MirzaMuhammadBaig/Multi-Signature-Wallet
BertrandConxy/Lottery
daynis-olman/web3-polygon-voting
stanleySimeon/ConnectWallet
zxpectre/cardano-gc-helios-dapp
pranjalsaxena9/CryptoPay-Crypto-Wallet-Management-System
adithyakrishnasaravu/solidity-smartcontract_lottery
solidity-contract/simple-bsc-contract
im-brahim/eth-wallet
cytoken/wallet
mattdegods/_buildspaceNFTProject
rexsys/TradingBSCETH
NathanTarbert/nates-blockchain-memory-game
raceragon1/MultiSigWallet
MarcusPolicicchio/Shared-Ethereum-Wallet
Flame-eth/Multiparty-Solidity-Wallet-
Payameno/Multi_Signature_Wallet
Ciantera-Rose/ETH-Multisig-Wallet
fairDataSociety/zk-wallet-key-management
nasserhaji/MultiSigWallet
MohammedAjari/MultiSignature_Contract_Solidity
Flame-eth/Multiparty-Ethereum-Wallet
devincapriola/time-lock-wallet
amirhossein7/Blockchain-Integration-web3swift
NeptuneDigital/WuhanChainDemo
msuscens/Upgradeable-MultiSig-Wallet
Forjaweb/ethbridge
kaushal-banthia/Ether-Transfer
mehulsarda/Fund-Transfer
RyanHaraki/ethereumjs
Eden-Divinity/Divinity-Token
zer0kool/web3
omargomez2/web3
RikSchoonbeek/urban-enigma
mrdarylguy/Solana-intro
rajnirvanalabs/ICOContract
felgueres/eth
llabori-venehsoftw/4th--WEB3-Alchemy-Challenger
Mohamed-Ali-Hammami/bypass-multisig-on-tron
EthosWallet/ethos-squad-frontend-starter
9afrika/nft-octo-gallery
Ankitwa2101243/Dwallet
c0linw/soroban-freighter-test
tahasclone/brownie_fund_me
matthewhansmire/NFT-Ethereum-Web3-Blocknative
techpilot/uniswap-blockchain
sivass/krypt_clone
praddy18597/Blockchain-Project
jscriptcoder/web3-toy
adenteo/cowallet
EthosWallet/ethos-squad-frontend
stevedylandev/sendmecoffee-ui
babatonha/BuyNfts
NyanyanKat/Crypto_Lottery_Solidity
gryldCHEEZ/Erc721
FiatFiorino/cryptoFundDistribution
tukaianirban/web.rn.dapp-practice1
chinalantern/solidity_starter
eskimos2586/html-fund-me
chandran-jr/Krypt
tuhinaww/PayChain
hashratez/ethonodesinglewallet
yakoubeth/ERC20-Token
yusakman/crowdfunding-starter
PDSTRN/SelfDestruct
pragyagupta1898/Company-Employee-Wallet-Program-using-Blockchain-Technoogy
Mrdoug/web3-smartcontract
nikhilpereira24/Mechanics-of-Blockchain
Emmanuel-Odero/DIgital--Wallet
tiwarisakshi28/Multisignature-wallet
mjhb000/EthWallet
CryptoLabCo/Multisig-Wallet
huasmc/simple-storage-ethersjs
xava-dev/kickstarter-web3
vinitshedekar/Lottery-DAPP
anishsamant/Solidity-Demo
shahenmalsha/Presale_Swapper
bradkaley/Solidity_Savings_Account
SurfWeb3/DEX-on-Ethereum-School-Project
Yamamuchi/lottery-front-end
PrabalParihar/wave_me
BillyZen/multi-sig-wallet-poc
DevMuneeb/Web3.0_Project
bamjam101/hardhat-ethereum-fundme
Somweb3/CryptoTax-Token
Nayanabvreddy/Shows_Tickets
DionMS8/NFT-Generator
drex007/solidity
ashasana/Cryptocurrency-Wallet-Development-Company-
Hombre2014/Send-Crypto
Andres-Andretti/Lottery-DApp
Tellus-Cooperative/bountyhunter
remston-dsa/Peer-to-Peer-P2P-payment-system-using-Python-Onion-Protocol-Web3-and-Dai-Smart-contract
KDlamini/waveportal-frontend
patrickdbrowne/Blockchain_Product_Creator
0xSravan03/web3paypal-ui
Anuhya101/Krypt
bideeen/Elcaro
aminbenmansour/nft-minter
RikSchoonbeek/symmetrical-garbanzo
elmaedesistemas/avax-blockchain-cookbook
code-42/tokenzender
stream-protocol/stream-locks-presentation
aniket2405/decentralised.bank.github.io
grace22411/Velorex-NFT
riteesh-ram/DeFi-Group-Insurance
mstangierska/buildspace-nft-game
Ghidyon/wave-messenger
elmaedesistemas/near-blockchain-cookbook
tigthor/awesome-terra-blockchain
noFAYZ/wfAirdrop
Chiadikaobixo/dextrade-bot
narendracode/react-zilpay-helloworld-app
Pere970/BEP20-DAO-token
Bwest981/BitcoinSig
OB-111/Election_Dapp
aniket2405/Decentralised-Bank
cryptobuks1/Cardano-Mallet
LautiRad/SC_DatosUsuario
hknio/bvss
legacynetwork/Proto-CreditAccount
alexanderstahl93/ethereumwallet
muditsarda1122/Event-Organization
asiakay/hello-world
abhishekrathi16/uniswap_clone
SouravInsights/sismo-badges
Enix-Blockchain-Element/ToM-Engine-Ideas-
Michelpinto/gm-dapp
davidngu3/solidity-monster-dapp
OpenWeb3Tools/OpenWeb3DappStarter
ErKable/ERC20OneFeeLiquified
danielapassos/event-ticketing
georgecpp/androcpp-Web3.0-DApp
Cyber-Mitch/smartcontract_TodoAsaService
manomage/epic-nfts
poonam125sharma/product_purchase
abhinav-neil/nft-dapp
Sumit-Pandey-07/AVAX_GOD_WEB3_BATTLE_GAME
Ibrahim-Mowafy/Online-Multiplayer-Web-3-NFT-Game
Shivam2001-programmer/Web3-Online-Game-Battle-
maans-dev/card-game
IRBG101/Nft-Card-Game
naresh5033/NFT-card-game
raedrasheed/eWalletOfflineTx
edisonabdiel/BattleCardGame
KagiCoin/kagicrypto
ValdryanIvandito/Plutus_QuizPrize
Byzantine-Works/EOS-Community
nicholasmgoldstein/Persona256
TechTalkZach/Blockchain-Goalsetting-Board
ShoaibAsghar/Decenteralized_Application_Deploy_Twitter_on_Blockchain
Yashwant-G/Yo-Pay-Web3-DAPP
chatur123/nft-marketplace
utkarsh-1602/Simple-Dapp
narigamba/stilla
merino22/Crypto-Coin-Transfer-WebApp
ocdbytes/ImpermanentLoss-UniswapV3
genratio/Github-Activity-Reward-Mechanism
Arch0125/dcent_voting
paradoxfly/whitelist-map
keithjosephhhh/cryptopower
VanshMarda/qtran
thisisfurky/Rcard
DeanMazlish/InteractionPortalApp
NEXXGENAI/NEXX-GEN-AI-Core
allinone-sbs/allinone-sbs.github.io
ramigonzalez/eth-samba-fuelme-app
bicep/Inbox
muaadly/web-3.0-app
baronkwan/solana-blockchain
nourassili/SquidGameNFTs
jakewilson13/crypto-transfer-project
allinone-sbs/allinone-sbs.github.io
SanjayKumar-M/Purchasing-Laptop-using-wei-ether-
parshviSri/Ecommerce-Dapp
codeprofile/AmazonSmbhavHackathon
prodius7/Sahayak
KibetBrian/server-bvs
akhilmantha/ERC20-Tokenisation
Firefly888/ApproveForAllWithSignature
fepvenancio/ZeroProofHub
PeterGemmell/Blockchain_voting_app
Cryptnox-IOT-Projects/Blockchain-Door-Lock-Access
notty-geek/BCPNS
aanthoni79/Spotify-Web3-DApp
Wtheodoro/NFT-Drop
Farjmand/transfer_NFTs
codewithrico/mastering-web3
fawaz404dev/NFT-Minting-and-Web3-App
victorraguin/web3-weather-app
KidLiberty/NFT-Marketplace-dApp
alonsosolisg/service-marketplace
patrickloughrey/eth-sportsbook
metacrypto7/metacrypto7
parthupatel/Clever-Meta-NFT
Usman-CrYpToo/Alternative-dapp
ehsomma/multisigwallet
drgorb/delegated-transfer
badal-ag/Cript
Ekwugha/message
JosephKibithe/Solidity-Intro
jacastrorug/dapp-colors-nft
SpaceUY/se-challenge-7-multisig
FarmbitDev/FMB-Token
captwase/nft_game_project
Jayakrishna20/avaxgods_nft_card_game
anshm/srwallet
Mohamed90-stack/web3-nft-card-game
Cryptoaj-hack/DFDTOKEN
Yashwant-G/Yo-Bank-Web3-DAPP
M-hassan-ch/CrowdFunding-Dapp-web3.js-truffle-Ganache-react.js
SolidG/ETH-MILLION.MONEY
skt2020/cypher-api
NourelhoudaAbdellaoui/SecureDonation-based-on-blockchain
highlink8/Structure-of-Highlink-Exchange
SarathAdhi/BlockChain_Website_Ethers.js
anasseth/Transfer-Ethereum-App-Web-3.0
KidLiberty/Crypto-Lottery-dApp
JudeWallace/ERC20-token
cleancoindev/BETTAToken
soos3d/DApp-save-information-on-chain
WaleedH87/CoinFundr
emilianstoyanov/Blockchain-App-Web3.0
qween-beth/fundboxweb3
kenzokaitoshi/neon-project
ravindrasingh7897/Buy-Chai
Dex-Text/DexText
therenashah/Ethereum-dApp-WavePortal
dicethedev/merkletree-nft
rameezqazi23/web3-thirdweb
querylab/PokemonMarket-NFTs
smit1271/Price-Prediction-Game
Luis901702/bitcoin-project
PhoenixDAO/phoenix-interest
Rodrigolisboa/-NFT-Minting-and-Web3-App
JoelDellamaggiore/SOT2022
ralle121212/mydApp
Axel-C19/OpenMarket
Harshit1723/Simple_Bank_Dapp
celiakwan/gnosis-safe-popcat
reydanez/my-wave-portal-ui
shivamchawda/Web-3.0-Blockchain-App
iamansingh0/Blockchain-Based-Organ-Transplantation-System
rishitsaiya/Ethereum-TodoList
martinezga/web3dev-epic-nfts-solidity
Coin2050/Coin2050-Token
leocolab/BitcoinBet
nextechleader/DAPP-StoreData
shailja168/Web3Wish
https-ethereums-cash-ref-6502/ETHERIUMS.CASH
Maheshchandra09/CryptoExchange
yieldfarminone/yield.github.io
yieldfarminone/finance.io
shaansundar/Biconomy-BE
emnul/Return-To-Monke-Web3-Project
Weerachai199/Airdrop-New-
SafuNetworknet/Safunetwork
Micky373/web3_dapps
michaelgetachew-abebe/Certificate-Gen-Dist-Value-Transfer-Algorand
Lyttell/laughing-octo-fiesta
Ekwugha/ENS
animeshbhatt651/NFT-Marketplace-hackathon-ribble
QBEIN-LLC/hello-world
XND3000/stoneytigersclub
anthonybuckle/Reciprocity-Core
anthonybuckle/Reciprocity-UI
peacockbsc/whitepaper
ron45/cash-
director007/blocked
makinternational/MAK
SunfireElyseos/Web-3-Project-Job-Oppertunity
highlink8/highlink.tech
