IBM/BlockchainSmartContractTrading-CompositeJourney
harborhq/r-token
dydxprotocol/protocol_v1
horizon-games/Skyweaver-contracts
IBM/SmartContractTrading-wFabric1-4-VSCodeExt
lition-blockchain/energy-use-case-contracts
FryCoderX/DEX-Triangular-Arbitrage-Solidity-Smart-Contract
SatoshiAndKin/argobytes-contracts
samarth30/Decentralized-Trading-Platform
OpenLeverageDev/openleverage-contracts
HyperledgerHandsOn/trade-contracts
idexio/idex-contracts-whistler
SkyCenterCO/DEX-Triangular-Arbitrage-Solidity-Smart-Contract
Zarela-dev/zarela-SmartContract
ethfinex/efx-api-node
VelaExchange/vela-exchange-contracts
FireNightCoder/DEX-Triangular-Arbitrage-Solidity-Smart-Contract
AlgoWorldNFT/algoworld-contracts
tradeio/Tradeio-TokenSale-Contract
vincor1986/vSwap
BEC2020/GridMix
CoderJavaPlus/DEX-Triangular-Arbitrage-Solidity-Smart-Contract
pooltogether/loot-box
thespacedreamer/Solidity-Smart-Contract-Triangular-Arbitrage-for-DEX
SolidityNerd/DEX-Triangular-Arbitrage-Solidity-Smart-Contract
0xdoll/arbitrage_trading_bot
yurigabrich/microgrid-dapp
losercoin/LowbMarket
bonedaddy/go-compound
validitylabs/TradeManager
aparnakr/Deprecated-Margin-Trading-Smart-Contracts
GridexProtocol/core
106968687/DTC-SC
wehann/Ethereum-System
mattdf/TimeLock
IPILabs/shorter-v1-periphery
stephenwilliams1990/flash-loan-bot
alphasea-dapp/alphasea-agent
marcuspang/wentoken
codeesura/Arbitrage-uniswap-sushiswap
mj221/gix-exchange
ethan-crypto/dex-aggregator-tutorial
larryblock/Flashloan
idlehanz/EPRI-Blockchain-Energy-Trading-Sim
videoDAC/lptOrderBook
gnosis/dx-mgn-pool
r001/cceb
davidlevinwork/Blockchain-System
GodwinOkwuibe/Smart-Contract-for-P2P-Energy-Trading-in-a-Blockchain-platform
GEEGABYTE1/EthTrade
cexles/trading-smart-contracts
Twelve-of-me/ChainsMafia
hhh2012aa/New-Blockchain-solution-of-international-trade
PotatoSniper/Potato_Bot
Dexalot/samplebot
coinflect/wrapped-smart-contract-bsc
iknowright/et-smart-contract-truffle
ether-dex/creedexchange
tradingstrategy-ai/hackatom-2022-osmosis-algorithmic-trading-solution
yan-man/virtual-power-plant
AndreiBelokopytov/panda-options
voBits/smart_contract
civicledger/waterledger-contracts
AliyaDav/smart-contracts
tzi21/p2p-energy-trading-smart-contracts
gr4yha7/flashswap-arbitrage
danoctavian/tradingstrategy-ai-smart-contracts
kys8848/carbon-blockchain-etehreum
1in0/crypto-pokemons
ChisX/XMR-ETH-Atomic-Swaps-INCOMPLETE-
drjkuo/SmartContract-Ethereum
legion2002/ConflictResolutionVault
D-H-O-R-A/trade-bot-smart-account
Axaipay/trade-bot-smart-account
ShuangWu121/Blockchain-based-Privacy-preserving-Fair-Data-Trading-Protocol
tripplyons/nft-call-options
hirosystems/stacks-pyth-bridge
nearestneighbour/tokenescrow
element-market/element-js-sdk
AndreiBelokopytov/panda-options-smartpy
WandXDapp/wandxbeta
free2ex/Margin
terryyyz/trading_bot
emarketdex/smart-contracts
synchfinance/trading-pool
0xUnkn0wN/NounsTrade
decompanyio/decompanyio
rexsys/TradingBSCETH
aalaoui12/energy-trading
gadgetboy27/smart_contract_trading_bots
Roman-Yarinski/trading
TradingToken/smart-contract
David47yu/Hackust-web3.0-SmartContract
hslil25/Smart-Futures-Contract
llarrynguyen/trading-pool-contract
Mycelium-Lab/trading-case-contracts
ArthurBonsu/Blockchain-based-Carbon-Trading
arcadia-finance/trading-game
CargoCoinRepo/Cargo-Coin
covey-io/smart-contract-ledger
ac12644/Smart-Bank-LC-Workflow
Hiuhuedd/NFT-smart-contracts-
1delta-DAO/contracts-smart-account
coderasha/Supplychain-Trading-Smart-Contract
anjalsaneen/smart-contract-trading
zeta1999/DeFiOptions
Yogesh9643/trading-bot
SnaYxchg/altdexcontracts
Jesserc/AnimeCollectibles
aaron20/trading-smart-contract
DanLarceny/Game-Trading-Smart-Contract
manuelx77/smart-contract-for-trading
NCKU-CCS/energy-trading-smart-contract
jmdesrosi/trading-smart-contract
raphaelle1996/Securing-Smart-Grid-Communication-Using-Ethereum-Smart-Contracts
Intercoin/TradingContract
upbots/smart-contracts
halotrade-zone/halo-farm
kenzzo99/OpenTrade
BTCLTC/dexloan-program-library
floranguyen0/nft-marketplace
Marija-Borisov/DSL_smart_contract_energy_trading
akshayp9/decentralized-exchange-contract
Mcjohnson424/SmartContractTrading-wFabric-VSCodeExt
levimatther/SmartContractTrading-wFabric-VSCodeExt
gkupolati/Final_Project_AlgorithmicTrading_SmartContract
rachit77/Flash-Loan-Smart-Contract-
WGRayleigh/krypt_smart_contract
james-chien/smartrade-core
GimliAlban/p2p_energy_trading_blockchain
David47yu/Hackust-web3.0-AI_SmartContract
lucasvieira94/piggy-bank-smart-contract
IntelMin/multi-dex-trader
Solda1219/UniswapTrading_contract
RToken/ico_smart_contract
Laurammf/SmartContractsSolidity_1
yaskin/dawn
NovusRex/CollectiblesTrading
bitfex/token
glyfo/sui-car-factory
weiVicv/game-trading
Zilan-Ouyang/ZOption
Tradegen/liquidity-bonds
devos50/generic-asset-trading-sc
farinavito/Lex-4
guesmi-samia123/blockchain-EGT
royvardhan/NftMarketplace
bhaveshnikam/electric-grid
joebb10/arbitrage
chainlionaudit/ULME-TRADING-POOL-Smart-Contract-Audit
Agilan19/SB-Hacks-2021-Margin-Trading-Smart-Contract
chainlionaudit/MT-TRADING-POOL-Smart-Contract-Audit-
eclairss17/SmartContractWRC
jkalbantner/smart_contract_architecture_implementation
jkalbantner/smart_contract_architecture_scyther
jay-Anonymous/SmartContractTrading-wFabric1-4-VSCodeExt-master
1irstcoin/smart-contract
eddieoz/uEscrow
LiveJoules/virtual-energy-trade
NobleOsinachi/0xSolidLend
lukasz-zimnoch/ipfs-market
Themis-protocol/Introduction
laguilar359/SleeperToken_SecurityTokenOffering
sc19sjjd/energy-trading
HamadAljawder/BlockchainTraceableCoffee
nasserhaji/CarSaleContract
zgidaro/nftx
monikkinom/ethereum-peer-to-peer-finance
aic5/eth_blockchain_token
shonali1981/tradecontract
BlockDevsUnited/DevCash-DEX
cleancoindev/otc-coupon-trader
nftxledger/nftx-port
undefjs/Uniswap3Trader
69kc/Decentralized-Marketplace-Smart-Contract
handaanmol/Smart-Contract-Solidity
halotrade-zone/stable-swap
pacle002/Boom-crypto-trading-bot
shnitish/fair-trade-contract
atlantis-ATIS/atlantis
asmar10/DEX-Smart-Contract
Faizan9211/Arbitrage-Smart-Contract
valeria-timofeeva/marketplace
lit-zambare/AgroTrade
ShreyDudhia/Trim-X-Fund-Manager
wamPowhM/Etherstocks
3cfellas/PolygonNFT
timhuang0/BettingMarket
0-GMan-1/ArbitrageBot
rossng/merchant
brandonjunus/CollectorDao
zubareva52/Fysical
loouis-t/SolarShare
PanGan21/auctionplace
Asheladia/Blockchain_bot
palsp/halffin
sumit03guha/NFT
Prashant-Mishra-12569/StockTrading
celiakwan/cosmwasm-option
benmoussa96/aave-flash-loan
guyshi2/alchemy_final_project
AI-Pree/sol-delivery-NFT
ShahSujal/MARKET-PLACE-CONTRACT
StartupCanada/Teal-algorand-p2p
nordicenergy/openleverage-contracts
chennyhaohao/blockchain_trade_receipt_system
kyleklauss/SteamKeyTrading
hammersharkfish/priceCheckerTradingbot
thealonemusk/eresource
benjaminHilder/Third-Party-Eth-Escrow-Solidity-Smart-Contract
Johnhassenberg/BNB-High-volatility-stop-loss-trading-smart-contract-bot-the-runs-on-pancakeswap
ggiantcrab14789/Blockchain-and-Smart-Contract--Lucky-Pay
printfjoby/NFTMarketplace
unudeveloper/God-War-NFT-game
Ikaruga-lab/ikaruga-archive
NicholasBottone/Redwood-Exchange
pblivin0x/multiple-moving-average-set-token
icepaigez/Decentralized-ERC-20-Token-Exchange
tristanh00/FundDao
va-ji/services_escrow_account
marwans59/Token-Vendor
rcheiko/old-Solidity-Capsa
ch3n9w/trade_system_based_on_blockchain
emizzle/json-capital
Kifen/AMM
codetributor/settlise-solidity
aakankshabhende/The-Floral-NFTs
dipayan/trade-promotion-management-blockchain
BCI-TSM/Tokenized-Stock
iantstaley/SampleSolidityDEX
maxper4/NFTwitter
Ekwugha/DEFI-Exchange
folejn/smart_trade_project
sscodez/Flash-Loan-Arbitrage-Smart-Contract-using-Aave-Uniswap-and-Kyber-Network
kris524/Chainlink-Hackaton-2022
RichieGarafola/ASU-FinTech-Python
kunal4687/TokenSwapContract
Javadyakuza/BlockRoom_core
pankajjagtapp/TradeOperations
MP0w/pegSwingerBot
sahararealtech/SaharaNFT
manfm/trutify
quialst/chocofudge
garyjiang1/nft_marketplace
Dextroxe/Web3.0-ether-trade-app
WenqingZhong/NFT_MARKETPLACE
kbtrg/nft-sample-app
PrabhatKr0607/nft.io
bushi-lucas/piggy-bank
UtkarshPathrabe/Crypto-Exchange-Uniswap-dApp
Gola-k/jsm_nft_marketplace
aviroopjana/CryptoVault
deri-protocol/deri-fund-management
Nifty-Row/casper-frontend
adityakaaltatva/Carbon-trading-platform
DamasBuffy99/dand_Trading-dApp
PrajwalMasulkar/DX
obinnafranklinduru/Decentralized-Exchange-for-BinnaDev
bogdanscode/EthGlobal-Hackathon-2021
openweb3-foundation/opengpt
sallamy2580/fingerchar-nft
Tetrachordswitzerland/smartkey
JohnMichael746/ERC1155-NFTs-Marketplace
Alihszh/NFT_based_XP_System
ronnakamoto/DeOTC-Protocol
moodster2000/Enso-NFT
InventorOA/CashPhoner
yandomingos/decentralized-exchange-a-project
mainul-islam-faruqi/pearl-DEX
samhithatarra/Trac3y
chrismaree/GainsDapp
pppwjjj/OTCTOKEN.ME
amartinez338/TEE
m-azra3l/nextblocmusic
shobhitexe/BlockEstate
edrodven/TridentXchange-
Cryptoaj-hack/DFDTOKEN
bamjam101/hardhat-nft-marketplace
nehading/Renewa-Dapp
De-miles1/Carbon
devikakanyal/digital-asset-management
VincentLegendLee/Themis-Protocol
thecargocoin/cargocoin
samuelr-cyber/Automated-Purchase-and-Sale-Agreement-through-Ethereum
wandxx/WandX-s-Basket-Protocol
CarCas/COBrA
Norhan-gamal/NFT-Marketplace-Cryptonaut-Club-
ranko746/NFT-marketplace
alonsosolisg/decentralized-exchange
Pushpit07/EthSwap
KmgSamuel/Tokenized_Private_Equity_Marketplace
KanalaHarika/Dsurv-Decentralised-Services
ascender1729/nft-marketplace
HimanshuShekher/ADEX-A-DApp-for-the-Decentralized-Marketplace
giano95/wall-eth-monorepo
sscodez/Apes
ogbupaul/Victory-sventure-
Ali-Arasteh/Foundations-of-Blockchain-and-Cryptocurrencies-Course-Projects
CapraRoyale/hatchthink
HarshuAwhale/NFT_Marketplace
Decentralisedme/curveFi_addLiquidity_brownie
giano95/wall-eth
vai0sx/Composable-DeFi-NFT-Bridge
skt2020/cypher-api
Finding-NEO/The-Finding-NEO-Project
Analitico-771/Enzyme-Bot-Frontend
simhaonline/Portfolio
deptrianda/Cargo-Coin
Byzantine-Works/UberDEX
SergioMazariego/ETH-ERC20-AMM
BastosDiana/diba-ERC20-token-dex
maxper4/NFTwitter-Front
NightmareNight-em/coinflex
rplusq/le-p2p
Power-Cash/PRCH
AdscashADS/Adscash
Mohzcrea8me/Mswap
Nitecoinpay/NItecoinpay-project
succorcoin/succor-nft
Ayda123/Meta-Realm
pnkfluffy/ETF-DAO
steffanomcrey/SPARKLE
Nitecoinpay/NItecoinpay-coin-project-
paradijs/EthereumAnalysis
FTC-max/Environmental-protection-forest-
Cryptoxygen/Cryptoxygen-A-detailed-description-of-the-platform-and-OXY2-token-sale
didialexs/rrr
highlink8/highlink.tech
janetseb/Meta-Realm
simpyparveen/PRNG-Beacon-using-Blockchain
SafuNetworknet/Trade-safu-at-the-following-exchanges
vikramajeet/EMR
peacockbsc/whitepaper
Mdshobu/Liberty-House-Club-Whitepaper
MrDbz1/DBZFOMO
themarscom/The-Beginning-Of-Bitcoin
AyushmanTyagi/Decentralized-Finance-It-s-use-cases
etherceo1x1/codes
THEFEASTCOIN/FEEDN
