janfilips/blockchain-dice
lukem512/smartdice
AndreMiras/pyetheroll
lutter/dice2win-subgraph
blocksan/roll2win
Eth-HotDice/Eth-SmartContracts
pinnpe/szabodice.github.io
happybear1994/DiceRollApp
scyyc1/Solidity-DICE_ROLL_Contract
Neuroborus/Dice
shaneaben/dice-contract
dharay/DiceSmartContract
ArpitxGit/Dice-Game-SmartContract
TheNuelgeek/dice-game-smartContract
LitexGit/dice2win_sc.contracts
ettagames/EttaGames_Dice_SmartContract
0xcodercrane/dice-game-contracts
youngqqcn/dicegame
Ericyuu1/Smart-contract-Rolling-Dice
libersoft-org/solidity-dice-game
blueskymanner/Dice-Game-Solidity
bue-twitter/bts-dice-game
Rutwik99/Liars-Dice-Using-Smart-Contract
MSkauen/dice-den
lwinxp/IS4302_Lab3
thomas0114/weave_dice_chohan_frontend_smart_contract
LiveHype/LiveHype-Cee-Lo-Dice-Smart-Contract
michaelklem/dicey
DarrenGoulder/Ethereum-Dice-Rolling-Game
secretuniversity/secret-dice-dapp
pinkyTseng/DiceMyOracle
naveen7252/nuls-roll
net-on/onlinedice
Suiroll/suiroll-contracts
BrianLudlam/dice-game-yatzy
Graate-Org/NEAR-Block-Dice-UI
shawn-cx-li/ethereum-dice-game
ShaanBarkat/Ethereum-Dice-Game
BrianLudlam/block-dice
BrianLudlam/block-dice65-turn3
rogerluan/ethereum-dicing
amazinyeshuwanna/amazinyeshuwanna-Amazin-Yeshuwanna-Money-The-Blockchain-Powered-Economy-Education-Board-Game-System-
rprokap/pset-9
