SmartBillions/SmartBillions
sonnysangha/lottery-smart-contract
jacksonng77/Lottery
Gameper/lottery-smart-contract
ashisherc/advanced-solidity-lottery-application
frefrik/pancakeswap-lottery
Cyfrin/foundry-smart-contract-lottery-f23
CrazybutSolid/ethereum-lottery
IkehAkinyemi/lottery-smart-contract
senacor/SmartContractSlackDapp
ppoply/Lottery-smart-contract
madhavtripathi05/dapp-lottery
PatrickAlphaC/foundry-smart-contract-lottery-f23
lley154/cardano-lottery
yan-man/lottery-dapp
mds1/lottery-dapp-template
ethex-bet/ethex-contracts
ashwinYardi/ethereum-lottery-smart-contract
agelospanagiotakis/lottery100
camronh/Lottery-Tutorial
trentlotteryteam/trentLotteryContract
ethanfrey/smart-contract-lottery
IMEF-FEMI/no-loss-lottery
maximo/lottery
inovizz/lottery-smart-contract
batuhankacmaz/hardhat-lottery
cipherzzz/school_lottery
RFV/Token-Lottery
bhargavaparoksham/generative-nft-contract
kowsikgelli/Lottery-BSC
enterk0d3/lottery-web
HappyDream0317/lottery-smartContract
kaymen99/Nft-zeroloss-lottery
znxkznxk1030/cryptogambler
davidmoradi/ethereum-lottery-smart-contract
kenlindgren93/LotterySmartContract
DappsLab/DappsLab-SmartContracts
Osazzz/Mylottery
cranklin/crankys-lottery
bellsovery/lottery-contract
eun2ce/lottery-contract
Gelotto/lottery-contract
hubiinetwork/lottery-oracle-contracts
eHonnef/lottery-smart-contract
superBizz0217/jackpot-lottery-smart-contract
br1code/lottery-smart-contract
AnkitNayan83/Lottery-SmartContract
cchencool/LuckyYou
ankitsangwan1999/Lottery-on-Ethereum
karthikeya-kotegar/Lottery-Dapp
kiraAdi/Blockchain-based-Smart-Contract-Digitized-Lottery-Scheme-
TopFullStackDeveloper/1_lottery_smart_contract_bsc
JorgeCoke/celo-blockchain-lottery
AryanKuAg/Lottery-smart-contract
KashifCh-eth/Lottery-Smart-contract
cfiestas6/Lottery-Smart-Contract
liwentao1118/Smart-contract-lottery
Anmol-Srv/Lottery-System-Smart-Contract
vishal590/Lottery-smart-contract
merlox/hydro-lottery
RahulJayakrishnan/Lottery-Brownie
Afaq-Ahsan/Lottery_System
AlizadeAlireza/brownie_lottery
amalcaraz/nuls-lottery-smartcontract
Shubhamdutta2000/Lottery-Smart-Contract-App-using-Etherium-Solidity-Web3JS
anthonygregis/LotteryContract
nesaplay/Lottery-Solidity-React
happybear1994/Lottery-smart-contract
awaisgt/Lottery_Contract
ppoply/Lottery-smart-contract-D_app
br1code/lottery-ethereum
EniV90/Smart-contract-lottery-Backend
MehdizadeMilad/lottery_smartContract
webcat12345/learn-contract-lottery
The-Generation-Collective/tgc-lottery-pool-smart-contract
ux-germano-costa/front-end-nextjs-smartcontract-lottery-fcc
deep0072/smartContract-Lottery
Raziur306/lottery-smartContract
CryptoSceptre/Lottery
harshita808/smart-contracts
rastringer/ethereum-lottery
lab10-coop/EduLottery
tigthor/loterra
consciouscoder/ethereum_smart_contract_lottery
amalcaraz/nuls-smart-lottery-dapp
chrehman/Lottery-Smart-Contract
kesarawimal/lottery-smart-contract
ANMOLCODES/Lottery-Smart-Contract
mayckonx/smart-contract-lottery
homerchen19/simple-lottery-smart-contract
homerchen19/simple-lottery-smart-contract
SunlightLuck/lottery-smart-contract-simple
Dziubutkus/lottery-smart-contract
pablolteixeira/Lottery-Smart-Contract
SachinCoder1/lottery_smart_contract
sanjaya1996/lottery-smart-contract
luc-rig/hardhat-smartcontract-lottery
AchoArnold/lotto.eth
pyAndr3w/ton-lottery-smc
daniellara/blockttery
AlexT8/crylot-lottery-contracts
DarkHorseCorder/Lottery-SmartContract-React-DApp-Tutorial
tarekichalalen2002/nextjs-smart-contract-lottery-fcc
Ahmed14z/Lottery-Smart-Contract_WEB3
consciouscoder/ethereum_smart_contract_lottery_react
veoquynhs/hardhat-smartcontract-lottery-fcc
Abdeluswho/Ethereum-SmartContract
cmancushman/NFT-Lottery
letterj/eth-lottery
jakubko97/lottery
stauffera12/lottery
MatthewTang/SmartContract-lottery
0xsnowman/Lottery_SmartContract
NymfoCunts/SmartContract-Lottery
jpbharti88/Lottery-SmartContract
mvrpl/SimpleLotteryETH
Riocodex/hardhat-smart-contract-raffle
githubpps/Lottery-smart-contract
JEETENDRAKUMARJOSHI/lottery-Smart-Contract
almurillo/SmartcontractLottery
schumergrubermax/SmartLottery
alexsnarli/lotteryContract
anuragvishwa/LotteryContract
hyeok230/LotteryDapp
Sachin24704/Decentralized-Lottery-SmartContract
alexsnarli/smartContractLottery
ManoVikram/Lottery-DApp
Angel2298/SmartContractLottery_Angel
davidchen003/SmartContract_Lottery
chanceDira/ether-lottery
dannnshe/Lottery_smartContract
Davin-Wong/Lottery
kadirchan/Lottery
HannesVer/lottery
fedelmar/lottery
RikiTheGreat/lottery
SaifDeveloper/Lottery
jbequ5/Lottery
0xconix/lottery
shuanghaoli/Lottery
salmanbao/lottery
mchinaloy/lottery
rotdogcrypto/lottery
asakchris/lottery
githubmilind/lottery
Sunil112/lottery
DavidJ3562/Lottery
Pelcat/Lottery
kslji/lottery
avkkiran/lottery
egrafeuille/lottery
L-F-Escobar/Lottery
harshpreetweb3/lottery
kevinghim/lottery
rubensvalensi/lottery
deserwantus/lottery
midesofek/SmartContract-LotteryDApp
Mohit20Kumar/LotterySystem-SmartContract
John-Dembaremba/smartContract-LotteryGame
bwz123/SmartContract-LotteryLearning
JoseAntonioChaverri/SmartContract-Lottery
AnanjayGurjar/SmartContractLottery
grossiwm/LotterySmartContract
ritesh798/hardhat_raffle
adnanshafiwork/smartcontract-lottery
Navin77773/Raffle
X-O1/DeLotto
Raghav-1078/Lottery-Solidity-
dcmalk/eth-lottery
nshah-waripari/smart_contract_lottery
tifa64/EthereumLottery
kmomuphnie/smart-contract-lottery
Aesthetyx/FourLotto
Nero2005/brownie_lottery
americo/smartcontract-lottery
Hyocine/smartcontract-lottery
goldzulu/solidity_lottery
luisgerardodev/hardhat-smartcontract-lottery
vishalzac/Lottery_smart_contract
codertjay/FoundrySmartContractLottery
anuragrajanp/raffle
yusakman/lottery-sample
subrotokumar/raffle-hardhat
JerryXY/smart-contract-lottery
joekruy/smartcontract_lottery
Nero2005/brownie_lottery
americo/smartcontract-lottery
Hyocine/smartcontract-lottery
goldzulu/solidity_lottery
tifa64/EthereumLottery
Aesthetyx/FourLotto
kmomuphnie/smart-contract-lottery
luisgerardodev/hardhat-smartcontract-lottery
vishalzac/Lottery_smart_contract
codertjay/FoundrySmartContractLottery
Gabbogga/GexanLottery
cmembreno2/lottery-ethereum-solidity-contract
zyakdi/lottery-updated
Gelotto/cw-registry
thisisdubey/Lottery-smart
aliarif01/smart-contract-lottery-fcc
riddick6600/Lotto
hadesbaker/smartcontract_lottery
shivam07/lottery-blockchain
tone2k/Lotto
siddot/Voting-Smart-Contract
borntodie-new/smart-contract-lottery
IlimaVIP/Smart-Contract-Lottery
Brar-Paul/Smart-Contract-Lottery
yahboyelias/ETH-Lotto
andborges/mega
Gennadion/smartlottery
cryptolife2022/nextjs-smartcontract-lottery-fcc
avalsonigara15/Lottery-Smart-Contract
itznishant/Foundry-Smart-Contract-Lottery
amitnil-dev/Smart-Contract-Lottery-Brownie
clintono1/Lotto_Smart_Contract
samyukthagopalsamy/LotterySmartContract
btahir/Lottery_Smart_Contract
kartiks2000/Lottery-smart-contracts
yuichiroaoki/kuji
speedball82/smartcontract-lottery
AsolidityDev/Solidity-Lottery
Chhe-chinyong/Lottery-Smart-Contract
UnknownedPhyrexia/hardhat-smartcontract-lottery-fcc
gbpadovan/smartcontract-lottery
tadams95/Sol-Lottery
DavisChang/lottery-smart-contract-react
aak2075/lottery-smart-contract
DanThomp507/Solidity-Lottery
bilbo290/brownie_lottery
V00D00-child/lottery-react
abbylow/lottery-solidity
SimSimButDifferent/hardhat-smartcontract-lottery-fcc
mrrezki/smartcontract-lottery
pavel-vasiluk/solidity-lottery-contract
aaankeet/lottery-project
ebisong/eth-lottery
ikacir/lottery-solidity-react
SalvatoreLampitelli/smartcontract-lottery
MatanYemini/lottery-smart-contract
SamuelSope/hardhat-smartcontract-lottery-fcc
robbestad/lottery-ethereum
LanreAkintayo/lottery-smartcontract
fontaipi/brownie_lottery
Gelotto/cw-lottery
sarobinson2011/smart_contract_lottery
devincapriola/The-Lottery-Smart-Contract
shobhitmendiratta/Smart_contract_lottery
pwx603/lottoSol
jarrodmedrano/ethereum-lottery
omaralqady/smartcontract-lottery
petrejonn/smartcontract-lottery
alexboisseau/x-lottery
AiFreeWay/ChickBoom
Sosiaalinen/Raffle
CassJohns/PickaWinner
ndtr2000/Lottery-Dapp
tlacloc/lotto-lottery
Cryptoro56/sc-lottery
KhairallahA/Smart-Contract-Lottery
luc-rig/nextjs-smartcontract-lottery
ironcladmerc/hardhat-smart-contract-lottery
kalivaslime/hardhat-lottery
manulafu/smartcontract-lottery
codemineral/Solidity-Lottery-Smart-Contract
Lastferbbs/SMARTCONTRACT-LOTTERY
vaibhav0726/Lottery-system
AlkaTiwary/Lottery_solidity
sundayonah/Hardhat-Smart-Contract-Lottery
petrejonn/smartcontract-lottery
omaralqady/smartcontract-lottery
alexboisseau/x-lottery
0xoscario/NFT-Lottery
tjlangan/smartcontract-lottery
milan8095/brownie_lottery
ameywtf/smart-contract-lottery
jmusun1/hardhat-smartcontract-lottery-fcc
shoaibhusain-eng/Lottery-smart-contract
wenwincom/wenwin-contracts
BertrandConxy/Lottery
Somweb3/Smartcontract
idukei/Lottery-
talalanjum/SmartContractLottery
varandrew/tiger-lottery
RajeshNandamuri1234/LotterySmartContract
petermartens98/Web3-Lottery-dApp
slimmsyd/Smart-Lottery
Effanuel/Solidity-Smart-Contracts
sdardew/lottery-smart-contract
narendra-sajwani/hardhat-smart-contract-raffle
Trickkkkkkk/Smart-contract
dz0nda/LotteryContract
M-Rosenzweig/LotteryContract
AntonStrickland/LotteryContract
nishkumar007/smartcontract007
CoggleChucker/Fcc_Lottery_SmartContract
K1-R1/SmartContractLottery
DanteAmaral/SmartContract-lottery
visith1577/lottery_smartContract
notmhyr/Lottery-smartContract
kon172verma/Smart-Contracts
Asad557/Lottery
JChandraKiran/Lottery
chef0206/Lottery
SamanKeighobadi/Lottery
hmtrigueiros/lottery
jais-shivam/Lottery
LaSkilzs/Lottery-Smart-Contract
Wazi666/contract-Lottery
komalprajapati/smart_contract
AtharvaDankhade/Lottery_SmartContract
abakam/lottery-contract
ray11furtado/lottery-contract
harshaasnani18/lottery_contract
AlexDiru/lottery-contract
saboorqais/Lottery-Contract
NahuelMaya/lottery_contract
huzaifahatim/Lottery-Game-Smart_contract-Solidaty-
ograndebe/lottery_contract
rahulchauhan3j/HardHat-Lottery-Smart-Contract
Howl1935/LotteryContract
eyupcanee/LotterySmartContract
shubham-kukreja/LotterySmartContract
leanuema/LotterySmartContract
sagetony/lotterySmartContract
himalay123456/LotterySmartContract
Carlosdpd/LotterySmartContract
johangace/LotterySmartContract
gargikantesaria/lotterySmartContract-solidity
tflinch/LotterySmartContract
AshishMeena137/LotterySmartContract
Yogeshharsana/LotterySmartContract
ithihas-Y/LotterySmartContract
devcharlie/LotterySmartContract
star-56/LotterySmartContract
BitstarsTeam/LotterySmartContract
reemardelarosa/LotterySmartContract
rahulserver/LotterySmartContract
w4rlock999/LotterySmartContract
nishant-10x/LotterySmartContract
Jakobi832/LotterySmartContract
JulioBarrios97/lotterySmartContracts
chayanbajaj/LotterySmartContract
rmpasha/LotterySmartContract
onso19/LotterySmartContract
rtpa25/lotterySmartContract
xxykzz/LotterySmartContract
lancexhudson/LotterySmartContractUpdate
NanyuD-IVY/LotterySmartContract
Dimple78/LotterySmartContractDC
bkmehta93/LotterySmartContract
priyankbagad/LotterySmartContract
Vishalsutariya/lotteryRepo-smart-contract
sushmarani1012/LotterySmartContract
FilipLaurentiu/lotterySmartContract
ProfesorReis/LotterySmartContract
Pruthviraj1616/LotterySmartContract
vineettyagi28/LotterySmartContract
AnjaniRaj/LotterySmartContracts
MateusLPG/lotterySmartContract
garydoesweb3/LotterySmartContract
sidsoc12/LotterySmartContract
ABKZR/LotterySmartContract
johangace/lotterySmartContractFrontend
w4rlock999/LotterySmartContract-Frontend
Dwaipayan25/LotterySmartContract
rustybatmobile/LotterySmartContract
SaitTalhaNisanci/lotterySmartContract
orhungorkem/LotterySmartContract
DylanOwens-Dev/LotterySmartContract
AGMASO/LotterySmartContract
gavincapriola/LotterySmartContract
TheDecepTicon30/Lottery-Ethereum
dohyungp/lottery-smart-contract
lontharn/smart-contract-lottery
ranaahsanansar/lotterySmartContract
namansharma05/LotterySmartContract
Lokhmat/LotterySmartContract
KevinH2810/Chinese-Lottery
dasom222g/lottery-smart-contract
wolfcito/lottery-smart-contract
mattlanham/crypto-lottery
dnl-rss/LotteryContract
HanSu-yeon/lottery-smart-contract
JorgeGrovas23/smartcontract_lottery
rajanlagah/hh-lottery-smart-contract
gregdhill/smart-lottery
CarlosGomezescobar/Brownie_Lottery
nclsoliver/smartcontract-lottery
sahinhakan/eth-lottery
HarmenG/smartcontract_lottery
JimLim310/brownie_smart_contract_lottery
ambersun1234/lottery-raffle-contract
TDOPR/smartcontract-lottery
leblancr/smartcontract-lottery
caleboutlex/LeveragedYield-CONTRACTS
hieuhuynh-poc/lottery-dapp
bkabadayii/SmartContract-Lottery
01-for-all/smart-contract-lottery
sysall/SMART-CONTRACT-LOTTERY
saimohann/SmartContract-Lottery
AIABHISHEK/Lottery_SmartContract
NaelShichida/SmartContractLottery
divinenaman/eth-lottery
michalsroka/lottery-smart-contract
Yummy-Capital/y-lottery-contracts
OuailT/Lottery_smart_contract
shivam-mina/Lottery_SmartContract
eliseoci/smart-contract-lottery
VickenMat/Lottery_Smart_Contract
qmilangowin/Lottery-SmartContract
tj727d/Smart-Contract-Lottery-Frontend
masterbid/lottery_smart_contract
ikhide/lottery_smart_contract
kdurlu/SmartContract-Lottery
DimitarGP/SmartContract-Lottery-project
0xKeyKiril/foundry-smart-contract-lottery
kieranmakes/nextjs-smartcontract-lottery-fcc
BernardoOM/Hardhat-Raffle
Simian100/brownie_lottery
SmartLotteryGames/SmartLotteryGame-SLG-Contract
aalberti333/ethereum-lottery-react-app
Adityaweb3/Decentralized_Lottery
softacoder/lottery-smart-contractII
shelinals/lottery_app
Priyamishra18/lotterycontract
Sri0035/lottery-spaceship
jysohn/smartcontract-lottery
Mrfjz/smartcontract-lottery
zerpajose/dLottery
Preshy-Jones/Lottery-Dapp
Yoaz/smartcontract-lottery-frontend
blockchainnn/eth-lottery
manthankhopkar/simple-lottery
stefangui/demos
demirbey05/lottery-dapp-v1
ritesh798/Lottery-smartcontract
sheppieboy/decentralized-lottery
mstolin/EthereumLottery
SilverJRM/nextjs-smartcontract-lottery
nannxnann/lottery_sol
shunsukew/smart-lottery
AbolfazlPanahiazar/solottery
Cryogenetic/brownie-smartcontract-lottery
mauri870/lottery-sol
Lruquaf/brownie-lottery
mohdziyadc/hardhat-smart-lottery
jrmunchkin/smart-lottery-graph
paulteckcom/vietlot
vermashanti/Decentralize-Lottery
nandufatak/lotterycon
jrmunchkin/smart-lottery
giocastel75/Clavus_Lottery
gianalarcon/Lottery-foundry
spreadzp/JPLottery
lucasninjaturtle/lottery-sc
amitpurohit47/eth-lottery
TruptiSonkusare/simple-Lottery
divyarajsinh169/lottery-smartcontract
MightyRjey/smartcontract_lottery
asiye/smartcontract-lottery
dpeshrijal/Lottery-DApp
anush443/lottery_hardhat
jrmunchkin/smart-lottery-vyper
lixelsoft/dapp-lottery
etsea117/smartcontract-lottery
GrayJyy/harthat-smart-contract-lottery-fcc
Chaithanya-git/defi-lottery
Rohansjamadagni/smart-lottery
WojtekOrzechowski/freeCodeCamp-Lottery
egutierrez130/smartcontract-lottery
geethubala/LotteryDApp
avkkiran/lottery-react
SimSimButDifferent/nextjs-smartcontract-lottery-fcc
HMFazleRabbi/Smartcontract_lottery
noonsukanya/hardhat-smartcontract-lottery-fcc
bchaindeveloper/smartcontract-lottery
AbSpeaks/lotterySystem
rajaditya06/Lottery-SmartContract
hakunamoni/Lottery-SmartContract
abaqi/SmartContractLottery
andremiracle/SmartContract-Lottery
drj09/hardhat-lottery-smartContract
sudosantos27/SmartContract-Lottery
Naman1729/foundry-smartContract-lottery
Naman1729/Hardhat-smartContract-lottery
ngogiaphat/SmartContractLottery
Lu1z-Gust4v0/Dapp-Lottery
FarzamMohammadi/smartcontract-lottery
rishankk/SmartContract_Lottery
woojinShim/SmartContract-Lottery
DEEPAK-tech40/Lottery-SmartContract
jafd08/Lottery-SmartContract
marins1897/lottery-SmartContract
kaushalkc123/Lottery-SmartContract
sdavidkong/SmartContractLottery
sheoran0917/Hardhat-SmartContract-Lottery
AgidiMaro/SmartContract-Lottery
KingSlayer-KS/SmartContract-LOTTERY
eabasguliyev/Lottery-SmartContract
mattheweller/SmartContractLottery
Grimmkin/SmartContract-Lottery
HABIBKAGHAS/hardhat-smartContractLottery
AnsKhurshid/Lottery_Game_SmartContract
AjayAsnani/SmartContract-Lottery
davincci9412-zz/Lottery_SmartContract
Khalizo/SmartContractLottery
Mouliswaroop/Autonomous-SmartContract-Lottery
Abhigyan-Sh/Lottery-smartContract
Solidityarchitect/SmartContract-lottery-game
0xcoil/lottery-smartContract-fcc
bhaskerrai/hardhat-smartContract-Lottery
WeitingLin0106/SmartContract_practice_Lottery
Singhsanjeev617/SmartLotteryContract
YasinUnall/Lottery_With_SmartContract
Sigma2345/Hardhat-smartContract-lottery
hiteshgupta2507/SmartContract_Lottery
Brycelanders/SmartContract-Lottery
Sakana-xc/hardhat_smartContract_lottery
LucasGuerraS/Lottery-React-SmartContract
OgnjenAleksic/Lottery-SmartContract
MariossoKN/tutorial-SmartContract_Lottery
sreeharshau/EthereumLottery_SmartContract
truongbduy/SmartContractLottery
AvalieREINE/smartContractLottery
viginti23/SmartContract_Lottery
Nigelk67/SmartContractLottery
aryanraj60/Lottery-SmartContract
khodehSoroush/SmartContract-lottery
bookrila/SmartContract-Lottery
TioHalu/Hardhat-SmartContract-Lottery
Upendra-Jaiswal/Lottery_smartContract
suryaadev/Lottery_smartContract
Jackesgamero/SmartContract-Lottery
muhammet72/hardhat-smartContract-lottery
bhanwarc/Lottery-SmartContract
germaingithub/smartContractLottery
FarhanRehman/SmartContract-Lottery
nabeel054002/SmartContractLottery
AvalieREINE/smartContractLottery
viginti23/SmartContract_Lottery
bookrila/SmartContract-Lottery
Nigelk67/SmartContractLottery
TioHalu/Hardhat-SmartContract-Lottery
aryanraj60/Lottery-SmartContract
khodehSoroush/SmartContract-lottery
Upendra-Jaiswal/Lottery_smartContract
suryaadev/Lottery_smartContract
Jackesgamero/SmartContract-Lottery
muhammet72/hardhat-smartContract-lottery
Ajay2521/Lottery-smartContract
Raul11jg/SmartContract-lottery-React
seshuthota/SmartContractLottery
monkTrapist/SmartContract_lottery
ArpitShukIa/SmartContractLottery
SubashMourougayane/Lottery-SmartContract
manjitxt/Lottery-SmartContract
ChuongThai885/SmartContractLottery_Hardhat
Arpit-2802/Lottery-SmartContract
JimLim310/Hardhart-SmartContract-Lottery
JKP-2001/SmartContract-Lottery
sivasathyaseeelan/hardhat-SmartContractLottery
danieldlson/smartContractLottery
davincci9412-zz/Lottery_SmartContract
Khalizo/SmartContractLottery
Abhigyan-Sh/Lottery-smartContract
Mouliswaroop/Autonomous-SmartContract-Lottery
Solidityarchitect/SmartContract-lottery-game
0xcoil/lottery-smartContract-fcc
bhaskerrai/hardhat-smartContract-Lottery
t1nyTi/Lottery_SmartContract
Muntasir-Mahmud/SmartContract-Lottery
RyuVictor/hardhat-SmartContract-Lottery
max-clinch/smartLottery-contract
me-loser/nextjs-smartContract-lottery
all-in-block/SmartContract-Lottery
gauravkatkar/lottery_SmartContract
meomeocoj/SmartContract-Lottery
June911/SmartContract_Lottery
mtaman87/SmartContract_Lottery
MehdiAdd/SmartContractLottery
YourGuyD3v/Nextjs-SmartContract-Lottery
zeeshan615/nextjs-smartContract-Lottery
Harshjha3006/SmartContractLotteryBackend
Geeker1/lottery
rohithk246/SmartContractLottery
petervw-qa/SmartContract-Lottery
FicCrunch/SmartContract-lottery
kaitran1910/Lottery-SmartContract
nachoddiaz/SmartContract-Lottery
ManiBharathiSS/SmartContractLottery
davincci9412/Lottery_SmartContract
danielhyk1/SmartContract-Lottery
jnermano/SmartLottery
dufnill/SmartLottery
corneezius/lottery-smartContract
KomoderHell/SmartContract-Lottery
wdiw/SmartContract_lottery
charlypri/SmartContractLottery
MuddyWinds/SmartContract-lottery
adityapadekar/Lottery_SmartContract
cb927/Lottery-SmartContract
sereneEter/SmartContractLottery
AndrewPrasaath/hardhat-smartContract-lottery
codeflamer/Lottery-SmartContract
wdiw/SmartContract_Lottery_React
baroonjha/SmartContractLottery
cryptocambi/Hardhat-SmartContract-Lottery
RoshanSharmaCodes/Lottery-SmartContract
Beingfarazkhan/smartContractLottery
jeanseda/SmartContract_Lottery
victcebesp/SmartContract-Lottery
DaGlaswen/SmartContractLottery
Preet1810/SmartContract-Lottery
zak-zaffar/SmartContractLottery
Prax007-dot/SmartContract-lottery
mcmlxiv/SmartContractLotteryPY
Rajkumar562/Hardhat-SmartContract-Lottery
MartinSoka/SmartContract-Lottery
shikha012/Lottery_System_SmartContract
Vswaroop04/Raffle-SmartContract-Lottery
MujahidAli954/SmartContract-Lottery
jimit9/Lottery-SmartContract
drex007/Dapp-Lottery-SmartContract
Alphacolo/SmartContract-Lottery
zaddy6/SmartContract-Lottery
Nikhil8847/SmartContract_lottery
Madhumitha23/SmartContract_Lottery
Agi7an/SmartContract-Lottery
umurislamoglu/smartContract-Lottery
HarshulGaba/SmartContractLottery
algoguy992000/Lottery
CruzMolina/lottery
hryer/Lottery
KostasPe15/Lottery
karadikid/lottery
soragXYZ/lottery
JayeshNaphade/Lottery
drgorb/lottery
rjt1599/Lottery
fjaddison/lottery
troekens/lottery
lajo8136/Lottery
onkar4580/lottery
snagalingam/lottery
paradoux/lottery
ReyVega/Lottery
VladimirTambovtsev/Lottery
francocerino/lottery
delphine0930/lottery
CameronLenartowich/lottery-smart_contracts
akshaykurhekar/Lottery-Smart-Contract
pavondunbar/Lottery
catherinee24/lottery-with-a-smart-contract
nedobylskiy/Lottery
lajosdeme/lottery
aridaisantana/Smart-Contract-Lottery
psuchecki/lottery
maskedtitan08/Lottery
tobifydotdev/Lottery
3ill/Lottery
kesarawimal/lottery-react-app
quocnguyen5/N11-SMART-CONTRACT-LOTTERY
Dolue/Lottery-be-a-winner
ezesundayeze/lottery-smart-contract
trentlottery/TrentLotteryContract
rogerioc/lottery_blockchain_eth
rajdeep-r-a-y/hardhat-smartcontract-lottery
tahasclone/Smart_contract_lottery
asparuhdamyanov/Decentralized-Smart-Contract-Lottery
psalma20/smart_contract_lottery
theblock-dev/Lottery
RyuVictor/hardhat-SmartContract-Lottery-Front-End
EvgeniyBudaev/stephen_grider_lottery
theblockchainlottery/ethereum-lottery-oraclize
Plamen5kov/solidity-smart-contract
EniV90/SmartContract-lottery-FrontEnd
wanixarif/lotteryFrontEnd
Lemmynjash/LotterySmartContractPythonBrownie
yuuttoo/lotterySmartContractFrontEnd
Navin77773/Smart_Contract_Lottery2.0
RohitKS7/nextjs-smartcontract-lottery-frontend
TarekMohammad1/Lottery_Smart_Contracts-Brownie-FrameWorks-
Cassablonka/LotteryContract
sonu12485/Lottery-Contract
Chayapol-c/brownie-lottery
turinglabsorg/LotteryContract
PalakSDarji/LotteryContract
SmartLotteryGames/SmartLotteryGame-SLG-Contract-TRON
Idris0v/contract-lottery
KostadinovK/Lottery-contract
Akshat0102/Lottery-Contract
aykutulis/lottery-contract
Szymanderinio/smartcontract_lottery
sheerrrg/smartvcontract-lottery
aashubisht/Lottery.sol
iceee404/Hardhat-Lottery
fedehsq/nft-lottery
Cloudless67/test-lottery
yvasilyev92/LotteryContract
pirateksh/lottery-contract
thomas192/brownie-lottery
mayankamencherla/Lottery-Contract
devendra-yadav/lottery_smart_contract
Shittu24/Smart-Contract-Lottery
mayankpatidar275/Lottery-smart-contract
mithileshtipkari/Lottery-smart-contract-UI
peri-Bot/Smart-Contract-Lottery
sushantreddycom/lottery-smart-contract
cemil-kerimoglu/Lottery_Smart_Contract
rafboard/hardhat-smart-contract-lottery-fcc
hardiktheprogrammer/lottery-smart-contract
devynnpalmer/smartLottery
kitfud/SmartLottery
yukta-saneja/Raffle-SmartContract
nicuaw/lottery-smart-contract
anishbasnetAB/SmartContract1_Lottery-system
wdiw/SmartContract_Lottery_React_Updated
mannyiagbayani/lottery-dapps
Suyog-Dhakal/NextJS-SmartContract-lottery
akhilparakka/Hardhat-SmartContract-Lottery-App
ubijak3/hardhat-smartContract-lottery-fcc
Maher9596/Ethereum-Blockchain-Lottery-smartContract-
IceCreamSandwich98/NextJs-SmartContractLottery
FurkanSezal/SmartContractLottery-Front-end
Abhigyan-Sh/Lottery-smartContract-Practice2
technophile-04/Lottery-SmartContract-PureRandom
Chizitere01/Hardhat-SmartContract-Lottery-fcc
aryanraj60/Next-Js-SmartContract-Lottery
krakxn/hardhat-smartContract-lottery-1
cromewar/Lottery-SmartContract-V8
sainiganesh15/Hardhat-Testing-Lottery-SmartContract
deep0072/smartContractLottery-FrontEnd
naresh5033/SmartContract_Lottery_APP_Eth
rohitsaikrishnan/smartcontract-lottery
cy4n1d3-p1x3l/NextJs-SmartContractLottery
Bhavya-kh/nextjs-smartContract-lottery-fcc
akhilparakka/NextJs-SmartContract-Lottery
azeezkenny007/Next-js-smartContract-Lottery
Liviu1999/HH-SmartContract-Lottery-FCC
IceCreamSandwich98/Hardhat-SmartContract-Lottery-Final
DorianDaSilva/Raffle-SmartContract-Lottery-backend
bulengerkacper/Lottery-SmartContract-SC1
meigan1007/nextjs-smartContracts-lottery-fcc
xnki7/Lumos-Lottery-SmartContract-Development
tiagocavaco/lottery-smart-contract-solidity
fria-elenaliu/Lottery-smart-contract
sir-josh/react-lottery-smart-contract-
fedehsq/nft-lottery-dapp
shenferhat/Lottery-smart-contract
Gherrer1/ethereum-lottery-smart-contract
khaleeqzaman/Lottery-Smart-Contract-Solidity
ernest404/lottery-smart-contract
AlexanderBZ/Simple-Lottery-Smart-Contract
ChatrolaMit/Lottery-Smart-Contract-
vaasanthk/smart-contract-lottery-nextjs
xKeywordx/hardhat-smart-contract-lottery
vedantupadhye/Lottery-Smart-Contract
deeperic/Smart-Contract-Lottery
mouatassimbn/lottery-smart-contract
TheBokiya/smart-contract-lottery-sample
UkemeSkywalker/Lottery-Smart-Contract
natefoxr/nextjs-smart-contract-lottery
duyhunter1001/lottery-smart-contract
Anwar-Khann/Lottery-Smart-Contract
Deepjyoti-Sarmah/Lottery-Smart-Contract
Harsimanji-singh/smart_contract_lottery
TyllerDaniel/Lottery-Smart-Contract
Ayomide57/hardhat-lottery-frontend
BlackH3art/dLotto-smart-contract
denizumutdereli/lottery-dapp-smart-contract
hashim715/nextjs-smart-contract-lottery
Pofigistsem/hardhat-smart-contract-lottery
alexkalen/Lottery-Smart-Contract
prateeksawhney97/Lottery-Smart-Contract-Ethereum
Zuiluj/lottery-smart-contract
firdisml/lottery-smart-contract
waqas-121/Lottery-Smart-Contract-Solidity
Arijus1979/Smart-Contract-lottery
p0lemarch/hardhat-smart-contract-lottery
ceyonur/lottery-smart-contract
diegoareval/lottery-smart-contract
BastRatat/smart_contract_lottery
ScottSucksAtProgramming/Smart_Contract_Lottery
alfheimrShiven/lottery-smart-contract
marc23gold/foundry-smart-contract-lottery
justinquo/smart-contract-lottery
um4ng-tiw/Solidity-Lottery-Contract
sixDollars/contract
abhay-rana/Lottery-Smart-contract
eslerkang/smart-contract-lottery
Prince-Nawaz/lottery-smart-contract
weidwayne/Smart-Contract-Lottery
Jitumani073/Hardhat-Smartcontract-Lottery-FCC
minhtran241/lottery-contract-truffle-react
JKaterina/hardhat-smart-contract-lottery
kartik-giri/Solidity_smart_contract_projects
amitkumar590/hardhat-smart-contract-lottery
damivazbien/lotterycontract
qSam/EthereumLotteryContract
YuanzheYanggg/brownie_smartcontract_lottery
AliErcanOzgokce/Solidity_Lottery
Shivanshu-Tyagi/Lottary_System-SmartContract
Sumrit512/Decentrailzed-lottery-smart-contract
techdhruval/lottery_smart_contract
Sufyanraza01/Lottery-Smart-Contract-
caokevinc/Smart-Lottery
kd1729/Lottery-Contract
Shubhankar-12/lottery-contract
Rasta669/Lottery_contract
gnoparus/smartcontract-lottery
crpdev/Ethereum-React-LotteryContract
gargikantesaria/lotteryContract-React
kweidner14/Lottery_Contract
saidalbouti99/smartcontract-lottery
dontfollowsean/lottery-smartcontract
yrraadi-io/smartcontract-lottery
ribbons-digital/smartcontract-lottery
kevinszuchet/smartcontract-lottery
Scannty/smart-lottery
DieKant/smartcontract-lottery
maxhr/smart-lottery
cyrustsiu/smartcontract-lottery
saikrishna5907/lottery-smartcontract
aagbotemi/lottery-contract
cherick04/smartcontract-lottery
mattpafford/smartcontract-lottery
zaabu/Smartcontract-lottery
eu-omo9/lottery-smartcontract
Nirajan995/Lottery-Contract
sparsh2706/Lottery-Contract
ahmadmhdyones/lottery-contract
puppetmasterp/smartcontract-lottery
sirlopu/smartcontract-lottery
newguy7/Smart_Lottery
haoyio/smartcontract-lottery
chrispaldev/lotteryContract-React
Mugunth007/Lottery-Smart-Contract
SarahMAmann/smart-contract-lottery
C2OO13/Lottery-Smart-Contract
nishitchittora/lottery-smart-contract-ethereum
Roshan13046/Ethereum_Lottery_Smart_Contract
shashank-mg/Lottery-Smart-Contract
V00D00-child/smart-contract-lottery
cromewar/Lottery-Smart-Contract
utmichael/lottery-smart-contract
zoeschmitt/smart-contract-lottery
Gagan-Chamoli/lottery-smart-contract
thomasviana/lottery_smart_contract
saurabhrajput0/Lottery-smart-contract
swadhinbiswas123/lottery-smart-contract
MatheusMartini/smart_contract_lottery
Talha-Javaid/Lottery-Solidity-Smart-Contract
mubashirhussainkhadim/hardhat-lottery-smart-contract
yashr10/Smart-Contract-Lottery
bidouze/Ethereum_smart_contract_lottery
JKaterina/nextjs-smart-contract-lottery
aungmyokhant2465/smart-contract-lottery
AjayIrkal23/lottery-smart-contract-master
EricTES/smart-contract-lottery
kareemacosta/lottery-smart-contract
ejmorian/hardhat-smart-contract-lottery
A-Mannan/smart-contract-lottery-frontend
Shubhamss105/lottery-smart-contract
sauravchamoli17/Lottery-Smart-Contract
Afewzbro/DecentralizedLottery-smart-contract
zillehuma75/lottery-smart-contract-
shivam6862/Lottery_Smart_Contract
ManishThulung/foundry-lottery-smart-contract
fowardelcac/Lottery-smart-contract
theBatman07/Smart-contract-lottery
husnainumar123/Lottery-smart-contract
regotiss/smart-contract-lottery
TesLake/ethereum_lottery_smart_contract
therealsohail/lottery-smart-contract
abdullahesmael/Solidity-Lottery-Smart-Contract
devmayor/solidity-lottery-smart-contract
shivammsingh/Solidity-Lottery-Smart-Contract-
corleone0007/Lottery_Smart_Contract
Muhammad-Abdullah012/Smart-Contract-Lottery-FCC
drishti2511/Lottery-Smart-Contract
parence/smart-contract-lottery
Phoenix-Aman-Pal/smart-contract-lottery
kloudplanet/nextjs-smart-contract-lottery
jordieshore/Lottery-Smart-Contract
debajit-saha/Lottery-Smart-Contract
Nathaniel01/smart_contract_lottery
zahracolt/lottery-smart-contract
jleg13/Lottery-Smart-Contract
julienbrs/lottery-smart-contract
GeckoCodes/smart-contract-lottery
0xSardius/hardhat-smart-contract-lottery
Jaakal/smart-contract-lottery
kapil4457/Lottery-System-Smart-Contract
mrkartikmishra/blockchain-lottery-smart-contract
astrogin/ink-lottery-smart-contract
Samir-Alam/foundry-smart-contracts-lottery
Kush1406/foundry-smart-contract-lottery
hackerman-peter/foundry-lottery-smart-contract
bengillitt/smart-contract-lottery-backend
tharsank98/Lottery_Smart_Contract
refugedesigns/smart-contract-lottery
Nishanth0203/smart-contract-lottery
Abhishek-2416/Lottery-Smart-Contract
dragonheaven/lottery-smart-contract
ozanknskl/lottery-smart-contract
joshteng/lottery_smart_contract
HagarHaytham/Lottery_Smart_Contract
Talha089/Lottery-Smart-Contracts
whiteapple602/Lottery-smart-contract
ljrahn/smart_contract_lottery
ceodigvijay/lottery-smart-contract
nitro-neal/smart-contract-lottery
Shahmahdi/lottery_smart_contract
ibrahimiltifat/lottery-smart-contract
Qormatic/Chainlink_Lottery_Smart_Contract
0x3agle/smart-contract-lottery
Bezushk0/Smart_contract_lottery
mertzamir/lottery-smart-contract
deependujha/Lottery-smart-contract
Oleksandr-developer/lottery-smart-contract-truffle
byungkwon96/lottery_raffle_smart_contract
godwintrav/Lottery-smart-contract
Shubh-vision/Lottery-Smart-Contract
infosecThinkers/lottery-smart-contract
anmolagarwal025/Blockchain-Lottery-Smart-Contract-
Mobey-eth/Brownie-Smart-contract-Lottery
Bauchibred/nextjs-smart-contract-lottery
sirmanuch0/Lottery-Smart-Contracts
Devvyky/lottery-smart-contract
cody-gawr/smart_contract_lottery
Limitless-Kode/lottery-smart-contract
Know-Thyself/smart-contract-lottery
scarfacedotcom/Lottery-Smart-Contract
Amit7682/Lottery-Smart-Contract
Anushka-1402/Lottery-System-Smart-Contract
justinferber/Lottery-Smart-Contract
KingCathereum/Lottery-smart-contracts
shedrick4570/Foundry-Smart-Contract-Lottery
arslanse9/Lottery-React-Smart-Contract
Ham12-3/Hardhat-smart-contract-lottery
DulquerSumon/Decentralized-Lottery-Smart-Contract
Salutix/hardhat-smart-contract-lottery
alieraay/Smart-Contract-Lottery
ItsPulkit/Lottery_Smart-Contract
lzhan195/hardhat-smart-contract-lottery
MarcosPosseB/foundry-smart-contract-lottery
rachmanaldiansyah/smart-contract-lottery
vasik551/Lottery-Smart-Contract
Viv-Galinari/lottery_smart_contract
PrakharGupta22/Lottery-Smart-Contract
nicolaslazzos/lottery-smart-contract
vazarkra/Lottery-Smart-Contract
pro123908/lottery-smart-contract
LeeHyeonHee/lottery-smart-contract
robin0319/smart_contract_Lottery
rsaSantos/smart-contract-lottery
bangms/lottery-smart-contract
Zenithcoder/simple-lottery-smart-contract
keshari1arya/lottery-with-smart-contract
takaursa/lottery-smart-contract
BlockchainEngineer5916/Lottery-Smart-Contract-Simple
yashnirmal/Lottery-smart-contract
talha-amin/Lottery-Smart-Contract-
Bonderukk/Smart-Contract-Lottery
reste-420/smart_contract_lottery
kamal2283/brownie_lottery_smart_contract
akaashvaa/lottery-smart-contract
yugyogeshpawar/lottery-smart-contract
cjwilliamstech/smart-contract-lottery
KumarLokesh15/Smart-Contract-Lottery
luckyabhishek6/Lottery-Smart-Contract
danfindlay1977/smart-contract-lottery
developeruche/lottery-smart-contract
GIORGl/smart-contract-lottery
souviknsl07/crypto-lottery-smart-contract
ParthAsthana/Lottery-System-Smart--Contract
nyy100604/lottery-smart-contract
prajwal-k1/SimpleLotterySmartContract
RobItu/Hardhat-Smart-Contract-Lottery
widespreadtruck/nextjs-lottery-smart-contract
mansunkasyap/Lottery_Smart_contract_project
69kc/Lottery-Smart-Contract
BishalSunuwar202/Hardhat-Smart-Contract-Lottery
olugbengatalabi/smart-contract-lottery
imranmustafa030/Lottery-Game-Smart-Contract
ThomasHeim11/Foundry-Smart-Contract-Lottery
saairupeshchoudary/smart-Contract-lottery
alex81983/smart-contract-lottery
ItsPulkit/Lottery_Smart-Contract
lzhan195/hardhat-smart-contract-lottery
MarcosPosseB/foundry-smart-contract-lottery
rachmanaldiansyah/smart-contract-lottery
vasik551/Lottery-Smart-Contract
myunghui/project_lottery-smart-contract
br1code/token-lottery-smart-contract
deividroger/lottery_ethereum_smart_contract
chelorope/smart-contract-lottery
mojimich/simple-lottery-smart-contract
