TelegramMessenger/telemint
Hsiang-xxs/Auction
algorand/auction-demo
avolabs-io/nft-auction
yieldprotocol/yield-liquidator-v2
techwithtim/Solidity-NFT-Auction
ShreeVishwa/Auction
pocketinns/PocketinnsContracts
AlmostFancy/true-dutch
samyukthagopalsamy/AuctionSmartContract
XLNT/auction-contracts
fetchai/staking-contract
obinnafranklinduru/Solidity-Smart-Contract
0xAlchemist/flow-auction
penny-auction/smart-contract
tyedem/NFT-AuctionHouse
baedrik/SCRT-sealed-bid-auction
reflexer-labs/geb-keeper-flash-proxy
upandey3/Ethereum-SmartContract
LorranSutter/Auction-Smart-Contract
that83/auction-as
Canonical-LLC/Genesis-Auction-House
WOM-Protocol/Ethereum-DutchAuction
Nimish-M/Auction-SmartContract
shl0ms/CAR-contracts
sanketnighot/NFT-Marketplace-Smart-Contracts
monleru/HonefiDrops
HSG88/VickreyAuction
gsofter/nft-auction-contracts
johnoseni1/Auction-Smart-Contract
trustdomains/trust-auction-contracts
cryshado/nft-auc-contest
mkaya13/Solidity_AuctionHouse_Smart_Contract
anistark/smart-contracts-demo
michaelyychen/solidityAuctionHouse
arianXdev/auction-smart-contract
tzi21/p2p-energy-trading-smart-contracts
thanhpn/ethereum-smart-contract-NFT-auction-template
belane/just-nft
PrivacyWallet/privacy-auction-with-dp
yan-afriyoko-coder/eth-auction-smart-contract
SachinCoder1/Auction_Smart_Contract
trungduyen0220/smart-contracts-auction
jdnichollsc/public-auction
0xdevant/single-nft-auction-sc
Creatorjason/Trade-wares
Rama-007/Combinatorial-auction-using-Smart-Contract
YifanYes/auction-solidity
Sunil112/auction
y2danny/Auction
abhinit2050/auction
Raghav-1078/AuctionContract
raks0078/smartcontract-kickstarter-
githubpps/Auction-smart-contract
hyperfekt/ethereum-auctions
R0bertDenir0/auctionSmartContract
Omprakash8198/Auction_SmartContract_Blockchain
Ultra-Tech-code/Auction-contract
liu-zhipeng/auction-contracts
JoeTonDev/bidding-contract
Al-Qa-qa/english-auction
rubenalbi/auction-smart-contract
Al-Qa-qa/dutch-auction
thisisdubey/Auction-smart
ReckTie/English-auction
Dev-Topaz/Auction-Solidity
kshitij0-0/Auction-on-Solidity
Afaq-Ahsan/English_Auction
djeday123/pr5_smart
Cezar-X/cezarx
marc-aurele-besner/dutch-auction-contract
josephmartinmoran/NFT_Auctions
shakil-99/Auction
jaimebunay/simple_open_auction
apoxes/auction-app
yychen-code/Simple-Auction-Smart-Contract-
sopheaksem1993/BlindAuction
BlakeFunTeis/solidity-dutch-auction
KevinH2810/SmartContract-Auction
sylvainSUPINTERNET/smart-auctionHouse
Trickkkkkkk/Smart-contract
thiluxan-s/auction
astasovsky/Auction
mateoKutnjak/auction
The-Risen-wizard/Auction
Simecekk/AuctionSmartContract
mohitkumartoshniwal/AuctionSmartContract
vaibs28/AuctionSmartContract
wasim162010/AuctionSmartContract
KongVo/AuctionSmartContract
AlexEmets/AuctionSmartContract
CyberVein-official/AuctionSmartContract
alohamora/AuctionSmartContract
zinato/AuctionSmartContract
ProfesorReis/AuctionSmartContract
rohan17012001/AuctionSmartContract
AkshithaCheruku/AuctionSmartContract
JaySernOUM/auctionSystemSmartContract
Khaledshaikh2244/AuctionSmartContract
t4christ/AuctionSmartContract
dmitrytut/eth-auction
Mraza143/Auction.sol
Sandip890/AuctionSmartContractSystem
devrdias/AuctionContract
jraynaldi3/advertion-contract
DavePearce/AuctionContract.wy
DylanOwens-Dev/auctionSmartContract
Nicokkam/DutchAuction
UkemeSkywalker/Dutch-Auction-Smart-Contract
BartekJachowicz/Auction-platform
michaelhly/cdp-auction-contracts
irabeny89/open-auction-contract
jchanunhs/SimpleAuctionSmartContract
deRemo/smartAuction
memez-michalek/Solidity-Auction-SmartContract
AnishGG/Auction-SmartContract
Adarsh-kushwaha/Auction_SmartContract
NobleTuna/SmartContract_Practice_Auction
KevinH2810/dutchAuction-smartContract
jpbharti88/Auction-SmartContract
Raj-Mehta2012/SmartContract_DutchAuction
Apoorav29/SmartContract_Auctions
Alexandre-MRG/Ethereum-SmartContract-Auctions
marvelous-007/BlindAuction_smartContract
Rajeevraj1234/Auction-SmartContract-Blockchain
Kunalgarg2100/Auction-SmartContract
lvlFarrukh/Auction-SmartContract-App
mynameishaheer/Auction_SmartContract-Solidity
LeoGrau/Auction-SmartContract
AshwiniRangnekar/SmartContract-Auction
axatbhardwaj/English-auction-smartcontract
rahul70392/Pocketinns
Slava191/dutch-auction
mourya317-EthereumDapps/Auction-SmartContract
kabl/speculator-auction
LordCheta/smartAuction
JacobJ215/martian-auction
Thileepan-Ilankumaran/Test_Auction_Audit
calliope-bcnhack/calliope
MitchTODO/auctionable-ERC721
LalaYun/NFT_AuctionContract
leo-cube/Auction-Transfer_Ownership-Solidity-Smart-Contract
i-link-pro-team/shared-asset
0xValerius/auctions-contracts
SunidhiChattar/Auction.sol
AlexeyInc/NewsTokenERC20_Auction
cemil-kerimoglu/Auction_Smart_Contract
user51484984564/SmartContractBasedElectricityAuction
akashtiwariat/SmartContractForAuctionSystem
SoumalyaCoder/My-SmartContracts
Naved2019khan/Auction-System-with-smart-contract
eherrador/auctionsubgraph
Polygon-Fast-Lane/atlas
karthikeya-kotegar/auction-contract
ronylucca/auction-contracts
AuxPlatform/auction-contracts
MahmoudAlyy/Blind-Auction-Smart-Contract
gadgetboy27/auction_smart_contracts
consynor/Auction-Smart-Contract-UI
vasasharath/Auction-Smart-Contract
datazen07/Auction-Smart-contract
Harshad1863/Auction_Smart_contract
bhaskerrai/auction-smartcontract
Ayodele-Omodun/Auction-smart-contract
SachinCoder1/Auction-Smart-Contract-Assignment
irabeny89/blind-auction-contract
jganobsik/Auction-Contract
mannyiagbayani/auction-smart-contract
Krishduttm/auction-smart_contract
sauravkr20/Auction_smart_contract
tomasjon1/auction-smart-contract
ademolahh/Auction-Smart-Contract
sholajegede/Auction-Smart-Contract
xPtrrj/auction-smart-contract
Flame-eth/Online-Auction-Smart-Contract
hoanglong45/simple-auction-contract
Danila-cloud/dutch-auction-contract
kushanthakur/auction_smart_contract
calistus-igwilo/smart-contract-auction
corleone0007/Auction_Smart_Contract
karthikchintapalli/auction-smart-contract
andrescrd/auction-smart-contract
Shubhangii1/Dutch-Auction-Smart-contract
harjeetsangwan/Auction-smart-contract
Realkayzee/auction-smart-contract
jtwicked96/Auction-Smart-Contract
Pramay-vlog/Auction-Smart-contract
profullstackdeveloper/nft-auction-smart-contract
bhakti0302/Smart-Contract--Auction.sol
seanmayer/Auction-Smart-Contract
michaelorina/online-auction-smart-contract
mannyiagbayani/auction-smart-contract
Krishduttm/auction-smart_contract
tomasjon1/auction-smart-contract
sauravkr20/Auction_smart_contract
ademolahh/Auction-Smart-Contract
sholajegede/Auction-Smart-Contract
xPtrrj/auction-smart-contract
Flame-eth/Online-Auction-Smart-Contract
rishabhpanwar05/Auction_Smart_Contract
IitianAbhi/Auction_Smart_Contract
diyapatel241/Auction-Smart-Contract
anas-ismail273/Blind-Auction-Smart-Contract
nftmakerio/Cardano-Smart-Contract-Auctions
MohammadHarisZia/Auction_Smart_Contract
mylesgamez/Cardano-Auction-Smart-Contracts
dante-robinson/Dutch-Auction-Contract
adit2998/Smart-Contract-for-auctioning
ThatsRajeev/Auction-Smart-Contract
sanyam810/Auction_Smart_Contract
bleso-a/auction-smart-contract
tkdwnssla/simple-auction-smart-contract
Abhishek-1624/Auction-Smart-Contract
ggulaman/auction-smart-contracts
DiegoArcelli/Blind-Auction-Smart-Contract
LkingForW/Solidity_Auction_Smart_Contract
Acp-Pradhyuman/auction-smart-contracts-
basharat949/Auction_Smart_contract
AhsenRiaz/Dutch_Auction_Smart_Contract
geeky-sambhav/Auction-Smart-Contract
siddhisattur/Auction-Smart-Contract
aravind33b/Dutch-Auction-smart-contract
ThanhTung2410/auction-smart-contract
richakushwaha/Auction-Smart-Contract
ThomasDre/Demo-Auction-Smart-Contract
Shubhangii1/English-Auction-Smart-Contract
CodingIsaac/English-Auction-Smart-Contract-
Sumer312/Auction-smart-contract
oldhand7/smart-contracts-auction
developeruche/auction-contract-nft
RuslanBilyk/Auction_smart-contract
Jaylukmann/SimpleAuction-smart-contract
CryptoGuy1/Auction-Smart-Contract
ittechman101/Auction-Smart-Contract
Sandip890/Auction-Smart-Contract-System
Marat20/Auction-smart_contract
waytoashutosh/Auction-Smart-Contract
ashhar001/Auction-Smart-Contract
eltondornelas/auction-smart-contract
kasrus/Auction_smart_contract
Akshat-cs/Auction-Smart-Contract
zeeshanmnawaz786/Auction-Smart-Contract
umee007/Auction-Smart-Contract
ravsodhi/auction-smart-contract
Akshat-Saklecha/Auction-Smart-Contract
nick-lazzari/Auction-Smart-Contract
brodiegould/Blind-Auction-Smart-Contract
Majumder99/auction-smart-contract
sumit-kumar-jha1709/Auction-Smart-Contract
samitannir/SOLIDITY-AUCTION-SMART-CONTRACT
Yogisam72/Auction-Smart-Contract
kireeti-r/Auction-Smart-Contract
ravlof/Smart-contract-auction
Lyappunov/AvalancheSmartContracts-auction-
Dev-Topaz/Auction-smart-contract
Filipwale/Auction-Smart-Contract
jyogesh17/Auction-Smart-Contract
AhsenRiaz/English_Auction_Smart_Contract
CNDvn/Auction-with-smart-contract
RaihanArdianata/Auction-Smart-Contract
bossboy914/Sothebys-Auction-Smart-Contract
nnomier/Auction-Smart-Contract
harahash/small-auction-smart-contract
tonyhoangtran92/Smart-Contract-_-English-Auction
kacperwr00/smart-contract-auction-system
reaahae/Auction-Smart-Contract_BCT
ades-del/Auction-House-smart-contract
sandeep-prajapatii/Auction-Smart-Contract
luissanchez0305/auction_smart_contract
AbdulrahmanMasoud/auction-smart-contract
kacperwr00/smart-contract-auction-system
sandeep-prajapatii/Auction-Smart-Contract
ades-del/Auction-House-smart-contract
reaahae/Auction-Smart-Contract_BCT
pweimer4/SolidityAuctionContract
tassisa/AuctionApp
harsh9500/Auction-Smart-Contract
alahirajeffrey/simple-auction-smart-contract
ernest404/online-auction-smart-contract
shaktiiii/Auction-Smart-Contract
0xBear999/Ether-Auction-Contract
shanzson/Simple-Farmer-Auction-on-Ethereum-Blockchain
ChenYizhu97/AuctionDapp
yanikitat/auctionEnginge
ViharGandhi/AuctionSystemMadeInSmartContract
mk6619/AuctionSystem
vagdonic/smart-contracts
tulLazy/Open_auction_solidity_smart_contract
strogiyotec/simple-auction
bhargav933/online_auction
xovest/nft-auctions
EmirGuvenni/Vickrey-Auction
Dip11/Blockchain-Based-Auction-Smart-Contract
evyhsiao/online-auction
manish7534/DutchAuction
hoangsonbk/auction-blockchain
amenehmn/NFT-Auction
manav-vagdoda/smart-contracts
Danila-cloud/auction-algorand
dotrungkien/clarity-auction
lucashflores/nft-auction
starboard-ventures/BDX-auction
PanchenkoAnton/DutchAuction
Aniket2131/SimpleAuction
samdann/smartContracts
Ruggiero-Santo/SmartAuction
ahmedhammad97/Smart-Auction
sr2151/MartianMarket
HelloHaoWu/For5.1
ashwath129/Decentralized-Blockchain-Auction-Smart-Contract---Solidity
Saferico/Auction-House-smart-contract-security-Audit
sudeepb02/cryptokitties-siringauction
IRBAIRMEEN/BLIND-AUCTION--ROSCA
ZohairAbbas/Blockchain-Project
AGupta15/Ether-Auction-House
JiandeLi1/hardhat-auction-house
sgcroteau/cardanoAuctionNFT
chlxt/OpenAuctionContract
chlxt/BlindAuctionContract
MCBurda/erc1155_auction_contract
xycloo/soroban-dutch-auction-contract
allanokothdev/Decentralized-Blind-Auction
godwintrav/auction_contract
aagbotemi/auction-contract
vkpatva/Auction-Contract
rajkumarpandiaraj/Auction_smart_contract_using_solidity
aagbotemi/smart-contract-audit-report
hilaryohilary/Auction-Contract
vishalburri/Vyper---combinatorial-auction-smart-contract
Bidify/Smart-contract-Bino-Edition
AleksanderB-hub/Dutch-Auction-Using-Smart-Contract
duguorong009/terra-smart-contract-ticket-auction
samwilliamsprojects/Vyper-Dutch-Auction-Smart-Contract
denizumutdereli/ebay-like-auction-smart-contract
seven-barks/Smart-Contract-for-Heterogeneous-Auction
Rutwik99/Vickrey-Auction-Using-Smart-Contract
ameersaleh45/Ethereum-sealed-auction-smart-contract
mdinamulhasan-blockchain/Blind-Auction-Smart-contract-solidity
user51484984564/ElectricityAuctionSmartContractABI
developeruche/nft-audtion-smart-contract
KKatkar/Blockchain-smartContract
sreechow/Solidity_SmartContracts
auctpool-tech/auctpool-contracts
NiftyApes/hsla-contracts
anirudh3171/Auction-Contracts
devendran-m/Auction
shivansh786/Auction
Lieu98/IPL_Auction_Blockchain
million-pieces/smart-contracts
mcmuralishclint/Auction-for-Fundraising-for-a-Social-Cause
darubiomunoz/smartcontract-simpleauction
bhuvanmalik007/truffle-auction
0xBogo/aptos-auction
nuthan2x/Ebay_Auction_contract
Goldenugget/AUCTION_Gateway_Contract
Diegoescalonaro/auction-smartcontract
CharanRajG/Ebay_Auction_contract
git-token/auction-ui
ezeurqueta/simpleAuction
eosforks/EOSIO-AUCTIONS
liu-zhipeng/auction-api
tlylt/dapp-auction
VickenMat/DutchAuction
sarthak9426/OpenAuction
ckyriakos/auction-dapp
anshik1998/bid-auction
Xenonar/PytealAuction
juanlucasl/solidity-auction
gianniskok/DutchAuction
manish7534/All_Auction
GuutBoy/EtherAuction
Hagar-Usama/blindAuction
RishalEP/NFT-Auction
Chococoin/ChocoAuction
nikbhintade/decentrailzedAuction
arnavk1872/SC_auction
KorenOdelia/VickreyAuction
rudreshsolanki97/onlineAuction
u3572069/Chinese-Auction
Ginika-Chinonso/Blind-Auction
Iancu15/deAuction
VicentevonEverec/Auction-Blockchain
Cyber-Mitch/smartcontract_sealBidAuction
obsidiansystems/lazy-minting
raj4tshenoy/AuctionBLockchain
rkarcade/auction_smartcontract
raiyanmook27/AuctionApp
MosesSupposes/Block-Chain-Auctions
chaidop/auctionPage
nisacharan/Smart-Contract-for-an-Auction-System
KushagraSingh02/Smart-Contracts---NFT-Auction-and-Banking-
MayssaraOmar/A-Simple-Auction
hillarymangena/Smart-Contract-for-a-Conventional-Auction
haitien/Project20182-Auction-smart-contract-demo
EuanRaill/BLOCKCHAIN-Working-Auction-House-Smart-Contract-Solidity-
ZeshunShi/SC4CloudAuction
Vivek123-stack/Auction-via-Smart-Contract-in-Blockchain
ZloyBaklan/blockchain_test_coin_auction
lollobene/algorand-beaker-auction
devival/nextjs-advertisement-auction
dev-tom-0108/Raffle-Auction_audited_code
Sufyanraza02/Auction-Smart-Contract---Solidity-0.4.24
Varshini98/Smart-Contract-of-Auction-for-Fundraising
PabloLinaresGarrido/Smart-Contract-For-a-Simple-Open-Auction
Kaisle/DollarAuctionSolidity
Brgndy25/near-nft-auction
SagarSikchi/Simple-Farmer-Auction-using-Ethereum-Smart-Contracts
MonicaSai7/Blockchain-Based-E-Auction-using-Smart-Contract
hschickdevs/simple-auction-dapp
makeev/solidity-nft-auction
shanzson/Simple-Farmer-Auction-using-Ethereum-Smart-Contracts
PabloLinaresGarrido/Smart-Contract-For-a-Blind-Auction
gperezvillar1975/scba-auction-ethereum
floranguyen0/nft-marketplace
valentinvuk/solidity-bets-and-auctions
ArminZahedani/double_auction_cairo
TDD-Solidity/Auction-TDD-Exercise
brigide/solidity-auction-system
Trent122/Solidity-Advanced-Auction
Mantavyajain30/Auction-for-fundraising-Blockchain-
adesu7/AuctionHouse-Solidity
tadash10/auction-smart-contrac
notildore/smart_auction_DA2
CassadyCampos/smartcontract-auction-bidding
kinghamid-a/Solidity-Auction-Contract
notdon/Solidity-Auction-Contract
lathi500/Auction-Contract-Dos-attack
Sufyanraza50/Auction-Smart-Contract-Source-Code-0.7.0
Saketspradhan/AlgoBharat-One-and-Zero
dldmarnell/myad-market
Taaani/ebay_smart_contract
PanGan21/auctionplace
danenbm/fintech-p3-nth-price-auction
ncantu/giftCoin
weijiekoh/hireme
rhinofi/nec-engine
promisinghan/martian
Airine/CAStock
vneetcom/mocktion
swapnilnarad2000/Blockchain-Assignment-3
rabbabansh/AuctionBlockchain
josefilipemartins/Decentralized-Marketplace
ebellocchia/nft_managers
reflexer-labs/geb-surplus-auction-trigger
dicethedev/auction-contract
BavyaBalakrishnan/Blockchain-based-Bidding-system
WhiteOakKong/deadjira
JoWxW/Vickrey-Auction
nikhil6m/Open-Auction
theyashmathur/nftAuction
HaPPygitdev/Dutch-Auction
abdullahaahmed0539/Decentralized-Auction
punisher03/Decentralized-Auction
sohhar/auction-app
devival/advertisement-auction
ronylucca/auction-api
JakubKub13/English_Auction
nikhil6m/Open-Auction
theyashmathur/nftAuction
1m1-github/FairAuction
eu09/zora-woocommerce
Ardeshir-Shon/BlindAuction
mrbelgacem/auction_app
pclaypoole/Auto_Auction
ruymaster/auction-game
darubiomunoz/smartcontract-blindauction
SnehilVukkusila/E-bidding-auction-system-smart-contracts-with-Ethereum-Blockchain-
thekinggpin/A-Smart-Contract-based-Blockchain-DApp-for-Auctions
LucasMSg/Smart-Contracts-For-Auctions-From-Experimental-Assessment-To-Privacy
shl0k28/Auction_System_Demo_Solidity
dogstarcoin/auction-soroban-sc
dejvid998/Auction-for-Social-Cause
FrankMaseo/FluidAuctionBidder
reflexer-labs/geb-collateral-auction-throttler
amologoko/UniformPriceAuction
michaelsmueller/gloom
tonypottera24/m-1st_auction_py
tonypottera24/m-1st_auction_sol
fahaddev679/Estore-Auction
yarode/coursera-auction
tathagatoroy/Auction-House
moinuddin14/vyper_auction_demo
Ava33343/Supersonic_Deals
PhilipWaddilove/loan_syndication_on_blockchain
EuanRaill/BLOCKCHAIN-Semi-functional-Auction-Front-End
scarfacedotcom/NFT-Auction
CreatifyPlatform/marketplace
olivier7delf/ethereum-solidity-programming
akshay-azblock/MetaNFT
SiddarthVijay/QueenAnnesRevenge
851262964/NFT-ART
realChainLife/EWA-Token
jatins13/Penny-Social---Blockchain-Solution
mansiDandgaval01/Final-Examination-FST-Symbiosis-
dgndao/ido-ux-remastered
york-yang-me/EShop
alirezapsr/NFT-MarketPlace
alexpoe22/solidityUIMockup
promisinghan/martian-market
gitter-badger/shop-token
safak-kurdoglu/Auction-project-Smart-Contract-in-Solidity-Truffle-with-nodeJS-and-ReactJS
remstondsa7/Auction-for-Fundraising-for-a-Social-Cause-with-Ethereum-Smart-contract
absenceofnunchi/Solirey
polarysfundation/PolarysExchange
sathish596/Design-and-Development-of-Smart-Contract-in-Auction-for-Fundraising-for-a-Social-Cause
feller0107/solidity-smart-contracts
mixy98e/bct-auction-dapp
Diegoescalonaro/auction-truffle-box
HabeebuddinMir/crypto-dutch-auction
abhivick07/GetYourBid
Heriels-Sun/DaAuction_ChainBrakers
kashyap-datta/dutch-auction-dapp
Tarunz2002/SimpleAuction-Solidity
michaelsmueller/gloom-core
huztfq/ReverseBid
aaracelisanzvanilla/rarities-auction
codewithpatelo/auctionfity_back
Patralekha/Chinese-Auction
celiakwan/cw20-bid
RichardPy02/decentralized_shop
clydedacruz/nft_marketplace
michaelsmueller/gloom-interface
aqsa-irfan/-NFT-MarketPlace
bcryptop2p/nina-nft-marketplace
codebuster22/bankchain
SabahatJK/MartianLandMarket
simhaonline/Portfolio
animeshbhatt651/NFT-Marketplace-hackathon-ribble
succorcoin/succor-nft
MarvelCinematic/mcu
MarvelCinematic/0x3c44f901a44825a13fce4948475a54acddb3ba81
HimalayaLabs/DGCAMP-Summary
Mdshobu/Liberty-House-Club-Whitepaper
